[ 2017-12-24T00:00:21+08:00 ] 192.168.35.209 /shop2/Public/Home/pc/jsmin/base.js?1607171729.25
INFO: [ app_init ] --START--
INFO: Run Behavior\BuildLiteBehavior [ RunTime:0.000011s ]
INFO: [ app_init ] --END-- [ RunTime:0.000305s ]
ERR: 无法加载模块:Public

[ 2017-12-24T00:00:21+08:00 ] 192.168.35.209 /shop2/Public/Home/pc/jsmin/page/account/setPersonal/setPersonal.js?1607171729.25
INFO: [ app_init ] --START--
INFO: Run Behavior\BuildLiteBehavior [ RunTime:0.000010s ]
INFO: [ app_init ] --END-- [ RunTime:0.000303s ]
ERR: 无法加载模块:Public

[ 2017-12-24T00:00:21+08:00 ] 192.168.35.209 /shop2/Public/Home/pc/jsmin/page/account/common/job.js?1607171729.25
INFO: [ app_init ] --START--
INFO: Run Behavior\BuildLiteBehavior [ RunTime:0.000010s ]
INFO: [ app_init ] --END-- [ RunTime:0.000294s ]
ERR: 无法加载模块:Public

[ 2017-12-24T00:00:21+08:00 ] 192.168.35.209 /shop2/Public/Home/pc/jsmin/page/pcenter/common/navbar.js?1607171729.25
INFO: [ app_init ] --START--
INFO: Run Behavior\BuildLiteBehavior [ RunTime:0.000008s ]
INFO: [ app_init ] --END-- [ RunTime:0.000223s ]
ERR: 无法加载模块:Public

[ 2017-12-24T00:00:21+08:00 ] 192.168.35.209 /shop2/Public/Home/pc/jsmin/page/account/common/area.js?1607171729.25
INFO: [ app_init ] --START--
INFO: Run Behavior\BuildLiteBehavior [ RunTime:0.000008s ]
INFO: [ app_init ] --END-- [ RunTime:0.000224s ]
ERR: 无法加载模块:Public

[ 2017-12-24T00:00:36+08:00 ] 192.168.35.209 /shop2/Public/Home/pc/jsmin/page/account/setPersonal/setPersonal.js?1607171729.25
INFO: [ app_init ] --START--
INFO: Run Behavior\BuildLiteBehavior [ RunTime:0.000010s ]
INFO: [ app_init ] --END-- [ RunTime:0.000252s ]
ERR: 无法加载模块:Public

[ 2017-12-24T00:00:36+08:00 ] 192.168.35.209 /shop2/Public/Home/pc/jsmin/page/account/common/job.js?1607171729.25
INFO: [ app_init ] --START--
INFO: Run Behavior\BuildLiteBehavior [ RunTime:0.000009s ]
INFO: [ app_init ] --END-- [ RunTime:0.000216s ]
ERR: 无法加载模块:Public

[ 2017-12-24T00:00:36+08:00 ] 192.168.35.209 /shop2/Public/Home/pc/jsmin/base.js?1607171729.25
INFO: [ app_init ] --START--
INFO: Run Behavior\BuildLiteBehavior [ RunTime:0.000015s ]
INFO: [ app_init ] --END-- [ RunTime:0.005278s ]
ERR: 无法加载模块:Public

[ 2017-12-24T00:00:36+08:00 ] 192.168.35.209 /shop2/Public/Home/pc/jsmin/page/account/common/area.js?1607171729.25
INFO: [ app_init ] --START--
INFO: Run Behavior\BuildLiteBehavior [ RunTime:0.000012s ]
INFO: [ app_init ] --END-- [ RunTime:0.023351s ]
ERR: 无法加载模块:Public

[ 2017-12-24T00:00:37+08:00 ] 192.168.35.209 /shop2/Public/Home/pc/jsmin/page/pcenter/common/navbar.js?1607171729.25
INFO: [ app_init ] --START--
INFO: Run Behavior\BuildLiteBehavior [ RunTime:0.000014s ]
INFO: [ app_init ] --END-- [ RunTime:0.000372s ]
ERR: 无法加载模块:Public

[ 2017-12-24T00:01:13+08:00 ] 192.168.35.209 /shop2/Public/Home/pc/jsmin/base.js?1607171729.25
INFO: [ app_init ] --START--
INFO: Run Behavior\BuildLiteBehavior [ RunTime:0.000010s ]
INFO: [ app_init ] --END-- [ RunTime:0.000268s ]
ERR: 无法加载模块:Public

[ 2017-12-24T00:01:13+08:00 ] 192.168.35.209 /shop2/Public/Home/pc/jsmin/page/account/setPersonal/setPersonal.js?1607171729.25
INFO: [ app_init ] --START--
INFO: Run Behavior\BuildLiteBehavior [ RunTime:0.000010s ]
INFO: [ app_init ] --END-- [ RunTime:0.000315s ]
ERR: 无法加载模块:Public

[ 2017-12-24T00:01:13+08:00 ] 192.168.35.209 /shop2/Public/Home/pc/jsmin/page/account/common/job.js?1607171729.25
INFO: [ app_init ] --START--
INFO: Run Behavior\BuildLiteBehavior [ RunTime:0.000012s ]
INFO: [ app_init ] --END-- [ RunTime:0.000477s ]
ERR: 无法加载模块:Public

[ 2017-12-24T00:01:13+08:00 ] 192.168.35.209 /shop2/Public/Home/pc/jsmin/page/account/common/area.js?1607171729.25
INFO: [ app_init ] --START--
INFO: Run Behavior\BuildLiteBehavior [ RunTime:0.000011s ]
INFO: [ app_init ] --END-- [ RunTime:0.000316s ]
ERR: 无法加载模块:Public

[ 2017-12-24T00:01:13+08:00 ] 192.168.35.209 /shop2/Public/Home/pc/jsmin/page/pcenter/common/navbar.js?1607171729.25
INFO: [ app_init ] --START--
INFO: Run Behavior\BuildLiteBehavior [ RunTime:0.000010s ]
INFO: [ app_init ] --END-- [ RunTime:0.000317s ]
ERR: 无法加载模块:Public

[ 2017-12-24T00:01:28+08:00 ] 192.168.35.209 /shop2/Public/Home/pc/jsmin/base.js?1607171729.25
INFO: [ app_init ] --START--
INFO: Run Behavior\BuildLiteBehavior [ RunTime:0.000008s ]
INFO: [ app_init ] --END-- [ RunTime:0.000234s ]
ERR: 无法加载模块:Public

[ 2017-12-24T00:01:28+08:00 ] 192.168.35.209 /shop2/Public/Home/pc/jsmin/page/account/common/area.js?1607171729.25
INFO: [ app_init ] --START--
INFO: Run Behavior\BuildLiteBehavior [ RunTime:0.000011s ]
INFO: [ app_init ] --END-- [ RunTime:0.000277s ]
ERR: 无法加载模块:Public

[ 2017-12-24T00:01:28+08:00 ] 192.168.35.209 /shop2/Public/Home/pc/jsmin/page/pcenter/common/navbar.js?1607171729.25
INFO: [ app_init ] --START--
INFO: Run Behavior\BuildLiteBehavior [ RunTime:0.000009s ]
INFO: [ app_init ] --END-- [ RunTime:0.000236s ]
ERR: 无法加载模块:Public

[ 2017-12-24T00:01:28+08:00 ] 192.168.35.209 /shop2/Public/Home/pc/jsmin/page/account/common/job.js?1607171729.25
INFO: [ app_init ] --START--
INFO: Run Behavior\BuildLiteBehavior [ RunTime:0.000020s ]
INFO: [ app_init ] --END-- [ RunTime:0.001520s ]
ERR: 无法加载模块:Public

[ 2017-12-24T00:01:28+08:00 ] 192.168.35.209 /shop2/Public/Home/pc/jsmin/page/account/setPersonal/setPersonal.js?1607171729.25
INFO: [ app_init ] --START--
INFO: Run Behavior\BuildLiteBehavior [ RunTime:0.000008s ]
INFO: [ app_init ] --END-- [ RunTime:0.000215s ]
ERR: 无法加载模块:Public

[ 2017-12-24T00:04:00+08:00 ] 192.168.35.209 /shop2/Public/Home/pc/jsmin/base.js?1607171729.25
INFO: [ app_init ] --START--
INFO: Run Behavior\BuildLiteBehavior [ RunTime:0.000015s ]
INFO: [ app_init ] --END-- [ RunTime:0.000371s ]
ERR: 无法加载模块:Public

[ 2017-12-24T00:04:00+08:00 ] 192.168.35.209 /shop2/Public/Home/pc/jsmin/page/pcenter/common/navbar.js?1607171729.25
INFO: [ app_init ] --START--
INFO: Run Behavior\BuildLiteBehavior [ RunTime:0.000012s ]
INFO: [ app_init ] --END-- [ RunTime:0.000351s ]
ERR: 无法加载模块:Public

[ 2017-12-24T00:04:00+08:00 ] 192.168.35.209 /shop2/Public/Home/pc/jsmin/page/account/setPersonal/setPersonal.js?1607171729.25
INFO: [ app_init ] --START--
INFO: Run Behavior\BuildLiteBehavior [ RunTime:0.000010s ]
INFO: [ app_init ] --END-- [ RunTime:0.000308s ]
ERR: 无法加载模块:Public

[ 2017-12-24T00:04:00+08:00 ] 192.168.35.209 /shop2/Public/Home/pc/jsmin/page/account/common/job.js?1607171729.25
INFO: [ app_init ] --START--
INFO: Run Behavior\BuildLiteBehavior [ RunTime:0.000011s ]
INFO: [ app_init ] --END-- [ RunTime:0.000347s ]
ERR: 无法加载模块:Public

[ 2017-12-24T00:04:00+08:00 ] 192.168.35.209 /shop2/Public/Home/pc/jsmin/page/account/common/area.js?1607171729.25
INFO: [ app_init ] --START--
INFO: Run Behavior\BuildLiteBehavior [ RunTime:0.000011s ]
INFO: [ app_init ] --END-- [ RunTime:0.000276s ]
ERR: 无法加载模块:Public

[ 2017-12-24T00:04:11+08:00 ] 192.168.35.209 /shop2/Public/Home/pc/jsmin/page/pcenter/common/navbar.js?1607171729.25
INFO: [ app_init ] --START--
INFO: Run Behavior\BuildLiteBehavior [ RunTime:0.000012s ]
INFO: [ app_init ] --END-- [ RunTime:0.004406s ]
ERR: 无法加载模块:Public

[ 2017-12-24T00:04:11+08:00 ] 192.168.35.209 /shop2/Public/Home/pc/jsmin/page/account/common/job.js?1607171729.25
INFO: [ app_init ] --START--
INFO: Run Behavior\BuildLiteBehavior [ RunTime:0.000013s ]
INFO: [ app_init ] --END-- [ RunTime:0.000294s ]
ERR: 无法加载模块:Public

[ 2017-12-24T00:04:11+08:00 ] 192.168.35.209 /shop2/Public/Home/pc/jsmin/page/account/common/area.js?1607171729.25
INFO: [ app_init ] --START--
INFO: Run Behavior\BuildLiteBehavior [ RunTime:0.000010s ]
INFO: [ app_init ] --END-- [ RunTime:0.000266s ]
ERR: 无法加载模块:Public

[ 2017-12-24T00:04:11+08:00 ] 192.168.35.209 /shop2/Public/Home/pc/jsmin/base.js?1607171729.25
INFO: [ app_init ] --START--
INFO: Run Behavior\BuildLiteBehavior [ RunTime:0.000015s ]
INFO: [ app_init ] --END-- [ RunTime:0.014585s ]
ERR: 无法加载模块:Public

[ 2017-12-24T00:04:11+08:00 ] 192.168.35.209 /shop2/Public/Home/pc/jsmin/page/account/setPersonal/setPersonal.js?1607171729.25
INFO: [ app_init ] --START--
INFO: Run Behavior\BuildLiteBehavior [ RunTime:0.000012s ]
INFO: [ app_init ] --END-- [ RunTime:0.000342s ]
ERR: 无法加载模块:Public

[ 2017-12-24T00:04:16+08:00 ] 192.168.35.209 /shop2/Public/Home/pc/jsmin/page/account/setPersonal/setPersonal.js?1607171729.25
INFO: [ app_init ] --START--
INFO: Run Behavior\BuildLiteBehavior [ RunTime:0.000047s ]
INFO: [ app_init ] --END-- [ RunTime:0.000941s ]
ERR: 无法加载模块:Public

[ 2017-12-24T00:04:16+08:00 ] 192.168.35.209 /shop2/Public/Home/pc/jsmin/page/account/common/job.js?1607171729.25
INFO: [ app_init ] --START--
INFO: Run Behavior\BuildLiteBehavior [ RunTime:0.000014s ]
INFO: [ app_init ] --END-- [ RunTime:0.000403s ]
ERR: 无法加载模块:Public

[ 2017-12-24T00:04:16+08:00 ] 192.168.35.209 /shop2/Public/Home/pc/jsmin/base.js?1607171729.25
INFO: [ app_init ] --START--
INFO: Run Behavior\BuildLiteBehavior [ RunTime:0.000010s ]
INFO: [ app_init ] --END-- [ RunTime:0.000337s ]
ERR: 无法加载模块:Public

[ 2017-12-24T00:04:16+08:00 ] 192.168.35.209 /shop2/Public/Home/pc/jsmin/page/account/common/area.js?1607171729.25
INFO: [ app_init ] --START--
INFO: Run Behavior\BuildLiteBehavior [ RunTime:0.000040s ]
INFO: [ app_init ] --END-- [ RunTime:0.000855s ]
ERR: 无法加载模块:Public

[ 2017-12-24T00:04:16+08:00 ] 192.168.35.209 /shop2/Public/Home/pc/jsmin/page/pcenter/common/navbar.js?1607171729.25
INFO: [ app_init ] --START--
INFO: Run Behavior\BuildLiteBehavior [ RunTime:0.000010s ]
INFO: [ app_init ] --END-- [ RunTime:0.000242s ]
ERR: 无法加载模块:Public

[ 2017-12-24T00:21:50+08:00 ] 192.168.35.209 /shop2/Public/Home/pc/jsmin/page/account/common/area.js?1607171729.25
INFO: [ app_init ] --START--
INFO: Run Behavior\BuildLiteBehavior [ RunTime:0.000009s ]
INFO: [ app_init ] --END-- [ RunTime:0.000337s ]
ERR: 无法加载模块:Public

[ 2017-12-24T00:21:50+08:00 ] 192.168.35.209 /shop2/Public/Home/pc/jsmin/page/account/common/job.js?1607171729.25
INFO: [ app_init ] --START--
INFO: Run Behavior\BuildLiteBehavior [ RunTime:0.000008s ]
INFO: [ app_init ] --END-- [ RunTime:0.000213s ]
ERR: 无法加载模块:Public

[ 2017-12-24T00:21:50+08:00 ] 192.168.35.209 /shop2/Public/Home/pc/jsmin/base.js?1607171729.25
INFO: [ app_init ] --START--
INFO: Run Behavior\BuildLiteBehavior [ RunTime:0.000014s ]
INFO: [ app_init ] --END-- [ RunTime:0.001275s ]
ERR: 无法加载模块:Public

[ 2017-12-24T00:21:51+08:00 ] 192.168.35.209 /shop2/Public/Home/pc/jsmin/page/account/setPersonal/setPersonal.js?1607171729.25
INFO: [ app_init ] --START--
INFO: Run Behavior\BuildLiteBehavior [ RunTime:0.000009s ]
INFO: [ app_init ] --END-- [ RunTime:0.000284s ]
ERR: 无法加载模块:Public

[ 2017-12-24T00:21:51+08:00 ] 192.168.35.209 /shop2/Public/Home/pc/jsmin/page/pcenter/common/navbar.js?1607171729.25
INFO: [ app_init ] --START--
INFO: Run Behavior\BuildLiteBehavior [ RunTime:0.000012s ]
INFO: [ app_init ] --END-- [ RunTime:0.000456s ]
ERR: 无法加载模块:Public

[ 2017-12-24T00:23:07+08:00 ] 192.168.35.209 /shop2/Public/Home/pc/jsmin/page/account/common/job.js?1607171729.25
INFO: [ app_init ] --START--
INFO: Run Behavior\BuildLiteBehavior [ RunTime:0.000015s ]
INFO: [ app_init ] --END-- [ RunTime:0.000828s ]
ERR: 无法加载模块:Public

[ 2017-12-24T00:23:07+08:00 ] 192.168.35.209 /shop2/Public/Home/pc/jsmin/page/account/setPersonal/setPersonal.js?1607171729.25
INFO: [ app_init ] --START--
INFO: Run Behavior\BuildLiteBehavior [ RunTime:0.000014s ]
INFO: [ app_init ] --END-- [ RunTime:0.000487s ]
ERR: 无法加载模块:Public

[ 2017-12-24T00:23:07+08:00 ] 192.168.35.209 /shop2/Public/Home/pc/jsmin/base.js?1607171729.25
INFO: [ app_init ] --START--
INFO: Run Behavior\BuildLiteBehavior [ RunTime:0.000009s ]
INFO: [ app_init ] --END-- [ RunTime:0.000344s ]
ERR: 无法加载模块:Public

[ 2017-12-24T00:23:08+08:00 ] 192.168.35.209 /shop2/Public/Home/pc/jsmin/page/account/common/area.js?1607171729.25
INFO: [ app_init ] --START--
INFO: Run Behavior\BuildLiteBehavior [ RunTime:0.000019s ]
INFO: [ app_init ] --END-- [ RunTime:0.000273s ]
ERR: 无法加载模块:Public

[ 2017-12-24T00:23:08+08:00 ] 192.168.35.209 /shop2/Public/Home/pc/jsmin/page/pcenter/common/navbar.js?1607171729.25
INFO: [ app_init ] --START--
INFO: Run Behavior\BuildLiteBehavior [ RunTime:0.000010s ]
INFO: [ app_init ] --END-- [ RunTime:0.000250s ]
ERR: 无法加载模块:Public

[ 2017-12-24T00:23:18+08:00 ] 192.168.35.209 /shop2/Public/Home/css/amazeui.min.css
INFO: [ app_init ] --START--
INFO: Run Behavior\BuildLiteBehavior [ RunTime:0.003456s ]
INFO: [ app_init ] --END-- [ RunTime:0.003855s ]
ERR: 无法加载模块:Public

[ 2017-12-24T00:23:18+08:00 ] 192.168.35.209 /shop2/Public/Home/css/amazeui.min.css
INFO: [ app_init ] --START--
INFO: Run Behavior\BuildLiteBehavior [ RunTime:0.000007s ]
INFO: [ app_init ] --END-- [ RunTime:0.000200s ]
ERR: 无法加载模块:Public

[ 2017-12-24T00:24:15+08:00 ] 192.168.35.209 /shop2/Public/Home/css/amazeui.min.css
INFO: [ app_init ] --START--
INFO: Run Behavior\BuildLiteBehavior [ RunTime:0.000012s ]
INFO: [ app_init ] --END-- [ RunTime:0.000312s ]
ERR: 无法加载模块:Public

[ 2017-12-24T00:24:45+08:00 ] 192.168.35.209 /shop2/Public/Home/css/amazeui.min.css
INFO: [ app_init ] --START--
INFO: Run Behavior\BuildLiteBehavior [ RunTime:0.000011s ]
INFO: [ app_init ] --END-- [ RunTime:0.000316s ]
ERR: 无法加载模块:Public

[ 2017-12-24T00:24:59+08:00 ] 192.168.35.209 /shop2/Public/Home/css/amazeui.min.css
INFO: [ app_init ] --START--
INFO: Run Behavior\BuildLiteBehavior [ RunTime:0.000010s ]
INFO: [ app_init ] --END-- [ RunTime:0.000279s ]
ERR: 无法加载模块:Public

[ 2017-12-24T00:25:16+08:00 ] 192.168.35.209 /shop2/Public/Home/css/amazeui.min.css
INFO: [ app_init ] --START--
INFO: Run Behavior\BuildLiteBehavior [ RunTime:0.000011s ]
INFO: [ app_init ] --END-- [ RunTime:0.000255s ]
ERR: 无法加载模块:Public

[ 2017-12-24T00:25:42+08:00 ] 192.168.35.209 /shop2/Public/Home/css/amazeui.min.css
INFO: [ app_init ] --START--
INFO: Run Behavior\BuildLiteBehavior [ RunTime:0.000015s ]
INFO: [ app_init ] --END-- [ RunTime:0.000353s ]
ERR: 无法加载模块:Public

[ 2017-12-24T00:25:49+08:00 ] 192.168.35.209 /shop2/Public/Home/css/amazeui.min.css
INFO: [ app_init ] --START--
INFO: Run Behavior\BuildLiteBehavior [ RunTime:0.000014s ]
INFO: [ app_init ] --END-- [ RunTime:0.000350s ]
ERR: 无法加载模块:Public

[ 2017-12-24T01:25:46+08:00 ] 192.168.35.197 /shop2/Public/css/jquery.mCustomScrollbar.css
INFO: [ app_init ] --START--
INFO: Run Behavior\BuildLiteBehavior [ RunTime:0.000014s ]
INFO: [ app_init ] --END-- [ RunTime:0.000343s ]
ERR: 无法加载模块:Public

[ 2017-12-24T01:25:46+08:00 ] 192.168.35.197 /shop2/Public/css/font/adminthemes-webfont.woff2
INFO: [ app_init ] --START--
INFO: Run Behavior\BuildLiteBehavior [ RunTime:0.000023s ]
INFO: [ app_init ] --END-- [ RunTime:0.000650s ]
ERR: 无法加载模块:Public

[ 2017-12-24T01:25:46+08:00 ] 192.168.35.197 /shop2/Public/css/font/adminthemes-webfont.woff
INFO: [ app_init ] --START--
INFO: Run Behavior\BuildLiteBehavior [ RunTime:0.000040s ]
INFO: [ app_init ] --END-- [ RunTime:0.000803s ]
ERR: 无法加载模块:Public

[ 2017-12-24T01:25:47+08:00 ] 192.168.35.197 /shop2/Public/css/font/adminthemes-webfont.ttf
INFO: [ app_init ] --START--
INFO: Run Behavior\BuildLiteBehavior [ RunTime:0.000021s ]
INFO: [ app_init ] --END-- [ RunTime:0.000581s ]
ERR: 无法加载模块:Public

[ 2017-12-24T01:26:29+08:00 ] 192.168.35.197 /shop2/Public/js/H-ui.js
INFO: [ app_init ] --START--
INFO: Run Behavior\BuildLiteBehavior [ RunTime:0.000021s ]
INFO: [ app_init ] --END-- [ RunTime:0.000597s ]
ERR: 无法加载模块:Public

[ 2017-12-24T01:26:29+08:00 ] 192.168.35.197 /shop2/Public/js/H-ui.admin.js
INFO: [ app_init ] --START--
INFO: Run Behavior\BuildLiteBehavior [ RunTime:0.000022s ]
INFO: [ app_init ] --END-- [ RunTime:0.000730s ]
ERR: 无法加载模块:Public

[ 2017-12-24T01:45:57+08:00 ] 192.168.35.197 /shop2/Public/js/H-ui.js
INFO: [ app_init ] --START--
INFO: Run Behavior\BuildLiteBehavior [ RunTime:0.000022s ]
INFO: [ app_init ] --END-- [ RunTime:0.000604s ]
ERR: 无法加载模块:Public

[ 2017-12-24T01:45:58+08:00 ] 192.168.35.197 /shop2/Public/js/H-ui.js
INFO: [ app_init ] --START--
INFO: Run Behavior\BuildLiteBehavior [ RunTime:0.000024s ]
INFO: [ app_init ] --END-- [ RunTime:0.000676s ]
ERR: 无法加载模块:Public

[ 2017-12-24T01:45:58+08:00 ] 192.168.35.197 /shop2/Public/Uploads/23213
INFO: [ app_init ] --START--
INFO: Run Behavior\BuildLiteBehavior [ RunTime:0.000025s ]
INFO: [ app_init ] --END-- [ RunTime:0.000983s ]
ERR: 无法加载模块:Public

[ 2017-12-24T01:45:59+08:00 ] 192.168.35.197 /shop2/Public/js/H-ui.admin.js
INFO: [ app_init ] --START--
INFO: Run Behavior\BuildLiteBehavior [ RunTime:0.000025s ]
INFO: [ app_init ] --END-- [ RunTime:0.000825s ]
ERR: 无法加载模块:Public

[ 2017-12-24T01:45:59+08:00 ] 192.168.35.197 /shop2/Public/Uploads/324324
INFO: [ app_init ] --START--
INFO: Run Behavior\BuildLiteBehavior [ RunTime:0.000031s ]
INFO: [ app_init ] --END-- [ RunTime:0.029116s ]
ERR: 无法加载模块:Public

[ 2017-12-24T01:45:59+08:00 ] 192.168.35.197 /shop2/Public/js/H-ui.admin.js
INFO: [ app_init ] --START--
INFO: Run Behavior\BuildLiteBehavior [ RunTime:0.008574s ]
INFO: [ app_init ] --END-- [ RunTime:0.009498s ]
ERR: 无法加载模块:Public

[ 2017-12-24T01:46:00+08:00 ] 192.168.35.197 /shop2/Public/Uploads/324324
INFO: [ app_init ] --START--
INFO: Run Behavior\BuildLiteBehavior [ RunTime:0.000025s ]
INFO: [ app_init ] --END-- [ RunTime:0.000875s ]
ERR: 无法加载模块:Public

[ 2017-12-24T01:46:01+08:00 ] 192.168.35.197 /shop2/Public/Uploads/23213
INFO: [ app_init ] --START--
INFO: Run Behavior\BuildLiteBehavior [ RunTime:0.000031s ]
INFO: [ app_init ] --END-- [ RunTime:0.016112s ]
ERR: 无法加载模块:Public

[ 2017-12-24T02:44:18+08:00 ] 192.168.35.209 /shop2/Public/Home/pc/jsmin/page/pcenter/common/navbar.js?1607171729.25
INFO: [ app_init ] --START--
INFO: Run Behavior\BuildLiteBehavior [ RunTime:0.000015s ]
INFO: [ app_init ] --END-- [ RunTime:0.000309s ]
ERR: 无法加载模块:Public

[ 2017-12-24T02:44:18+08:00 ] 192.168.35.209 /shop2/Public/Home/pc/jsmin/page/account/setPersonal/setPersonal.js?1607171729.25
INFO: [ app_init ] --START--
INFO: Run Behavior\BuildLiteBehavior [ RunTime:0.000014s ]
INFO: [ app_init ] --END-- [ RunTime:0.000327s ]
ERR: 无法加载模块:Public

[ 2017-12-24T02:44:18+08:00 ] 192.168.35.209 /shop2/Public/Home/pc/jsmin/page/account/common/area.js?1607171729.25
INFO: [ app_init ] --START--
INFO: Run Behavior\BuildLiteBehavior [ RunTime:0.000008s ]
INFO: [ app_init ] --END-- [ RunTime:0.000206s ]
ERR: 无法加载模块:Public

[ 2017-12-24T02:44:19+08:00 ] 192.168.35.209 /shop2/Public/Home/pc/jsmin/page/account/common/job.js?1607171729.25
INFO: [ app_init ] --START--
INFO: Run Behavior\BuildLiteBehavior [ RunTime:0.000053s ]
INFO: [ app_init ] --END-- [ RunTime:0.000266s ]
ERR: 无法加载模块:Public

[ 2017-12-24T02:44:19+08:00 ] 192.168.35.209 /shop2/Public/Home/pc/jsmin/base.js?1607171729.25
INFO: [ app_init ] --START--
INFO: Run Behavior\BuildLiteBehavior [ RunTime:0.000010s ]
INFO: [ app_init ] --END-- [ RunTime:0.000294s ]
ERR: 无法加载模块:Public

[ 2017-12-24T02:44:28+08:00 ] 192.168.35.209 /shop2/Public/Home/pc/jsmin/page/pcenter/common/navbar.js?1607171729.25
INFO: [ app_init ] --START--
INFO: Run Behavior\BuildLiteBehavior [ RunTime:0.000011s ]
INFO: [ app_init ] --END-- [ RunTime:0.000355s ]
ERR: 无法加载模块:Public

[ 2017-12-24T02:46:09+08:00 ] 192.168.35.209 /shop2/Public/Home/pc/jsmin/page/pcenter/common/navbar.js?1607171729.25
INFO: [ app_init ] --START--
INFO: Run Behavior\BuildLiteBehavior [ RunTime:0.000010s ]
INFO: [ app_init ] --END-- [ RunTime:0.000226s ]
ERR: 无法加载模块:Public

[ 2017-12-24T02:46:10+08:00 ] 192.168.35.209 /shop2/Public/Home/pc/jsmin/base.js?1607171729.25
INFO: [ app_init ] --START--
INFO: Run Behavior\BuildLiteBehavior [ RunTime:0.000009s ]
INFO: [ app_init ] --END-- [ RunTime:0.000227s ]
ERR: 无法加载模块:Public

[ 2017-12-24T02:46:10+08:00 ] 192.168.35.209 /shop2/Public/Home/pc/jsmin/page/account/setPersonal/setPersonal.js?1607171729.25
INFO: [ app_init ] --START--
INFO: Run Behavior\BuildLiteBehavior [ RunTime:0.000010s ]
INFO: [ app_init ] --END-- [ RunTime:0.000293s ]
ERR: 无法加载模块:Public

[ 2017-12-24T02:46:10+08:00 ] 192.168.35.209 /shop2/Public/Home/pc/jsmin/page/account/common/area.js?1607171729.25
INFO: [ app_init ] --START--
INFO: Run Behavior\BuildLiteBehavior [ RunTime:0.000010s ]
INFO: [ app_init ] --END-- [ RunTime:0.006308s ]
ERR: 无法加载模块:Public

[ 2017-12-24T02:46:11+08:00 ] 192.168.35.209 /shop2/Public/Home/pc/jsmin/page/pcenter/common/navbar.js?1607171729.25
INFO: [ app_init ] --START--
INFO: Run Behavior\BuildLiteBehavior [ RunTime:0.000018s ]
INFO: [ app_init ] --END-- [ RunTime:0.000503s ]
ERR: 无法加载模块:Public

[ 2017-12-24T02:46:13+08:00 ] 192.168.35.209 /shop2/Public/Home/pc/jsmin/page/account/common/job.js?1607171729.25
INFO: [ app_init ] --START--
INFO: Run Behavior\BuildLiteBehavior [ RunTime:0.000015s ]
INFO: [ app_init ] --END-- [ RunTime:0.000429s ]
ERR: 无法加载模块:Public

[ 2017-12-24T02:46:14+08:00 ] 192.168.35.209 /shop2/Public/Home/pc/jsmin/page/account/setPersonal/setPersonal.js?1607171729.25
INFO: [ app_init ] --START--
INFO: Run Behavior\BuildLiteBehavior [ RunTime:0.000016s ]
INFO: [ app_init ] --END-- [ RunTime:0.000537s ]
ERR: 无法加载模块:Public

[ 2017-12-24T02:46:14+08:00 ] 192.168.35.209 /shop2/Public/Home/pc/jsmin/page/account/common/area.js?1607171729.25
INFO: [ app_init ] --START--
INFO: Run Behavior\BuildLiteBehavior [ RunTime:0.000016s ]
INFO: [ app_init ] --END-- [ RunTime:0.000465s ]
ERR: 无法加载模块:Public

[ 2017-12-24T02:46:15+08:00 ] 192.168.35.209 /shop2/Public/Home/pc/jsmin/base.js?1607171729.25
INFO: [ app_init ] --START--
INFO: Run Behavior\BuildLiteBehavior [ RunTime:0.000030s ]
INFO: [ app_init ] --END-- [ RunTime:0.030326s ]
ERR: 无法加载模块:Public

[ 2017-12-24T02:46:25+08:00 ] 192.168.35.209 /shop2/Public/Home/pc/jsmin/base.js?1607171729.25
INFO: [ app_init ] --START--
INFO: Run Behavior\BuildLiteBehavior [ RunTime:0.000012s ]
INFO: [ app_init ] --END-- [ RunTime:0.000255s ]
ERR: 无法加载模块:Public

[ 2017-12-24T02:46:25+08:00 ] 192.168.35.209 /shop2/Public/Home/pc/jsmin/page/account/common/area.js?1607171729.25
INFO: [ app_init ] --START--
INFO: Run Behavior\BuildLiteBehavior [ RunTime:0.000022s ]
INFO: [ app_init ] --END-- [ RunTime:0.079829s ]
ERR: 无法加载模块:Public

[ 2017-12-24T02:46:25+08:00 ] 192.168.35.209 /shop2/Public/Home/pc/jsmin/page/account/common/job.js?1607171729.25
INFO: [ app_init ] --START--
INFO: Run Behavior\BuildLiteBehavior [ RunTime:0.000010s ]
INFO: [ app_init ] --END-- [ RunTime:0.000258s ]
ERR: 无法加载模块:Public

[ 2017-12-24T02:46:25+08:00 ] 192.168.35.209 /shop2/Public/Home/pc/jsmin/page/account/common/job.js?1607171729.25
INFO: [ app_init ] --START--
INFO: Run Behavior\BuildLiteBehavior [ RunTime:0.000016s ]
INFO: [ app_init ] --END-- [ RunTime:0.000892s ]
ERR: 无法加载模块:Public

[ 2017-12-24T02:46:25+08:00 ] 192.168.35.209 /shop2/Public/Home/pc/jsmin/page/account/common/area.js?1607171729.25
INFO: [ app_init ] --START--
INFO: Run Behavior\BuildLiteBehavior [ RunTime:0.000010s ]
INFO: [ app_init ] --END-- [ RunTime:0.003505s ]
ERR: 无法加载模块:Public

[ 2017-12-24T02:46:25+08:00 ] 192.168.35.209 /shop2/Public/Home/pc/jsmin/base.js?1607171729.25
INFO: [ app_init ] --START--
INFO: Run Behavior\BuildLiteBehavior [ RunTime:0.000014s ]
INFO: [ app_init ] --END-- [ RunTime:0.000338s ]
ERR: 无法加载模块:Public

[ 2017-12-24T02:46:28+08:00 ] 192.168.35.209 /shop2/Public/Home/pc/jsmin/page/pcenter/common/navbar.js?1607171729.25
INFO: [ app_init ] --START--
INFO: Run Behavior\BuildLiteBehavior [ RunTime:0.000029s ]
INFO: [ app_init ] --END-- [ RunTime:0.006746s ]
ERR: 无法加载模块:Public

[ 2017-12-24T02:46:28+08:00 ] 192.168.35.209 /shop2/Public/Home/pc/jsmin/page/account/setPersonal/setPersonal.js?1607171729.25
INFO: [ app_init ] --START--
INFO: Run Behavior\BuildLiteBehavior [ RunTime:0.000015s ]
INFO: [ app_init ] --END-- [ RunTime:0.000483s ]
ERR: 无法加载模块:Public

[ 2017-12-24T02:46:48+08:00 ] 192.168.35.209 /shop2/Public/Home/pc/jsmin/page/pcenter/common/navbar.js?1607171729.25
INFO: [ app_init ] --START--
INFO: Run Behavior\BuildLiteBehavior [ RunTime:0.000090s ]
INFO: [ app_init ] --END-- [ RunTime:0.007576s ]
ERR: 无法加载模块:Public

[ 2017-12-24T02:46:48+08:00 ] 192.168.35.209 /shop2/Public/Home/pc/jsmin/page/account/common/area.js?1607171729.25
INFO: [ app_init ] --START--
INFO: Run Behavior\BuildLiteBehavior [ RunTime:0.000013s ]
INFO: [ app_init ] --END-- [ RunTime:0.002602s ]
ERR: 无法加载模块:Public

[ 2017-12-24T02:46:49+08:00 ] 192.168.35.209 /shop2/Public/Home/pc/jsmin/page/account/setPersonal/setPersonal.js?1607171729.25
INFO: [ app_init ] --START--
INFO: Run Behavior\BuildLiteBehavior [ RunTime:0.000013s ]
INFO: [ app_init ] --END-- [ RunTime:0.000408s ]
ERR: 无法加载模块:Public

[ 2017-12-24T02:46:49+08:00 ] 192.168.35.209 /shop2/Public/Home/pc/jsmin/page/account/common/job.js?1607171729.25
INFO: [ app_init ] --START--
INFO: Run Behavior\BuildLiteBehavior [ RunTime:0.000135s ]
INFO: [ app_init ] --END-- [ RunTime:0.000427s ]
ERR: 无法加载模块:Public

[ 2017-12-24T02:46:49+08:00 ] 192.168.35.209 /shop2/Public/Home/pc/jsmin/base.js?1607171729.25
INFO: [ app_init ] --START--
INFO: Run Behavior\BuildLiteBehavior [ RunTime:0.000029s ]
INFO: [ app_init ] --END-- [ RunTime:0.001093s ]
ERR: 无法加载模块:Public

[ 2017-12-24T02:46:52+08:00 ] 192.168.35.209 /shop2/Public/Home/pc/jsmin/base.js?1607171729.25
INFO: [ app_init ] --START--
INFO: Run Behavior\BuildLiteBehavior [ RunTime:0.000036s ]
INFO: [ app_init ] --END-- [ RunTime:0.000417s ]
ERR: 无法加载模块:Public

[ 2017-12-24T02:46:52+08:00 ] 192.168.35.209 /shop2/Public/Home/pc/jsmin/page/account/setPersonal/setPersonal.js?1607171729.25
INFO: [ app_init ] --START--
INFO: Run Behavior\BuildLiteBehavior [ RunTime:0.000009s ]
INFO: [ app_init ] --END-- [ RunTime:0.000226s ]
ERR: 无法加载模块:Public

[ 2017-12-24T02:46:53+08:00 ] 192.168.35.209 /shop2/Public/Home/pc/jsmin/page/pcenter/common/navbar.js?1607171729.25
INFO: [ app_init ] --START--
INFO: Run Behavior\BuildLiteBehavior [ RunTime:0.000015s ]
INFO: [ app_init ] --END-- [ RunTime:0.000455s ]
ERR: 无法加载模块:Public

[ 2017-12-24T02:46:53+08:00 ] 192.168.35.209 /shop2/Public/Home/pc/jsmin/page/account/common/job.js?1607171729.25
INFO: [ app_init ] --START--
INFO: Run Behavior\BuildLiteBehavior [ RunTime:0.000016s ]
INFO: [ app_init ] --END-- [ RunTime:0.000435s ]
ERR: 无法加载模块:Public

[ 2017-12-24T02:46:53+08:00 ] 192.168.35.209 /shop2/Public/Home/pc/jsmin/page/account/common/area.js?1607171729.25
INFO: [ app_init ] --START--
INFO: Run Behavior\BuildLiteBehavior [ RunTime:0.000020s ]
INFO: [ app_init ] --END-- [ RunTime:0.000449s ]
ERR: 无法加载模块:Public

[ 2017-12-24T02:49:17+08:00 ] 192.168.35.209 /shop2/Public/Home/pc/jsmin/base.js?1607171729.25
INFO: [ app_init ] --START--
INFO: Run Behavior\BuildLiteBehavior [ RunTime:0.000012s ]
INFO: [ app_init ] --END-- [ RunTime:0.000303s ]
ERR: 无法加载模块:Public

[ 2017-12-24T02:49:17+08:00 ] 192.168.35.209 /shop2/Public/Home/pc/jsmin/page/pcenter/common/navbar.js?1607171729.25
INFO: [ app_init ] --START--
INFO: Run Behavior\BuildLiteBehavior [ RunTime:0.000008s ]
INFO: [ app_init ] --END-- [ RunTime:0.000259s ]
ERR: 无法加载模块:Public

[ 2017-12-24T02:49:17+08:00 ] 192.168.35.209 /shop2/Public/Home/pc/jsmin/page/account/common/job.js?1607171729.25
INFO: [ app_init ] --START--
INFO: Run Behavior\BuildLiteBehavior [ RunTime:0.001355s ]
INFO: [ app_init ] --END-- [ RunTime:0.001792s ]
ERR: 无法加载模块:Public

[ 2017-12-24T02:49:18+08:00 ] 192.168.35.209 /shop2/Public/Home/pc/jsmin/page/account/common/area.js?1607171729.25
INFO: [ app_init ] --START--
INFO: Run Behavior\BuildLiteBehavior [ RunTime:0.000012s ]
INFO: [ app_init ] --END-- [ RunTime:0.000305s ]
ERR: 无法加载模块:Public

[ 2017-12-24T02:49:19+08:00 ] 192.168.35.209 /shop2/Public/Home/pc/jsmin/page/account/setPersonal/setPersonal.js?1607171729.25
INFO: [ app_init ] --START--
INFO: Run Behavior\BuildLiteBehavior [ RunTime:0.000016s ]
INFO: [ app_init ] --END-- [ RunTime:0.000503s ]
ERR: 无法加载模块:Public

[ 2017-12-24T02:51:13+08:00 ] 192.168.35.209 /shop2/Public/Home/pc/jsmin/page/account/common/job.js?1607171729.25
INFO: [ app_init ] --START--
INFO: Run Behavior\BuildLiteBehavior [ RunTime:0.000009s ]
INFO: [ app_init ] --END-- [ RunTime:0.000228s ]
ERR: 无法加载模块:Public

[ 2017-12-24T02:51:13+08:00 ] 192.168.35.209 /shop2/Public/Home/pc/jsmin/page/pcenter/common/navbar.js?1607171729.25
INFO: [ app_init ] --START--
INFO: Run Behavior\BuildLiteBehavior [ RunTime:0.000009s ]
INFO: [ app_init ] --END-- [ RunTime:0.000589s ]
ERR: 无法加载模块:Public

[ 2017-12-24T02:51:13+08:00 ] 192.168.35.209 /shop2/Public/Home/pc/jsmin/page/account/setPersonal/setPersonal.js?1607171729.25
INFO: [ app_init ] --START--
INFO: Run Behavior\BuildLiteBehavior [ RunTime:0.000009s ]
INFO: [ app_init ] --END-- [ RunTime:0.000724s ]
ERR: 无法加载模块:Public

[ 2017-12-24T02:51:13+08:00 ] 192.168.35.209 /shop2/Public/Home/pc/jsmin/base.js?1607171729.25
INFO: [ app_init ] --START--
INFO: Run Behavior\BuildLiteBehavior [ RunTime:0.000009s ]
INFO: [ app_init ] --END-- [ RunTime:0.000240s ]
ERR: 无法加载模块:Public

[ 2017-12-24T02:51:14+08:00 ] 192.168.35.209 /shop2/Public/Home/pc/jsmin/page/account/common/area.js?1607171729.25
INFO: [ app_init ] --START--
INFO: Run Behavior\BuildLiteBehavior [ RunTime:0.000013s ]
INFO: [ app_init ] --END-- [ RunTime:0.000362s ]
ERR: 无法加载模块:Public

[ 2017-12-24T02:53:20+08:00 ] 192.168.35.209 /shop2/Public/Home/pc/jsmin/page/account/common/job.js?1607171729.25
INFO: [ app_init ] --START--
INFO: Run Behavior\BuildLiteBehavior [ RunTime:0.000010s ]
INFO: [ app_init ] --END-- [ RunTime:0.003396s ]
ERR: 无法加载模块:Public

[ 2017-12-24T02:53:20+08:00 ] 192.168.35.209 /shop2/Public/Home/pc/jsmin/base.js?1607171729.25
INFO: [ app_init ] --START--
INFO: Run Behavior\BuildLiteBehavior [ RunTime:0.000011s ]
INFO: [ app_init ] --END-- [ RunTime:0.001326s ]
ERR: 无法加载模块:Public

[ 2017-12-24T02:53:20+08:00 ] 192.168.35.209 /shop2/Public/Home/pc/jsmin/page/account/common/area.js?1607171729.25
INFO: [ app_init ] --START--
INFO: Run Behavior\BuildLiteBehavior [ RunTime:0.000010s ]
INFO: [ app_init ] --END-- [ RunTime:0.000252s ]
ERR: 无法加载模块:Public

[ 2017-12-24T02:53:22+08:00 ] 192.168.35.209 /shop2/Public/Home/pc/jsmin/page/account/setPersonal/setPersonal.js?1607171729.25
INFO: [ app_init ] --START--
INFO: Run Behavior\BuildLiteBehavior [ RunTime:0.000015s ]
INFO: [ app_init ] --END-- [ RunTime:0.185543s ]
ERR: 无法加载模块:Public

[ 2017-12-24T02:53:22+08:00 ] 192.168.35.209 /shop2/Public/Home/pc/jsmin/page/pcenter/common/navbar.js?1607171729.25
INFO: [ app_init ] --START--
INFO: Run Behavior\BuildLiteBehavior [ RunTime:0.000010s ]
INFO: [ app_init ] --END-- [ RunTime:0.000273s ]
ERR: 无法加载模块:Public

[ 2017-12-24T02:53:43+08:00 ] 192.168.35.209 /shop2/Public/Home/pc/jsmin/page/account/setPersonal/setPersonal.js?1607171729.25
INFO: [ app_init ] --START--
INFO: Run Behavior\BuildLiteBehavior [ RunTime:0.000018s ]
INFO: [ app_init ] --END-- [ RunTime:0.003382s ]
ERR: 无法加载模块:Public

[ 2017-12-24T02:53:43+08:00 ] 192.168.35.209 /shop2/Public/Home/pc/jsmin/page/pcenter/common/navbar.js?1607171729.25
INFO: [ app_init ] --START--
INFO: Run Behavior\BuildLiteBehavior [ RunTime:0.000010s ]
INFO: [ app_init ] --END-- [ RunTime:0.003751s ]
ERR: 无法加载模块:Public

[ 2017-12-24T02:53:43+08:00 ] 192.168.35.209 /shop2/Public/Home/pc/jsmin/page/account/common/job.js?1607171729.25
INFO: [ app_init ] --START--
INFO: Run Behavior\BuildLiteBehavior [ RunTime:0.000009s ]
INFO: [ app_init ] --END-- [ RunTime:0.000247s ]
ERR: 无法加载模块:Public

[ 2017-12-24T02:53:44+08:00 ] 192.168.35.209 /shop2/Public/Home/pc/jsmin/base.js?1607171729.25
INFO: [ app_init ] --START--
INFO: Run Behavior\BuildLiteBehavior [ RunTime:0.000015s ]
INFO: [ app_init ] --END-- [ RunTime:0.000655s ]
ERR: 无法加载模块:Public

[ 2017-12-24T02:53:44+08:00 ] 192.168.35.209 /shop2/Public/Home/pc/jsmin/page/account/common/area.js?1607171729.25
INFO: [ app_init ] --START--
INFO: Run Behavior\BuildLiteBehavior [ RunTime:0.000014s ]
INFO: [ app_init ] --END-- [ RunTime:0.000483s ]
ERR: 无法加载模块:Public

[ 2017-12-24T02:54:30+08:00 ] 192.168.35.209 /shop2/Public/Uploads/2
INFO: [ app_init ] --START--
INFO: Run Behavior\BuildLiteBehavior [ RunTime:0.000011s ]
INFO: [ app_init ] --END-- [ RunTime:0.000260s ]
ERR: 无法加载模块:Public

[ 2017-12-24T02:54:30+08:00 ] 192.168.35.209 /shop2/Public/Home/pc/jsmin/page/pcenter/common/navbar.js?1607171729.25
INFO: [ app_init ] --START--
INFO: Run Behavior\BuildLiteBehavior [ RunTime:0.000011s ]
INFO: [ app_init ] --END-- [ RunTime:0.000260s ]
ERR: 无法加载模块:Public

[ 2017-12-24T02:54:30+08:00 ] 192.168.35.209 /shop2/Public/Home/pc/jsmin/page/account/common/job.js?1607171729.25
INFO: [ app_init ] --START--
INFO: Run Behavior\BuildLiteBehavior [ RunTime:0.000011s ]
INFO: [ app_init ] --END-- [ RunTime:0.000682s ]
ERR: 无法加载模块:Public

[ 2017-12-24T02:54:31+08:00 ] 192.168.35.209 /shop2/Public/Home/pc/jsmin/base.js?1607171729.25
INFO: [ app_init ] --START--
INFO: Run Behavior\BuildLiteBehavior [ RunTime:0.000027s ]
INFO: [ app_init ] --END-- [ RunTime:0.001011s ]
ERR: 无法加载模块:Public

[ 2017-12-24T02:54:31+08:00 ] 192.168.35.209 /shop2/Public/Uploads/2
INFO: [ app_init ] --START--
INFO: Run Behavior\BuildLiteBehavior [ RunTime:0.000010s ]
INFO: [ app_init ] --END-- [ RunTime:0.000222s ]
ERR: 无法加载模块:Public

[ 2017-12-24T02:54:32+08:00 ] 192.168.35.209 /shop2/Public/Home/pc/jsmin/page/account/common/area.js?1607171729.25
INFO: [ app_init ] --START--
INFO: Run Behavior\BuildLiteBehavior [ RunTime:0.000023s ]
INFO: [ app_init ] --END-- [ RunTime:0.000816s ]
ERR: 无法加载模块:Public

[ 2017-12-24T02:54:32+08:00 ] 192.168.35.209 /shop2/Public/Home/pc/jsmin/page/account/setPersonal/setPersonal.js?1607171729.25
INFO: [ app_init ] --START--
INFO: Run Behavior\BuildLiteBehavior [ RunTime:0.000019s ]
INFO: [ app_init ] --END-- [ RunTime:0.006923s ]
ERR: 无法加载模块:Public

[ 2017-12-24T02:54:41+08:00 ] 192.168.35.209 /shop2/Public/Home/pc/jsmin/page/account/setPersonal/setPersonal.js?1607171729.25
INFO: [ app_init ] --START--
INFO: Run Behavior\BuildLiteBehavior [ RunTime:0.000009s ]
INFO: [ app_init ] --END-- [ RunTime:0.000217s ]
ERR: 无法加载模块:Public

[ 2017-12-24T02:54:41+08:00 ] 192.168.35.209 /shop2/Public/Home/pc/jsmin/page/account/common/job.js?1607171729.25
INFO: [ app_init ] --START--
INFO: Run Behavior\BuildLiteBehavior [ RunTime:0.000012s ]
INFO: [ app_init ] --END-- [ RunTime:0.000386s ]
ERR: 无法加载模块:Public

[ 2017-12-24T02:54:41+08:00 ] 192.168.35.209 /shop2/Public/Home/pc/jsmin/page/account/common/area.js?1607171729.25
INFO: [ app_init ] --START--
INFO: Run Behavior\BuildLiteBehavior [ RunTime:0.000009s ]
INFO: [ app_init ] --END-- [ RunTime:0.000292s ]
ERR: 无法加载模块:Public

[ 2017-12-24T02:54:42+08:00 ] 192.168.35.209 /shop2/Public/Home/pc/jsmin/base.js?1607171729.25
INFO: [ app_init ] --START--
INFO: Run Behavior\BuildLiteBehavior [ RunTime:0.000015s ]
INFO: [ app_init ] --END-- [ RunTime:0.000485s ]
ERR: 无法加载模块:Public

[ 2017-12-24T02:54:42+08:00 ] 192.168.35.209 /shop2/Public/Home/pc/jsmin/page/pcenter/common/navbar.js?1607171729.25
INFO: [ app_init ] --START--
INFO: Run Behavior\BuildLiteBehavior [ RunTime:0.000020s ]
INFO: [ app_init ] --END-- [ RunTime:0.031818s ]
ERR: 无法加载模块:Public

[ 2017-12-24T02:56:25+08:00 ] 192.168.35.209 /shop2/Public/Home/pic/_o/46/c2/7545d5f20d276e84af0f034b0287_92_94.cf.png
INFO: [ app_init ] --START--
INFO: Run Behavior\BuildLiteBehavior [ RunTime:0.000009s ]
INFO: [ app_init ] --END-- [ RunTime:0.000254s ]
ERR: 无法加载模块:Public

[ 2017-12-24T03:49:17+08:00 ] 192.168.35.209 /shop2/Public/Home/pc/jsmin/page/account/setPersonal/setPersonal.js?1607171729.25
INFO: [ app_init ] --START--
INFO: Run Behavior\BuildLiteBehavior [ RunTime:0.000008s ]
INFO: [ app_init ] --END-- [ RunTime:0.002438s ]
ERR: 无法加载模块:Public

[ 2017-12-24T03:49:17+08:00 ] 192.168.35.209 /shop2/Public/Home/pc/jsmin/page/account/common/job.js?1607171729.25
INFO: [ app_init ] --START--
INFO: Run Behavior\BuildLiteBehavior [ RunTime:0.000008s ]
INFO: [ app_init ] --END-- [ RunTime:0.000211s ]
ERR: 无法加载模块:Public

[ 2017-12-24T03:49:17+08:00 ] 192.168.35.209 /shop2/Public/Home/pc/jsmin/page/pcenter/common/navbar.js?1607171729.25
INFO: [ app_init ] --START--
INFO: Run Behavior\BuildLiteBehavior [ RunTime:0.000009s ]
INFO: [ app_init ] --END-- [ RunTime:0.000223s ]
ERR: 无法加载模块:Public

[ 2017-12-24T03:49:17+08:00 ] 192.168.35.209 /shop2/Public/Home/pc/jsmin/base.js?1607171729.25
INFO: [ app_init ] --START--
INFO: Run Behavior\BuildLiteBehavior [ RunTime:0.000010s ]
INFO: [ app_init ] --END-- [ RunTime:0.000237s ]
ERR: 无法加载模块:Public

[ 2017-12-24T03:49:17+08:00 ] 192.168.35.209 /shop2/Public/Home/pc/jsmin/page/account/common/area.js?1607171729.25
INFO: [ app_init ] --START--
INFO: Run Behavior\BuildLiteBehavior [ RunTime:0.001886s ]
INFO: [ app_init ] --END-- [ RunTime:0.002493s ]
ERR: 无法加载模块:Public

[ 2017-12-24T03:49:20+08:00 ] 192.168.35.209 /shop2/Public/Home/pc/jsmin/page/account/common/job.js?1607171729.25
INFO: [ app_init ] --START--
INFO: Run Behavior\BuildLiteBehavior [ RunTime:0.000009s ]
INFO: [ app_init ] --END-- [ RunTime:0.000214s ]
ERR: 无法加载模块:Public

[ 2017-12-24T03:49:20+08:00 ] 192.168.35.209 /shop2/Public/Home/pc/jsmin/page/account/common/area.js?1607171729.25
INFO: [ app_init ] --START--
INFO: Run Behavior\BuildLiteBehavior [ RunTime:0.000010s ]
INFO: [ app_init ] --END-- [ RunTime:0.000264s ]
ERR: 无法加载模块:Public

[ 2017-12-24T03:49:20+08:00 ] 192.168.35.209 /shop2/Public/Home/pc/jsmin/base.js?1607171729.25
INFO: [ app_init ] --START--
INFO: Run Behavior\BuildLiteBehavior [ RunTime:0.000012s ]
INFO: [ app_init ] --END-- [ RunTime:0.000310s ]
ERR: 无法加载模块:Public

[ 2017-12-24T03:49:20+08:00 ] 192.168.35.209 /shop2/Public/Home/pc/jsmin/page/account/setPersonal/setPersonal.js?1607171729.25
INFO: [ app_init ] --START--
INFO: Run Behavior\BuildLiteBehavior [ RunTime:0.000009s ]
INFO: [ app_init ] --END-- [ RunTime:0.000223s ]
ERR: 无法加载模块:Public

[ 2017-12-24T03:49:21+08:00 ] 192.168.35.209 /shop2/Public/Home/pc/jsmin/page/pcenter/common/navbar.js?1607171729.25
INFO: [ app_init ] --START--
INFO: Run Behavior\BuildLiteBehavior [ RunTime:0.000019s ]
INFO: [ app_init ] --END-- [ RunTime:0.000544s ]
ERR: 无法加载模块:Public

[ 2017-12-24T16:18:13+08:00 ] 192.168.35.209 /shop2/Public/myjs/css/cartstyle.css
INFO: [ app_init ] --START--
INFO: Run Behavior\BuildLiteBehavior [ RunTime:0.000014s ]
INFO: [ app_init ] --END-- [ RunTime:0.000621s ]
ERR: 无法加载模块:Public

[ 2017-12-24T16:18:34+08:00 ] 192.168.35.209 /shop2/Public/myjs/css/cartstyle.css
INFO: [ app_init ] --START--
INFO: Run Behavior\BuildLiteBehavior [ RunTime:0.000008s ]
INFO: [ app_init ] --END-- [ RunTime:0.000291s ]
ERR: 无法加载模块:Public

[ 2017-12-24T16:21:15+08:00 ] 192.168.35.209 /shop2/Public/myjs/css/cartstyle.css
INFO: [ app_init ] --START--
INFO: Run Behavior\BuildLiteBehavior [ RunTime:0.000010s ]
INFO: [ app_init ] --END-- [ RunTime:0.000266s ]
ERR: 无法加载模块:Public

[ 2017-12-24T16:26:54+08:00 ] 192.168.35.209 /shop2/Public/myjs/css/jsstyle.css
INFO: [ app_init ] --START--
INFO: Run Behavior\BuildLiteBehavior [ RunTime:0.000010s ]
INFO: [ app_init ] --END-- [ RunTime:0.000346s ]
ERR: 无法加载模块:Public

[ 2017-12-24T16:37:48+08:00 ] 192.168.35.209 /shop2/Public/myjs/AmazeUI-2.4.2/assets/css/amazeui.css
INFO: [ app_init ] --START--
INFO: Run Behavior\BuildLiteBehavior [ RunTime:0.000026s ]
INFO: [ app_init ] --END-- [ RunTime:0.000292s ]
ERR: 无法加载模块:Public

[ 2017-12-24T20:20:23+08:00 ] 192.168.35.197 /shop2/Public/Home/pc/jsmin/base.js?1607171729.25
INFO: [ app_init ] --START--
INFO: Run Behavior\BuildLiteBehavior [ RunTime:0.000008s ]
INFO: [ app_init ] --END-- [ RunTime:0.000202s ]
ERR: 无法加载模块:Public

[ 2017-12-24T20:20:23+08:00 ] 192.168.35.197 /shop2/Public/Home/pc/jsmin/page/account/common/job.js?1607171729.25
INFO: [ app_init ] --START--
INFO: Run Behavior\BuildLiteBehavior [ RunTime:0.000009s ]
INFO: [ app_init ] --END-- [ RunTime:0.000212s ]
ERR: 无法加载模块:Public

[ 2017-12-24T20:20:23+08:00 ] 192.168.35.197 /shop2/Public/Home/pc/jsmin/page/account/setPersonal/setPersonal.js?1607171729.25
INFO: [ app_init ] --START--
INFO: Run Behavior\BuildLiteBehavior [ RunTime:0.000007s ]
INFO: [ app_init ] --END-- [ RunTime:0.000202s ]
ERR: 无法加载模块:Public

[ 2017-12-24T20:20:23+08:00 ] 192.168.35.197 /shop2/Public/Home/pc/jsmin/page/account/common/area.js?1607171729.25
INFO: [ app_init ] --START--
INFO: Run Behavior\BuildLiteBehavior [ RunTime:0.000009s ]
INFO: [ app_init ] --END-- [ RunTime:0.000227s ]
ERR: 无法加载模块:Public

[ 2017-12-24T20:20:23+08:00 ] 192.168.35.197 /shop2/Public/Home/pc/jsmin/page/pcenter/common/navbar.js?1607171729.25
INFO: [ app_init ] --START--
INFO: Run Behavior\BuildLiteBehavior [ RunTime:0.000008s ]
INFO: [ app_init ] --END-- [ RunTime:0.000332s ]
ERR: 无法加载模块:Public

[ 2017-12-24T20:20:27+08:00 ] 192.168.35.197 /shop2/Public/Home/pc/jsmin/base.js?1607171729.25
INFO: [ app_init ] --START--
INFO: Run Behavior\BuildLiteBehavior [ RunTime:0.000008s ]
INFO: [ app_init ] --END-- [ RunTime:0.000246s ]
ERR: 无法加载模块:Public

[ 2017-12-24T20:20:27+08:00 ] 192.168.35.197 /shop2/Public/Home/pc/jsmin/page/account/setPersonal/setPersonal.js?1607171729.25
INFO: [ app_init ] --START--
INFO: Run Behavior\BuildLiteBehavior [ RunTime:0.000008s ]
INFO: [ app_init ] --END-- [ RunTime:0.000213s ]
ERR: 无法加载模块:Public

[ 2017-12-24T20:20:27+08:00 ] 192.168.35.197 /shop2/Public/Home/pc/jsmin/page/pcenter/common/navbar.js?1607171729.25
INFO: [ app_init ] --START--
INFO: Run Behavior\BuildLiteBehavior [ RunTime:0.000009s ]
INFO: [ app_init ] --END-- [ RunTime:0.000212s ]
ERR: 无法加载模块:Public

[ 2017-12-24T20:20:27+08:00 ] 192.168.35.197 /shop2/Public/Home/pc/jsmin/page/account/common/area.js?1607171729.25
INFO: [ app_init ] --START--
INFO: Run Behavior\BuildLiteBehavior [ RunTime:0.000008s ]
INFO: [ app_init ] --END-- [ RunTime:0.000207s ]
ERR: 无法加载模块:Public

[ 2017-12-24T20:20:27+08:00 ] 192.168.35.197 /shop2/Public/Home/pc/jsmin/page/account/common/job.js?1607171729.25
INFO: [ app_init ] --START--
INFO: Run Behavior\BuildLiteBehavior [ RunTime:0.000013s ]
INFO: [ app_init ] --END-- [ RunTime:0.006672s ]
ERR: 无法加载模块:Public

[ 2017-12-24T20:21:09+08:00 ] 192.168.35.197 /shop2/Public/Home/pc/jsmin/base.js?1607171729.25
INFO: [ app_init ] --START--
INFO: Run Behavior\BuildLiteBehavior [ RunTime:0.000008s ]
INFO: [ app_init ] --END-- [ RunTime:0.000220s ]
ERR: 无法加载模块:Public

[ 2017-12-24T20:21:09+08:00 ] 192.168.35.197 /shop2/Public/Home/pc/jsmin/page/account/common/area.js?1607171729.25
INFO: [ app_init ] --START--
INFO: Run Behavior\BuildLiteBehavior [ RunTime:0.000010s ]
INFO: [ app_init ] --END-- [ RunTime:0.009286s ]
ERR: 无法加载模块:Public

[ 2017-12-24T20:21:09+08:00 ] 192.168.35.197 /shop2/Public/Home/pc/jsmin/page/pcenter/common/navbar.js?1607171729.25
INFO: [ app_init ] --START--
INFO: Run Behavior\BuildLiteBehavior [ RunTime:0.000007s ]
INFO: [ app_init ] --END-- [ RunTime:0.000198s ]
ERR: 无法加载模块:Public

[ 2017-12-24T20:21:09+08:00 ] 192.168.35.197 /shop2/Public/Home/pc/jsmin/page/account/setPersonal/setPersonal.js?1607171729.25
INFO: [ app_init ] --START--
INFO: Run Behavior\BuildLiteBehavior [ RunTime:0.000013s ]
INFO: [ app_init ] --END-- [ RunTime:0.003378s ]
ERR: 无法加载模块:Public

[ 2017-12-24T20:21:09+08:00 ] 192.168.35.197 /shop2/Public/Home/pc/jsmin/page/account/common/job.js?1607171729.25
INFO: [ app_init ] --START--
INFO: Run Behavior\BuildLiteBehavior [ RunTime:0.000008s ]
INFO: [ app_init ] --END-- [ RunTime:0.000210s ]
ERR: 无法加载模块:Public

[ 2017-12-24T20:21:16+08:00 ] 192.168.35.197 /shop2/Public/Home/pc/jsmin/page/account/common/job.js?1607171729.25
INFO: [ app_init ] --START--
INFO: Run Behavior\BuildLiteBehavior [ RunTime:0.000008s ]
INFO: [ app_init ] --END-- [ RunTime:0.000214s ]
ERR: 无法加载模块:Public

[ 2017-12-24T20:21:16+08:00 ] 192.168.35.197 /shop2/Public/Home/pc/jsmin/page/account/common/area.js?1607171729.25
INFO: [ app_init ] --START--
INFO: Run Behavior\BuildLiteBehavior [ RunTime:0.000007s ]
INFO: [ app_init ] --END-- [ RunTime:0.000204s ]
ERR: 无法加载模块:Public

[ 2017-12-24T20:21:16+08:00 ] 192.168.35.197 /shop2/Public/Home/pc/jsmin/base.js?1607171729.25
INFO: [ app_init ] --START--
INFO: Run Behavior\BuildLiteBehavior [ RunTime:0.000008s ]
INFO: [ app_init ] --END-- [ RunTime:0.000199s ]
ERR: 无法加载模块:Public

[ 2017-12-24T20:21:16+08:00 ] 192.168.35.197 /shop2/Public/Home/pc/jsmin/page/account/setPersonal/setPersonal.js?1607171729.25
INFO: [ app_init ] --START--
INFO: Run Behavior\BuildLiteBehavior [ RunTime:0.000010s ]
INFO: [ app_init ] --END-- [ RunTime:0.003089s ]
ERR: 无法加载模块:Public

[ 2017-12-24T20:21:16+08:00 ] 192.168.35.197 /shop2/Public/Home/pc/jsmin/page/pcenter/common/navbar.js?1607171729.25
INFO: [ app_init ] --START--
INFO: Run Behavior\BuildLiteBehavior [ RunTime:0.000008s ]
INFO: [ app_init ] --END-- [ RunTime:0.000203s ]
ERR: 无法加载模块:Public

[ 2017-12-24T20:21:22+08:00 ] 192.168.35.197 /shop2/Public/Home/pc/jsmin/base.js?1607171729.25
INFO: [ app_init ] --START--
INFO: Run Behavior\BuildLiteBehavior [ RunTime:0.000007s ]
INFO: [ app_init ] --END-- [ RunTime:0.000200s ]
ERR: 无法加载模块:Public

[ 2017-12-24T20:21:22+08:00 ] 192.168.35.197 /shop2/Public/Home/pc/jsmin/page/account/setPersonal/setPersonal.js?1607171729.25
INFO: [ app_init ] --START--
INFO: Run Behavior\BuildLiteBehavior [ RunTime:0.000008s ]
INFO: [ app_init ] --END-- [ RunTime:0.000202s ]
ERR: 无法加载模块:Public

[ 2017-12-24T20:21:22+08:00 ] 192.168.35.197 /shop2/Public/Home/pc/jsmin/page/account/common/area.js?1607171729.25
INFO: [ app_init ] --START--
INFO: Run Behavior\BuildLiteBehavior [ RunTime:0.000008s ]
INFO: [ app_init ] --END-- [ RunTime:0.000207s ]
ERR: 无法加载模块:Public

[ 2017-12-24T20:21:22+08:00 ] 192.168.35.197 /shop2/Public/Home/pc/jsmin/page/account/common/job.js?1607171729.25
INFO: [ app_init ] --START--
INFO: Run Behavior\BuildLiteBehavior [ RunTime:0.000007s ]
INFO: [ app_init ] --END-- [ RunTime:0.000198s ]
ERR: 无法加载模块:Public

[ 2017-12-24T20:21:22+08:00 ] 192.168.35.197 /shop2/Public/Home/pc/jsmin/page/pcenter/common/navbar.js?1607171729.25
INFO: [ app_init ] --START--
INFO: Run Behavior\BuildLiteBehavior [ RunTime:0.000008s ]
INFO: [ app_init ] --END-- [ RunTime:0.000221s ]
ERR: 无法加载模块:Public

[ 2017-12-24T20:21:29+08:00 ] 192.168.35.197 /shop2/Public/Home/pc/jsmin/page/account/setPersonal/setPersonal.js?1607171729.25
INFO: [ app_init ] --START--
INFO: Run Behavior\BuildLiteBehavior [ RunTime:0.000008s ]
INFO: [ app_init ] --END-- [ RunTime:0.000262s ]
ERR: 无法加载模块:Public

[ 2017-12-24T20:21:29+08:00 ] 192.168.35.197 /shop2/Public/Home/pc/jsmin/page/pcenter/common/navbar.js?1607171729.25
INFO: [ app_init ] --START--
INFO: Run Behavior\BuildLiteBehavior [ RunTime:0.000008s ]
INFO: [ app_init ] --END-- [ RunTime:0.000252s ]
ERR: 无法加载模块:Public

[ 2017-12-24T20:21:29+08:00 ] 192.168.35.197 /shop2/Public/Home/pc/jsmin/page/account/common/area.js?1607171729.25
INFO: [ app_init ] --START--
INFO: Run Behavior\BuildLiteBehavior [ RunTime:0.000007s ]
INFO: [ app_init ] --END-- [ RunTime:0.000203s ]
ERR: 无法加载模块:Public

[ 2017-12-24T20:21:29+08:00 ] 192.168.35.197 /shop2/Public/Home/pc/jsmin/page/account/common/job.js?1607171729.25
INFO: [ app_init ] --START--
INFO: Run Behavior\BuildLiteBehavior [ RunTime:0.000007s ]
INFO: [ app_init ] --END-- [ RunTime:0.000203s ]
ERR: 无法加载模块:Public

[ 2017-12-24T20:21:29+08:00 ] 192.168.35.197 /shop2/Public/Home/pc/jsmin/base.js?1607171729.25
INFO: [ app_init ] --START--
INFO: Run Behavior\BuildLiteBehavior [ RunTime:0.000011s ]
INFO: [ app_init ] --END-- [ RunTime:0.000292s ]
ERR: 无法加载模块:Public

[ 2017-12-24T20:21:34+08:00 ] 192.168.35.197 /shop2/Public/Home/css/amazeui.min.css
INFO: [ app_init ] --START--
INFO: Run Behavior\BuildLiteBehavior [ RunTime:0.000008s ]
INFO: [ app_init ] --END-- [ RunTime:0.000215s ]
ERR: 无法加载模块:Public

[ 2017-12-24T20:21:35+08:00 ] 192.168.35.197 /shop2/Public/Home/css/amazeui.min.css
INFO: [ app_init ] --START--
INFO: Run Behavior\BuildLiteBehavior [ RunTime:0.000008s ]
INFO: [ app_init ] --END-- [ RunTime:0.000233s ]
ERR: 无法加载模块:Public

[ 2017-12-24T20:21:42+08:00 ] 192.168.35.197 /shop2/Public/Home/pc/jsmin/page/pcenter/common/navbar.js?1607171729.25
INFO: [ app_init ] --START--
INFO: Run Behavior\BuildLiteBehavior [ RunTime:0.000007s ]
INFO: [ app_init ] --END-- [ RunTime:0.000240s ]
ERR: 无法加载模块:Public

[ 2017-12-24T20:21:42+08:00 ] 192.168.35.197 /shop2/Public/Home/pc/jsmin/page/account/setPersonal/setPersonal.js?1607171729.25
INFO: [ app_init ] --START--
INFO: Run Behavior\BuildLiteBehavior [ RunTime:0.000008s ]
INFO: [ app_init ] --END-- [ RunTime:0.000248s ]
ERR: 无法加载模块:Public

[ 2017-12-24T20:21:42+08:00 ] 192.168.35.197 /shop2/Public/Home/pc/jsmin/base.js?1607171729.25
INFO: [ app_init ] --START--
INFO: Run Behavior\BuildLiteBehavior [ RunTime:0.000009s ]
INFO: [ app_init ] --END-- [ RunTime:0.000222s ]
ERR: 无法加载模块:Public

[ 2017-12-24T20:21:42+08:00 ] 192.168.35.197 /shop2/Public/Home/pc/jsmin/page/account/common/area.js?1607171729.25
INFO: [ app_init ] --START--
INFO: Run Behavior\BuildLiteBehavior [ RunTime:0.000007s ]
INFO: [ app_init ] --END-- [ RunTime:0.000200s ]
ERR: 无法加载模块:Public

[ 2017-12-24T20:21:42+08:00 ] 192.168.35.197 /shop2/Public/Home/pc/jsmin/page/account/common/job.js?1607171729.25
INFO: [ app_init ] --START--
INFO: Run Behavior\BuildLiteBehavior [ RunTime:0.000007s ]
INFO: [ app_init ] --END-- [ RunTime:0.000202s ]
ERR: 无法加载模块:Public

[ 2017-12-24T20:22:59+08:00 ] 192.168.35.197 /shop2/Public/Home/pc/jsmin/page/account/setPersonal/setPersonal.js?1607171729.25
INFO: [ app_init ] --START--
INFO: Run Behavior\BuildLiteBehavior [ RunTime:0.000009s ]
INFO: [ app_init ] --END-- [ RunTime:0.000214s ]
ERR: 无法加载模块:Public

[ 2017-12-24T20:22:59+08:00 ] 192.168.35.197 /shop2/Public/Home/pc/jsmin/page/account/common/area.js?1607171729.25
INFO: [ app_init ] --START--
INFO: Run Behavior\BuildLiteBehavior [ RunTime:0.000007s ]
INFO: [ app_init ] --END-- [ RunTime:0.000201s ]
ERR: 无法加载模块:Public

[ 2017-12-24T20:22:59+08:00 ] 192.168.35.197 /shop2/Public/Home/pc/jsmin/page/pcenter/common/navbar.js?1607171729.25
INFO: [ app_init ] --START--
INFO: Run Behavior\BuildLiteBehavior [ RunTime:0.000023s ]
INFO: [ app_init ] --END-- [ RunTime:0.000727s ]
ERR: 无法加载模块:Public

[ 2017-12-24T20:22:59+08:00 ] 192.168.35.197 /shop2/Public/Home/pc/jsmin/base.js?1607171729.25
INFO: [ app_init ] --START--
INFO: Run Behavior\BuildLiteBehavior [ RunTime:0.000028s ]
INFO: [ app_init ] --END-- [ RunTime:0.092659s ]
ERR: 无法加载模块:Public

[ 2017-12-24T20:22:59+08:00 ] 192.168.35.197 /shop2/Public/Home/pc/jsmin/page/account/common/job.js?1607171729.25
INFO: [ app_init ] --START--
INFO: Run Behavior\BuildLiteBehavior [ RunTime:0.000007s ]
INFO: [ app_init ] --END-- [ RunTime:0.000256s ]
ERR: 无法加载模块:Public

[ 2017-12-24T20:23:02+08:00 ] 192.168.35.197 /shop2/Public/Home/pc/jsmin/page/account/common/job.js?1607171729.25
INFO: [ app_init ] --START--
INFO: Run Behavior\BuildLiteBehavior [ RunTime:0.000009s ]
INFO: [ app_init ] --END-- [ RunTime:0.000254s ]
ERR: 无法加载模块:Public

[ 2017-12-24T20:23:02+08:00 ] 192.168.35.197 /shop2/Public/Home/pc/jsmin/base.js?1607171729.25
INFO: [ app_init ] --START--
INFO: Run Behavior\BuildLiteBehavior [ RunTime:0.000009s ]
INFO: [ app_init ] --END-- [ RunTime:0.000201s ]
ERR: 无法加载模块:Public

[ 2017-12-24T20:23:02+08:00 ] 192.168.35.197 /shop2/Public/Home/pc/jsmin/page/account/setPersonal/setPersonal.js?1607171729.25
INFO: [ app_init ] --START--
INFO: Run Behavior\BuildLiteBehavior [ RunTime:0.000008s ]
INFO: [ app_init ] --END-- [ RunTime:0.000208s ]
ERR: 无法加载模块:Public

[ 2017-12-24T20:23:02+08:00 ] 192.168.35.197 /shop2/Public/Home/pc/jsmin/page/account/common/area.js?1607171729.25
INFO: [ app_init ] --START--
INFO: Run Behavior\BuildLiteBehavior [ RunTime:0.000008s ]
INFO: [ app_init ] --END-- [ RunTime:0.000207s ]
ERR: 无法加载模块:Public

[ 2017-12-24T20:23:02+08:00 ] 192.168.35.197 /shop2/Public/Home/pc/jsmin/page/pcenter/common/navbar.js?1607171729.25
INFO: [ app_init ] --START--
INFO: Run Behavior\BuildLiteBehavior [ RunTime:0.000008s ]
INFO: [ app_init ] --END-- [ RunTime:0.000213s ]
ERR: 无法加载模块:Public

[ 2017-12-24T20:23:09+08:00 ] 192.168.35.197 /shop2/Public/Home/css/amazeui.min.css
INFO: [ app_init ] --START--
INFO: Run Behavior\BuildLiteBehavior [ RunTime:0.000007s ]
INFO: [ app_init ] --END-- [ RunTime:0.000196s ]
ERR: 无法加载模块:Public

[ 2017-12-24T20:23:19+08:00 ] 192.168.35.197 /shop2/Public/Home/css/amazeui.min.css
INFO: [ app_init ] --START--
INFO: Run Behavior\BuildLiteBehavior [ RunTime:0.000007s ]
INFO: [ app_init ] --END-- [ RunTime:0.000195s ]
ERR: 无法加载模块:Public

[ 2017-12-24T20:23:22+08:00 ] 192.168.35.197 /shop2/Public/Home/css/amazeui.min.css
INFO: [ app_init ] --START--
INFO: Run Behavior\BuildLiteBehavior [ RunTime:0.000007s ]
INFO: [ app_init ] --END-- [ RunTime:0.000205s ]
ERR: 无法加载模块:Public

[ 2017-12-24T20:24:05+08:00 ] 192.168.35.197 /shop2/Public/Home/css/amazeui.min.css
INFO: [ app_init ] --START--
INFO: Run Behavior\BuildLiteBehavior [ RunTime:0.000007s ]
INFO: [ app_init ] --END-- [ RunTime:0.000207s ]
ERR: 无法加载模块:Public

[ 2017-12-24T20:24:06+08:00 ] 192.168.35.197 /shop2/Public/Home/css/amazeui.min.css
INFO: [ app_init ] --START--
INFO: Run Behavior\BuildLiteBehavior [ RunTime:0.000007s ]
INFO: [ app_init ] --END-- [ RunTime:0.000247s ]
ERR: 无法加载模块:Public

[ 2017-12-24T20:24:07+08:00 ] 192.168.35.197 /shop2/Public/Home/css/amazeui.min.css
INFO: [ app_init ] --START--
INFO: Run Behavior\BuildLiteBehavior [ RunTime:0.000023s ]
INFO: [ app_init ] --END-- [ RunTime:0.000747s ]
ERR: 无法加载模块:Public

[ 2017-12-24T20:24:08+08:00 ] 192.168.35.197 /shop2/Public/Home/css/amazeui.min.css
INFO: [ app_init ] --START--
INFO: Run Behavior\BuildLiteBehavior [ RunTime:0.000014s ]
INFO: [ app_init ] --END-- [ RunTime:0.000450s ]
ERR: 无法加载模块:Public

[ 2017-12-24T20:24:08+08:00 ] 192.168.35.197 /shop2/Public/Home/css/amazeui.min.css
INFO: [ app_init ] --START--
INFO: Run Behavior\BuildLiteBehavior [ RunTime:0.000016s ]
INFO: [ app_init ] --END-- [ RunTime:0.000496s ]
ERR: 无法加载模块:Public

[ 2017-12-24T20:24:09+08:00 ] 192.168.35.197 /shop2/Public/Home/css/amazeui.min.css
INFO: [ app_init ] --START--
INFO: Run Behavior\BuildLiteBehavior [ RunTime:0.000008s ]
INFO: [ app_init ] --END-- [ RunTime:0.000204s ]
ERR: 无法加载模块:Public

[ 2017-12-24T20:24:09+08:00 ] 192.168.35.197 /shop2/Public/Home/css/amazeui.min.css
INFO: [ app_init ] --START--
INFO: Run Behavior\BuildLiteBehavior [ RunTime:0.000024s ]
INFO: [ app_init ] --END-- [ RunTime:0.000735s ]
ERR: 无法加载模块:Public

[ 2017-12-24T20:24:12+08:00 ] 192.168.35.197 /shop2/Public/Home/css/amazeui.min.css
INFO: [ app_init ] --START--
INFO: Run Behavior\BuildLiteBehavior [ RunTime:0.000012s ]
INFO: [ app_init ] --END-- [ RunTime:0.000371s ]
ERR: 无法加载模块:Public

[ 2017-12-24T20:55:03+08:00 ] 192.168.35.209 /shop2/Public/Home/pc/jsmin/page/account/setPersonal/setPersonal.js?1607171729.25
INFO: [ app_init ] --START--
INFO: Run Behavior\BuildLiteBehavior [ RunTime:0.000009s ]
INFO: [ app_init ] --END-- [ RunTime:0.000220s ]
ERR: 无法加载模块:Public

[ 2017-12-24T20:55:03+08:00 ] 192.168.35.209 /shop2/Public/Home/pc/jsmin/page/account/common/job.js?1607171729.25
INFO: [ app_init ] --START--
INFO: Run Behavior\BuildLiteBehavior [ RunTime:0.000010s ]
INFO: [ app_init ] --END-- [ RunTime:0.000305s ]
ERR: 无法加载模块:Public

[ 2017-12-24T20:55:03+08:00 ] 192.168.35.209 /shop2/Public/Home/pc/jsmin/base.js?1607171729.25
INFO: [ app_init ] --START--
INFO: Run Behavior\BuildLiteBehavior [ RunTime:0.000009s ]
INFO: [ app_init ] --END-- [ RunTime:0.000273s ]
ERR: 无法加载模块:Public

[ 2017-12-24T20:55:03+08:00 ] 192.168.35.209 /shop2/Public/Home/pc/jsmin/page/account/common/area.js?1607171729.25
INFO: [ app_init ] --START--
INFO: Run Behavior\BuildLiteBehavior [ RunTime:0.000008s ]
INFO: [ app_init ] --END-- [ RunTime:0.000263s ]
ERR: 无法加载模块:Public

[ 2017-12-24T20:55:03+08:00 ] 192.168.35.209 /shop2/Public/Home/pc/jsmin/page/pcenter/common/navbar.js?1607171729.25
INFO: [ app_init ] --START--
INFO: Run Behavior\BuildLiteBehavior [ RunTime:0.000028s ]
INFO: [ app_init ] --END-- [ RunTime:0.004144s ]
ERR: 无法加载模块:Public

[ 2017-12-24T20:55:09+08:00 ] 192.168.35.209 /shop2/Public/Home/css/amazeui.min.css
INFO: [ app_init ] --START--
INFO: Run Behavior\BuildLiteBehavior [ RunTime:0.000009s ]
INFO: [ app_init ] --END-- [ RunTime:0.000274s ]
ERR: 无法加载模块:Public

[ 2017-12-24T20:55:10+08:00 ] 192.168.35.209 /shop2/Public/Home/css/amazeui.min.css
INFO: [ app_init ] --START--
INFO: Run Behavior\BuildLiteBehavior [ RunTime:0.000015s ]
INFO: [ app_init ] --END-- [ RunTime:0.000438s ]
ERR: 无法加载模块:Public

[ 2017-12-24T20:55:15+08:00 ] 192.168.35.209 /shop2/Public/Home/css/amazeui.min.css
INFO: [ app_init ] --START--
INFO: Run Behavior\BuildLiteBehavior [ RunTime:0.000012s ]
INFO: [ app_init ] --END-- [ RunTime:0.000487s ]
ERR: 无法加载模块:Public

[ 2017-12-24T20:55:17+08:00 ] 192.168.35.209 /shop2/Public/Home/css/amazeui.min.css
INFO: [ app_init ] --START--
INFO: Run Behavior\BuildLiteBehavior [ RunTime:0.000010s ]
INFO: [ app_init ] --END-- [ RunTime:0.000265s ]
ERR: 无法加载模块:Public

[ 2017-12-24T21:02:43+08:00 ] 192.168.35.209 /shop2/Public/Home/css/amazeui.min.css
INFO: [ app_init ] --START--
INFO: Run Behavior\BuildLiteBehavior [ RunTime:0.000013s ]
INFO: [ app_init ] --END-- [ RunTime:0.000584s ]
ERR: 无法加载模块:Public

[ 2017-12-24T21:02:45+08:00 ] 192.168.35.209 /shop2/Public/Home/css/amazeui.min.css
INFO: [ app_init ] --START--
INFO: Run Behavior\BuildLiteBehavior [ RunTime:0.000011s ]
INFO: [ app_init ] --END-- [ RunTime:0.000325s ]
ERR: 无法加载模块:Public

[ 2017-12-24T21:02:46+08:00 ] 192.168.35.209 /shop2/Public/Home/css/amazeui.min.css
INFO: [ app_init ] --START--
INFO: Run Behavior\BuildLiteBehavior [ RunTime:0.000011s ]
INFO: [ app_init ] --END-- [ RunTime:0.000247s ]
ERR: 无法加载模块:Public

[ 2017-12-24T21:02:48+08:00 ] 192.168.35.209 /shop2/Public/Home/css/amazeui.min.css
INFO: [ app_init ] --START--
INFO: Run Behavior\BuildLiteBehavior [ RunTime:0.000010s ]
INFO: [ app_init ] --END-- [ RunTime:0.000281s ]
ERR: 无法加载模块:Public

[ 2017-12-24T21:02:50+08:00 ] 192.168.35.209 /shop2/Public/Home/css/amazeui.min.css
INFO: [ app_init ] --START--
INFO: Run Behavior\BuildLiteBehavior [ RunTime:0.000010s ]
INFO: [ app_init ] --END-- [ RunTime:0.000240s ]
ERR: 无法加载模块:Public

[ 2017-12-24T21:21:59+08:00 ] 192.168.35.87 /shop2/Public/css/jquery.mCustomScrollbar.css
INFO: [ app_init ] --START--
INFO: Run Behavior\BuildLiteBehavior [ RunTime:0.000008s ]
INFO: [ app_init ] --END-- [ RunTime:0.000203s ]
ERR: 无法加载模块:Public

[ 2017-12-24T21:21:59+08:00 ] 192.168.35.87 /shop2/Public/css/font/adminthemes-webfont.woff2
INFO: [ app_init ] --START--
INFO: Run Behavior\BuildLiteBehavior [ RunTime:0.000008s ]
INFO: [ app_init ] --END-- [ RunTime:0.000207s ]
ERR: 无法加载模块:Public

[ 2017-12-24T21:21:59+08:00 ] 192.168.35.87 /shop2/Public/css/font/adminthemes-webfont.woff
INFO: [ app_init ] --START--
INFO: Run Behavior\BuildLiteBehavior [ RunTime:0.000024s ]
INFO: [ app_init ] --END-- [ RunTime:0.000678s ]
ERR: 无法加载模块:Public

[ 2017-12-24T21:21:59+08:00 ] 192.168.35.87 /shop2/Public/css/font/adminthemes-webfont.ttf
INFO: [ app_init ] --START--
INFO: Run Behavior\BuildLiteBehavior [ RunTime:0.000013s ]
INFO: [ app_init ] --END-- [ RunTime:0.000338s ]
ERR: 无法加载模块:Public

[ 2017-12-24T21:43:02+08:00 ] 192.168.35.87 /shop2/Public/Home/pc/jsmin/base.js?1607171729.25
INFO: [ app_init ] --START--
INFO: Run Behavior\BuildLiteBehavior [ RunTime:0.000020s ]
INFO: [ app_init ] --END-- [ RunTime:0.012301s ]
ERR: 无法加载模块:Public

[ 2017-12-24T21:43:02+08:00 ] 192.168.35.87 /shop2/Public/Home/pc/jsmin/page/pcenter/common/navbar.js?1607171729.25
INFO: [ app_init ] --START--
INFO: Run Behavior\BuildLiteBehavior [ RunTime:0.000014s ]
INFO: [ app_init ] --END-- [ RunTime:0.000424s ]
ERR: 无法加载模块:Public

[ 2017-12-24T21:43:02+08:00 ] 192.168.35.87 /shop2/Public/Home/pc/jsmin/page/account/setPersonal/setPersonal.js?1607171729.25
INFO: [ app_init ] --START--
INFO: Run Behavior\BuildLiteBehavior [ RunTime:0.000042s ]
INFO: [ app_init ] --END-- [ RunTime:0.000265s ]
ERR: 无法加载模块:Public

[ 2017-12-24T21:43:02+08:00 ] 192.168.35.87 /shop2/Public/Home/pc/jsmin/page/account/common/job.js?1607171729.25
INFO: [ app_init ] --START--
INFO: Run Behavior\BuildLiteBehavior [ RunTime:0.000007s ]
INFO: [ app_init ] --END-- [ RunTime:0.000211s ]
ERR: 无法加载模块:Public

[ 2017-12-24T21:43:02+08:00 ] 192.168.35.87 /shop2/Public/Home/pc/jsmin/page/account/common/area.js?1607171729.25
INFO: [ app_init ] --START--
INFO: Run Behavior\BuildLiteBehavior [ RunTime:0.000007s ]
INFO: [ app_init ] --END-- [ RunTime:0.000260s ]
ERR: 无法加载模块:Public

[ 2017-12-24T22:19:43+08:00 ] 192.168.35.209 /shop2/Public/css/jquery.mCustomScrollbar.css
INFO: [ app_init ] --START--
INFO: Run Behavior\BuildLiteBehavior [ RunTime:0.000015s ]
INFO: [ app_init ] --END-- [ RunTime:0.000455s ]
ERR: 无法加载模块:Public

[ 2017-12-24T22:19:43+08:00 ] 192.168.35.209 /shop2/Public/css/font/adminthemes-webfont.woff2
INFO: [ app_init ] --START--
INFO: Run Behavior\BuildLiteBehavior [ RunTime:0.000014s ]
INFO: [ app_init ] --END-- [ RunTime:0.000464s ]
ERR: 无法加载模块:Public

[ 2017-12-24T22:19:43+08:00 ] 192.168.35.209 /shop2/Public/css/font/adminthemes-webfont.woff
INFO: [ app_init ] --START--
INFO: Run Behavior\BuildLiteBehavior [ RunTime:0.000009s ]
INFO: [ app_init ] --END-- [ RunTime:0.000240s ]
ERR: 无法加载模块:Public

[ 2017-12-24T22:19:43+08:00 ] 192.168.35.209 /shop2/Public/css/font/adminthemes-webfont.ttf
INFO: [ app_init ] --START--
INFO: Run Behavior\BuildLiteBehavior [ RunTime:0.000008s ]
INFO: [ app_init ] --END-- [ RunTime:0.000222s ]
ERR: 无法加载模块:Public

[ 2017-12-24T22:20:07+08:00 ] 192.168.35.209 /shop2/Public/js/H-ui.admin.js
INFO: [ app_init ] --START--
INFO: Run Behavior\BuildLiteBehavior [ RunTime:0.000014s ]
INFO: [ app_init ] --END-- [ RunTime:0.000450s ]
ERR: 无法加载模块:Public

[ 2017-12-24T22:20:07+08:00 ] 192.168.35.209 /shop2/Public/js/H-ui.js
INFO: [ app_init ] --START--
INFO: Run Behavior\BuildLiteBehavior [ RunTime:0.000014s ]
INFO: [ app_init ] --END-- [ RunTime:0.000441s ]
ERR: 无法加载模块:Public

[ 2017-12-24T22:20:07+08:00 ] 192.168.35.209 /shop2/Public/js/H-ui.admin.js
INFO: [ app_init ] --START--
INFO: Run Behavior\BuildLiteBehavior [ RunTime:0.000008s ]
INFO: [ app_init ] --END-- [ RunTime:0.000197s ]
ERR: 无法加载模块:Public

[ 2017-12-24T22:23:46+08:00 ] 192.168.35.209 /shop2/Public/js/H-ui.js
INFO: [ app_init ] --START--
INFO: Run Behavior\BuildLiteBehavior [ RunTime:0.000010s ]
INFO: [ app_init ] --END-- [ RunTime:0.000237s ]
ERR: 无法加载模块:Public

[ 2017-12-24T22:23:46+08:00 ] 192.168.35.209 /shop2/Public/js/H-ui.admin.js
INFO: [ app_init ] --START--
INFO: Run Behavior\BuildLiteBehavior [ RunTime:0.000058s ]
INFO: [ app_init ] --END-- [ RunTime:0.000805s ]
ERR: 无法加载模块:Public

[ 2017-12-24T22:23:46+08:00 ] 192.168.35.209 /shop2/Public/js/H-ui.js
INFO: [ app_init ] --START--
INFO: Run Behavior\BuildLiteBehavior [ RunTime:0.000007s ]
INFO: [ app_init ] --END-- [ RunTime:0.000202s ]
ERR: 无法加载模块:Public

[ 2017-12-24T22:23:46+08:00 ] 192.168.35.209 /shop2/Public/js/H-ui.admin.js
INFO: [ app_init ] --START--
INFO: Run Behavior\BuildLiteBehavior [ RunTime:0.000015s ]
INFO: [ app_init ] --END-- [ RunTime:0.000368s ]
ERR: 无法加载模块:Public

[ 2017-12-24T22:28:44+08:00 ] 192.168.35.209 /shop2/Public/js/H-ui.js
INFO: [ app_init ] --START--
INFO: Run Behavior\BuildLiteBehavior [ RunTime:0.000012s ]
INFO: [ app_init ] --END-- [ RunTime:0.000302s ]
ERR: 无法加载模块:Public

[ 2017-12-24T22:28:44+08:00 ] 192.168.35.209 /shop2/Public/js/H-ui.admin.js
INFO: [ app_init ] --START--
INFO: Run Behavior\BuildLiteBehavior [ RunTime:0.000012s ]
INFO: [ app_init ] --END-- [ RunTime:0.000447s ]
ERR: 无法加载模块:Public

[ 2017-12-24T22:28:44+08:00 ] 192.168.35.209 /shop2/Public/js/H-ui.js
INFO: [ app_init ] --START--
INFO: Run Behavior\BuildLiteBehavior [ RunTime:0.000013s ]
INFO: [ app_init ] --END-- [ RunTime:0.000288s ]
ERR: 无法加载模块:Public

[ 2017-12-24T22:28:44+08:00 ] 192.168.35.209 /shop2/Public/js/H-ui.admin.js
INFO: [ app_init ] --START--
INFO: Run Behavior\BuildLiteBehavior [ RunTime:0.000008s ]
INFO: [ app_init ] --END-- [ RunTime:0.000207s ]
ERR: 无法加载模块:Public

[ 2017-12-24T22:32:44+08:00 ] 192.168.35.209 /shop2/Public/js/H-ui.js
INFO: [ app_init ] --START--
INFO: Run Behavior\BuildLiteBehavior [ RunTime:0.000011s ]
INFO: [ app_init ] --END-- [ RunTime:0.000260s ]
ERR: 无法加载模块:Public

[ 2017-12-24T22:32:44+08:00 ] 192.168.35.209 /shop2/Public/js/H-ui.admin.js
INFO: [ app_init ] --START--
INFO: Run Behavior\BuildLiteBehavior [ RunTime:0.000013s ]
INFO: [ app_init ] --END-- [ RunTime:0.000325s ]
ERR: 无法加载模块:Public

[ 2017-12-24T22:32:44+08:00 ] 192.168.35.209 /shop2/Public/js/H-ui.js
INFO: [ app_init ] --START--
INFO: Run Behavior\BuildLiteBehavior [ RunTime:0.000011s ]
INFO: [ app_init ] --END-- [ RunTime:0.000267s ]
ERR: 无法加载模块:Public

[ 2017-12-24T22:32:44+08:00 ] 192.168.35.209 /shop2/Public/js/H-ui.admin.js
INFO: [ app_init ] --START--
INFO: Run Behavior\BuildLiteBehavior [ RunTime:0.000008s ]
INFO: [ app_init ] --END-- [ RunTime:0.000210s ]
ERR: 无法加载模块:Public

[ 2017-12-24T22:32:57+08:00 ] 192.168.35.209 /shop2/Public/js/H-ui.admin.js
INFO: [ app_init ] --START--
INFO: Run Behavior\BuildLiteBehavior [ RunTime:0.000016s ]
INFO: [ app_init ] --END-- [ RunTime:0.000357s ]
ERR: 无法加载模块:Public

[ 2017-12-24T22:32:57+08:00 ] 192.168.35.209 /shop2/Public/js/H-ui.js
INFO: [ app_init ] --START--
INFO: Run Behavior\BuildLiteBehavior [ RunTime:0.000010s ]
INFO: [ app_init ] --END-- [ RunTime:0.000251s ]
ERR: 无法加载模块:Public

[ 2017-12-24T22:34:59+08:00 ] 192.168.35.209 /shop2/Public/js/H-ui.js
INFO: [ app_init ] --START--
INFO: Run Behavior\BuildLiteBehavior [ RunTime:0.000009s ]
INFO: [ app_init ] --END-- [ RunTime:0.000259s ]
ERR: 无法加载模块:Public

[ 2017-12-24T22:34:59+08:00 ] 192.168.35.209 /shop2/Public/js/H-ui.admin.js
INFO: [ app_init ] --START--
INFO: Run Behavior\BuildLiteBehavior [ RunTime:0.000008s ]
INFO: [ app_init ] --END-- [ RunTime:0.000209s ]
ERR: 无法加载模块:Public

[ 2017-12-24T22:35:39+08:00 ] 192.168.35.209 /shop2/Public/js/H-ui.js
INFO: [ app_init ] --START--
INFO: Run Behavior\BuildLiteBehavior [ RunTime:0.000008s ]
INFO: [ app_init ] --END-- [ RunTime:0.000205s ]
ERR: 无法加载模块:Public

[ 2017-12-24T22:35:39+08:00 ] 192.168.35.209 /shop2/Public/js/H-ui.admin.js
INFO: [ app_init ] --START--
INFO: Run Behavior\BuildLiteBehavior [ RunTime:0.000013s ]
INFO: [ app_init ] --END-- [ RunTime:0.000946s ]
ERR: 无法加载模块:Public

[ 2017-12-24T22:37:03+08:00 ] 192.168.35.209 /shop2/Public/js/H-ui.js
INFO: [ app_init ] --START--
INFO: Run Behavior\BuildLiteBehavior [ RunTime:0.000009s ]
INFO: [ app_init ] --END-- [ RunTime:0.000241s ]
ERR: 无法加载模块:Public

[ 2017-12-24T22:37:03+08:00 ] 192.168.35.209 /shop2/Public/js/H-ui.admin.js
INFO: [ app_init ] --START--
INFO: Run Behavior\BuildLiteBehavior [ RunTime:0.000008s ]
INFO: [ app_init ] --END-- [ RunTime:0.000234s ]
ERR: 无法加载模块:Public

[ 2017-12-24T22:37:03+08:00 ] 192.168.35.209 /shop2/Public/js/H-ui.js
INFO: [ app_init ] --START--
INFO: Run Behavior\BuildLiteBehavior [ RunTime:0.000010s ]
INFO: [ app_init ] --END-- [ RunTime:0.000270s ]
ERR: 无法加载模块:Public

[ 2017-12-24T22:37:03+08:00 ] 192.168.35.209 /shop2/Public/js/H-ui.admin.js
INFO: [ app_init ] --START--
INFO: Run Behavior\BuildLiteBehavior [ RunTime:0.000013s ]
INFO: [ app_init ] --END-- [ RunTime:0.000854s ]
ERR: 无法加载模块:Public

[ 2017-12-24T23:01:51+08:00 ] 192.168.35.197 /shop2/Public/js/H-ui.js
INFO: [ app_init ] --START--
INFO: Run Behavior\BuildLiteBehavior [ RunTime:0.000018s ]
INFO: [ app_init ] --END-- [ RunTime:0.003111s ]
ERR: 无法加载模块:Public

[ 2017-12-24T23:01:51+08:00 ] 192.168.35.197 /shop2/Public/js/H-ui.admin.js
INFO: [ app_init ] --START--
INFO: Run Behavior\BuildLiteBehavior [ RunTime:0.000011s ]
INFO: [ app_init ] --END-- [ RunTime:0.000506s ]
ERR: 无法加载模块:Public

[ 2017-12-24T23:10:15+08:00 ] 192.168.35.197 /shop2/Public/Uploads/23213
INFO: [ app_init ] --START--
INFO: Run Behavior\BuildLiteBehavior [ RunTime:0.000008s ]
INFO: [ app_init ] --END-- [ RunTime:0.000218s ]
ERR: 无法加载模块:Public

[ 2017-12-24T23:10:15+08:00 ] 192.168.35.197 /shop2/Public/Uploads/324324
INFO: [ app_init ] --START--
INFO: Run Behavior\BuildLiteBehavior [ RunTime:0.000025s ]
INFO: [ app_init ] --END-- [ RunTime:0.003376s ]
ERR: 无法加载模块:Public

[ 2017-12-24T23:20:14+08:00 ] 192.168.35.209 /shop2/Public/js/H-ui.js
INFO: [ app_init ] --START--
INFO: Run Behavior\BuildLiteBehavior [ RunTime:0.000013s ]
INFO: [ app_init ] --END-- [ RunTime:0.000297s ]
ERR: 无法加载模块:Public

[ 2017-12-24T23:20:14+08:00 ] 192.168.35.209 /shop2/Public/js/H-ui.admin.js
INFO: [ app_init ] --START--
INFO: Run Behavior\BuildLiteBehavior [ RunTime:0.000027s ]
INFO: [ app_init ] --END-- [ RunTime:0.033709s ]
ERR: 无法加载模块:Public

[ 2017-12-24T23:24:01+08:00 ] 192.168.35.209 /shop2/Public/js/H-ui.js
INFO: [ app_init ] --START--
INFO: Run Behavior\BuildLiteBehavior [ RunTime:0.000008s ]
INFO: [ app_init ] --END-- [ RunTime:0.000223s ]
ERR: 无法加载模块:Public

[ 2017-12-24T23:24:01+08:00 ] 192.168.35.209 /shop2/Public/js/H-ui.admin.js
INFO: [ app_init ] --START--
INFO: Run Behavior\BuildLiteBehavior [ RunTime:0.000009s ]
INFO: [ app_init ] --END-- [ RunTime:0.000250s ]
ERR: 无法加载模块:Public

[ 2017-12-24T23:24:08+08:00 ] 192.168.35.209 /shop2/Public/js/H-ui.js
INFO: [ app_init ] --START--
INFO: Run Behavior\BuildLiteBehavior [ RunTime:0.000013s ]
INFO: [ app_init ] --END-- [ RunTime:0.000544s ]
ERR: 无法加载模块:Public

[ 2017-12-24T23:24:09+08:00 ] 192.168.35.209 /shop2/Public/js/H-ui.admin.js
INFO: [ app_init ] --START--
INFO: Run Behavior\BuildLiteBehavior [ RunTime:0.000011s ]
INFO: [ app_init ] --END-- [ RunTime:0.000294s ]
ERR: 无法加载模块:Public

[ 2017-12-24T23:26:18+08:00 ] 192.168.35.209 /shop2/Public/js/H-ui.js
INFO: [ app_init ] --START--
INFO: Run Behavior\BuildLiteBehavior [ RunTime:0.000047s ]
INFO: [ app_init ] --END-- [ RunTime:0.003462s ]
ERR: 无法加载模块:Public

[ 2017-12-24T23:26:18+08:00 ] 192.168.35.209 /shop2/Public/js/H-ui.admin.js
INFO: [ app_init ] --START--
INFO: Run Behavior\BuildLiteBehavior [ RunTime:0.000011s ]
INFO: [ app_init ] --END-- [ RunTime:0.000328s ]
ERR: 无法加载模块:Public

[ 2017-12-24T23:26:44+08:00 ] 192.168.35.209 /shop2/Public/js/H-ui.js
INFO: [ app_init ] --START--
INFO: Run Behavior\BuildLiteBehavior [ RunTime:0.000009s ]
INFO: [ app_init ] --END-- [ RunTime:0.000234s ]
ERR: 无法加载模块:Public

[ 2017-12-24T23:26:44+08:00 ] 192.168.35.209 /shop2/Public/js/H-ui.admin.js
INFO: [ app_init ] --START--
INFO: Run Behavior\BuildLiteBehavior [ RunTime:0.000009s ]
INFO: [ app_init ] --END-- [ RunTime:0.000250s ]
ERR: 无法加载模块:Public

[ 2017-12-24T23:26:44+08:00 ] 192.168.35.209 /shop2/Public/js/H-ui.js
INFO: [ app_init ] --START--
INFO: Run Behavior\BuildLiteBehavior [ RunTime:0.000008s ]
INFO: [ app_init ] --END-- [ RunTime:0.000215s ]
ERR: 无法加载模块:Public

[ 2017-12-24T23:26:44+08:00 ] 192.168.35.209 /shop2/Public/js/H-ui.admin.js
INFO: [ app_init ] --START--
INFO: Run Behavior\BuildLiteBehavior [ RunTime:0.000008s ]
INFO: [ app_init ] --END-- [ RunTime:0.000229s ]
ERR: 无法加载模块:Public

[ 2017-12-24T23:30:13+08:00 ] 192.168.35.197 /shop2/Public/Uploads/23213
INFO: [ app_init ] --START--
INFO: Run Behavior\BuildLiteBehavior [ RunTime:0.000024s ]
INFO: [ app_init ] --END-- [ RunTime:0.000680s ]
ERR: 无法加载模块:Public

[ 2017-12-24T23:30:13+08:00 ] 192.168.35.197 /shop2/Public/Uploads/324324
INFO: [ app_init ] --START--
INFO: Run Behavior\BuildLiteBehavior [ RunTime:0.000024s ]
INFO: [ app_init ] --END-- [ RunTime:0.000743s ]
ERR: 无法加载模块:Public

[ 2017-12-24T23:30:19+08:00 ] 192.168.35.197 /shop2/Public/Uploads/23213
INFO: [ app_init ] --START--
INFO: Run Behavior\BuildLiteBehavior [ RunTime:0.000014s ]
INFO: [ app_init ] --END-- [ RunTime:0.000388s ]
ERR: 无法加载模块:Public

[ 2017-12-24T23:30:19+08:00 ] 192.168.35.197 /shop2/Public/Uploads/324324
INFO: [ app_init ] --START--
INFO: Run Behavior\BuildLiteBehavior [ RunTime:0.000011s ]
INFO: [ app_init ] --END-- [ RunTime:0.000323s ]
ERR: 无法加载模块:Public

[ 2017-12-24T23:33:10+08:00 ] 192.168.35.197 /shop2/Public/Uploads/23213
INFO: [ app_init ] --START--
INFO: Run Behavior\BuildLiteBehavior [ RunTime:0.000007s ]
INFO: [ app_init ] --END-- [ RunTime:0.000204s ]
ERR: 无法加载模块:Public

[ 2017-12-24T23:33:11+08:00 ] 192.168.35.197 /shop2/Public/Uploads/324324
INFO: [ app_init ] --START--
INFO: Run Behavior\BuildLiteBehavior [ RunTime:0.000008s ]
INFO: [ app_init ] --END-- [ RunTime:0.000264s ]
ERR: 无法加载模块:Public

[ 2017-12-24T23:37:01+08:00 ] 192.168.35.209 /shop2/Public/js/H-ui.js
INFO: [ app_init ] --START--
INFO: Run Behavior\BuildLiteBehavior [ RunTime:0.000012s ]
INFO: [ app_init ] --END-- [ RunTime:0.000304s ]
ERR: 无法加载模块:Public

[ 2017-12-24T23:37:01+08:00 ] 192.168.35.209 /shop2/Public/js/H-ui.admin.js
INFO: [ app_init ] --START--
INFO: Run Behavior\BuildLiteBehavior [ RunTime:0.000015s ]
INFO: [ app_init ] --END-- [ RunTime:0.000374s ]
ERR: 无法加载模块:Public

[ 2017-12-24T23:37:01+08:00 ] 192.168.35.209 /shop2/Public/js/H-ui.js
INFO: [ app_init ] --START--
INFO: Run Behavior\BuildLiteBehavior [ RunTime:0.000012s ]
INFO: [ app_init ] --END-- [ RunTime:0.000334s ]
ERR: 无法加载模块:Public

[ 2017-12-24T23:37:01+08:00 ] 192.168.35.209 /shop2/Public/js/H-ui.admin.js
INFO: [ app_init ] --START--
INFO: Run Behavior\BuildLiteBehavior [ RunTime:0.000007s ]
INFO: [ app_init ] --END-- [ RunTime:0.000202s ]
ERR: 无法加载模块:Public

[ 2017-12-24T23:42:28+08:00 ] 192.168.35.197 /shop2/Public/Uploads/23213
INFO: [ app_init ] --START--
INFO: Run Behavior\BuildLiteBehavior [ RunTime:0.000008s ]
INFO: [ app_init ] --END-- [ RunTime:0.000202s ]
ERR: 无法加载模块:Public

[ 2017-12-24T23:42:28+08:00 ] 192.168.35.197 /shop2/Public/Uploads/324324
INFO: [ app_init ] --START--
INFO: Run Behavior\BuildLiteBehavior [ RunTime:0.000007s ]
INFO: [ app_init ] --END-- [ RunTime:0.000268s ]
ERR: 无法加载模块:Public

[ 2017-12-24T23:43:33+08:00 ] 192.168.35.197 /shop2/Public/Uploads/23213
INFO: [ app_init ] --START--
INFO: Run Behavior\BuildLiteBehavior [ RunTime:0.000007s ]
INFO: [ app_init ] --END-- [ RunTime:0.000197s ]
ERR: 无法加载模块:Public

[ 2017-12-24T23:43:33+08:00 ] 192.168.35.197 /shop2/Public/Uploads/324324
INFO: [ app_init ] --START--
INFO: Run Behavior\BuildLiteBehavior [ RunTime:0.000007s ]
INFO: [ app_init ] --END-- [ RunTime:0.000207s ]
ERR: 无法加载模块:Public

[ 2017-12-24T23:44:26+08:00 ] 192.168.35.209 /shop2/Public/js/H-ui.admin.js
INFO: [ app_init ] --START--
INFO: Run Behavior\BuildLiteBehavior [ RunTime:0.000009s ]
INFO: [ app_init ] --END-- [ RunTime:0.000270s ]
ERR: 无法加载模块:Public

[ 2017-12-24T23:44:26+08:00 ] 192.168.35.209 /shop2/Public/js/H-ui.js
INFO: [ app_init ] --START--
INFO: Run Behavior\BuildLiteBehavior [ RunTime:0.000011s ]
INFO: [ app_init ] --END-- [ RunTime:0.000250s ]
ERR: 无法加载模块:Public

[ 2017-12-24T23:52:49+08:00 ] 192.168.35.209 /shop2/Public/js/H-ui.admin.js
INFO: [ app_init ] --START--
INFO: Run Behavior\BuildLiteBehavior [ RunTime:0.000012s ]
INFO: [ app_init ] --END-- [ RunTime:0.000294s ]
ERR: 无法加载模块:Public

[ 2017-12-24T23:52:49+08:00 ] 192.168.35.209 /shop2/Public/js/H-ui.js
INFO: [ app_init ] --START--
INFO: Run Behavior\BuildLiteBehavior [ RunTime:0.000009s ]
INFO: [ app_init ] --END-- [ RunTime:0.000233s ]
ERR: 无法加载模块:Public

[ 2017-12-24T23:52:49+08:00 ] 192.168.35.209 /shop2/Public/js/H-ui.js
INFO: [ app_init ] --START--
INFO: Run Behavior\BuildLiteBehavior [ RunTime:0.000014s ]
INFO: [ app_init ] --END-- [ RunTime:0.000424s ]
ERR: 无法加载模块:Public

[ 2017-12-24T23:52:49+08:00 ] 192.168.35.209 /shop2/Public/js/H-ui.admin.js
INFO: [ app_init ] --START--
INFO: Run Behavior\BuildLiteBehavior [ RunTime:0.000010s ]
INFO: [ app_init ] --END-- [ RunTime:0.000245s ]
ERR: 无法加载模块:Public

