[ 2017-11-21T09:44:27+08:00 ] 192.168.35.209 /shop2/Publicassets/css/bootstrap.min.css
INFO: [ app_init ] --START--
INFO: Run Behavior\BuildLiteBehavior [ RunTime:0.000023s ]
INFO: [ app_init ] --END-- [ RunTime:0.000596s ]
ERR: 无法加载模块:Publicassets

[ 2017-11-21T09:44:27+08:00 ] 192.168.35.209 /shop2/Publicassets/js/ace-extra.min.js
INFO: [ app_init ] --START--
INFO: Run Behavior\BuildLiteBehavior [ RunTime:0.000020s ]
INFO: [ app_init ] --END-- [ RunTime:0.010519s ]
ERR: 无法加载模块:Publicassets

[ 2017-11-21T09:44:30+08:00 ] 192.168.35.209 /shop2/Publicassets/dist/echarts.js
INFO: [ app_init ] --START--
INFO: Run Behavior\BuildLiteBehavior [ RunTime:0.000020s ]
INFO: [ app_init ] --END-- [ RunTime:0.000626s ]
ERR: 无法加载模块:Publicassets

[ 2017-11-21T09:44:32+08:00 ] 192.168.35.209 /shop2/Publicassets/js/bootstrap.min.js
INFO: [ app_init ] --START--
INFO: Run Behavior\BuildLiteBehavior [ RunTime:0.000008s ]
INFO: [ app_init ] --END-- [ RunTime:0.000277s ]
ERR: 无法加载模块:Publicassets

[ 2017-11-21T09:44:33+08:00 ] 192.168.35.209 /shop2/Publiccss/style.css
INFO: [ app_init ] --START--
INFO: Run Behavior\BuildLiteBehavior [ RunTime:0.000026s ]
INFO: [ app_init ] --END-- [ RunTime:0.000840s ]
ERR: 无法加载模块:Publiccss

[ 2017-11-21T09:44:33+08:00 ] 192.168.35.209 /shop2/Publicassets/css/codemirror.css
INFO: [ app_init ] --START--
INFO: Run Behavior\BuildLiteBehavior [ RunTime:0.000020s ]
INFO: [ app_init ] --END-- [ RunTime:0.000645s ]
ERR: 无法加载模块:Publicassets

[ 2017-11-21T09:44:37+08:00 ] 192.168.35.209 /shop2/Publicassets/js/jquery.min.js
INFO: [ app_init ] --START--
INFO: Run Behavior\BuildLiteBehavior [ RunTime:0.000032s ]
INFO: [ app_init ] --END-- [ RunTime:0.370185s ]
ERR: 无法加载模块:Publicassets

[ 2017-11-21T09:44:37+08:00 ] 192.168.35.209 /shop2/Publicassets/css/font-awesome.min.css
INFO: [ app_init ] --START--
INFO: Run Behavior\BuildLiteBehavior [ RunTime:0.000032s ]
INFO: [ app_init ] --END-- [ RunTime:0.039296s ]
ERR: 无法加载模块:Publicassets

[ 2017-11-21T09:44:37+08:00 ] 192.168.35.209 /shop2/Publicassets/js/jquery.min.js
INFO: [ app_init ] --START--
INFO: Run Behavior\BuildLiteBehavior [ RunTime:0.000061s ]
INFO: [ app_init ] --END-- [ RunTime:0.000779s ]
ERR: 无法加载模块:Publicassets

[ 2017-11-21T09:44:37+08:00 ] 192.168.35.209 /shop2/Publicassets/dist/echarts.js
INFO: [ app_init ] --START--
INFO: Run Behavior\BuildLiteBehavior [ RunTime:0.000008s ]
INFO: [ app_init ] --END-- [ RunTime:0.000195s ]
ERR: 无法加载模块:Publicassets

[ 2017-11-21T09:44:37+08:00 ] 192.168.35.209 /shop2/Publicassets/js/bootstrap.min.js
INFO: [ app_init ] --START--
INFO: Run Behavior\BuildLiteBehavior [ RunTime:0.000008s ]
INFO: [ app_init ] --END-- [ RunTime:0.000269s ]
ERR: 无法加载模块:Publicassets

[ 2017-11-21T09:44:45+08:00 ] 192.168.35.209 /shop2/Publicassets/css/bootstrap.min.css
INFO: [ app_init ] --START--
INFO: Run Behavior\BuildLiteBehavior [ RunTime:0.000008s ]
INFO: [ app_init ] --END-- [ RunTime:0.000189s ]
ERR: 无法加载模块:Publicassets

[ 2017-11-21T09:44:49+08:00 ] 192.168.35.209 /shop2/Publicassets/css/codemirror.css
INFO: [ app_init ] --START--
INFO: Run Behavior\BuildLiteBehavior [ RunTime:0.000022s ]
INFO: [ app_init ] --END-- [ RunTime:0.000692s ]
ERR: 无法加载模块:Publicassets

[ 2017-11-21T09:44:50+08:00 ] 192.168.35.209 /shop2/Publicassets/js/bootstrap.min.js
INFO: [ app_init ] --START--
INFO: Run Behavior\BuildLiteBehavior [ RunTime:0.000014s ]
INFO: [ app_init ] --END-- [ RunTime:0.000320s ]
ERR: 无法加载模块:Publicassets

[ 2017-11-21T09:44:50+08:00 ] 192.168.35.209 /shop2/Publicassets/js/ace-extra.min.js
INFO: [ app_init ] --START--
INFO: Run Behavior\BuildLiteBehavior [ RunTime:0.000032s ]
INFO: [ app_init ] --END-- [ RunTime:0.057065s ]
ERR: 无法加载模块:Publicassets

[ 2017-11-21T09:44:50+08:00 ] 192.168.35.209 /shop2/Publicassets/dist/echarts.js
INFO: [ app_init ] --START--
INFO: Run Behavior\BuildLiteBehavior [ RunTime:0.000016s ]
INFO: [ app_init ] --END-- [ RunTime:0.001018s ]
ERR: 无法加载模块:Publicassets

[ 2017-11-21T09:44:50+08:00 ] 192.168.35.209 /shop2/Publiccss/style.css
INFO: [ app_init ] --START--
INFO: Run Behavior\BuildLiteBehavior [ RunTime:0.000014s ]
INFO: [ app_init ] --END-- [ RunTime:0.000504s ]
ERR: 无法加载模块:Publiccss

[ 2017-11-21T09:44:51+08:00 ] 192.168.35.209 /shop2/Publicassets/js/jquery.min.js
INFO: [ app_init ] --START--
INFO: Run Behavior\BuildLiteBehavior [ RunTime:0.000028s ]
INFO: [ app_init ] --END-- [ RunTime:0.005624s ]
ERR: 无法加载模块:Publicassets

[ 2017-11-21T09:44:52+08:00 ] 192.168.35.209 /shop2/Publicassets/css/font-awesome.min.css
INFO: [ app_init ] --START--
INFO: Run Behavior\BuildLiteBehavior [ RunTime:0.000023s ]
INFO: [ app_init ] --END-- [ RunTime:0.000763s ]
ERR: 无法加载模块:Publicassets

[ 2017-11-21T09:44:52+08:00 ] 192.168.35.209 /shop2/Publicassets/js/jquery.min.js
INFO: [ app_init ] --START--
INFO: Run Behavior\BuildLiteBehavior [ RunTime:0.000008s ]
INFO: [ app_init ] --END-- [ RunTime:0.000197s ]
ERR: 无法加载模块:Publicassets

[ 2017-11-21T09:44:52+08:00 ] 192.168.35.209 /shop2/Publicassets/dist/echarts.js
INFO: [ app_init ] --START--
INFO: Run Behavior\BuildLiteBehavior [ RunTime:0.000011s ]
INFO: [ app_init ] --END-- [ RunTime:0.000327s ]
ERR: 无法加载模块:Publicassets

[ 2017-11-21T09:44:52+08:00 ] 192.168.35.209 /shop2/Publicassets/js/bootstrap.min.js
INFO: [ app_init ] --START--
INFO: Run Behavior\BuildLiteBehavior [ RunTime:0.000009s ]
INFO: [ app_init ] --END-- [ RunTime:0.000203s ]
ERR: 无法加载模块:Publicassets

[ 2017-11-21T10:11:05+08:00 ] 192.168.35.197 /shop2/Application/Admin/View/Index/__PUBLIC__/css/style.css
INFO: [ app_init ] --START--
INFO: Run Behavior\BuildLiteBehavior [ RunTime:0.000025s ]
INFO: [ app_init ] --END-- [ RunTime:0.003045s ]
ERR: 无法加载模块:Application

[ 2017-11-21T10:11:06+08:00 ] 192.168.35.197 /shop2/Application/Admin/View/Index/__PUBLIC__/assets/css/ace-skins.min.css
INFO: [ app_init ] --START--
INFO: Run Behavior\BuildLiteBehavior [ RunTime:0.000029s ]
INFO: [ app_init ] --END-- [ RunTime:0.002609s ]
ERR: 无法加载模块:Application

[ 2017-11-21T10:11:06+08:00 ] 192.168.35.197 /shop2/Application/Admin/View/Index/__PUBLIC__/assets/js/ace-extra.min.js
INFO: [ app_init ] --START--
INFO: Run Behavior\BuildLiteBehavior [ RunTime:0.000025s ]
INFO: [ app_init ] --END-- [ RunTime:0.002195s ]
ERR: 无法加载模块:Application

[ 2017-11-21T10:11:06+08:00 ] 192.168.35.197 /shop2/Application/Admin/View/Index/__PUBLIC__/assets/css/ace-rtl.min.css
INFO: [ app_init ] --START--
INFO: Run Behavior\BuildLiteBehavior [ RunTime:0.000008s ]
INFO: [ app_init ] --END-- [ RunTime:0.000282s ]
ERR: 无法加载模块:Application

[ 2017-11-21T10:11:06+08:00 ] 192.168.35.197 /shop2/Application/Admin/View/Index/__PUBLIC__/assets/js/bootstrap.min.js
INFO: [ app_init ] --START--
INFO: Run Behavior\BuildLiteBehavior [ RunTime:0.000012s ]
INFO: [ app_init ] --END-- [ RunTime:0.001341s ]
ERR: 无法加载模块:Application

[ 2017-11-21T10:11:06+08:00 ] 192.168.35.197 /shop2/Application/Admin/View/Index/__PUBLIC__/js/jquery-1.9.1.min.js
INFO: [ app_init ] --START--
INFO: Run Behavior\BuildLiteBehavior [ RunTime:0.000008s ]
INFO: [ app_init ] --END-- [ RunTime:0.000192s ]
ERR: 无法加载模块:Application

[ 2017-11-21T10:11:06+08:00 ] 192.168.35.197 /shop2/Application/Admin/View/Index/__PUBLIC__/assets/js/ace-elements.min.js
INFO: [ app_init ] --START--
INFO: Run Behavior\BuildLiteBehavior [ RunTime:0.000009s ]
INFO: [ app_init ] --END-- [ RunTime:0.000205s ]
ERR: 无法加载模块:Application

[ 2017-11-21T10:11:06+08:00 ] 192.168.35.197 /shop2/Application/Admin/View/Index/__PUBLIC__/assets/js/ace.min.js
INFO: [ app_init ] --START--
INFO: Run Behavior\BuildLiteBehavior [ RunTime:0.000010s ]
INFO: [ app_init ] --END-- [ RunTime:0.000196s ]
ERR: 无法加载模块:Application

[ 2017-11-21T10:11:06+08:00 ] 192.168.35.197 /shop2/Application/Admin/View/Index/__PUBLIC__/assets/layer/layer.js
INFO: [ app_init ] --START--
INFO: Run Behavior\BuildLiteBehavior [ RunTime:0.000008s ]
INFO: [ app_init ] --END-- [ RunTime:0.000268s ]
ERR: 无法加载模块:Application

[ 2017-11-21T10:11:06+08:00 ] 192.168.35.197 /shop2/Application/Admin/View/Index/__PUBLIC__/assets/laydate/laydate.js
INFO: [ app_init ] --START--
INFO: Run Behavior\BuildLiteBehavior [ RunTime:0.000009s ]
INFO: [ app_init ] --END-- [ RunTime:0.000193s ]
ERR: 无法加载模块:Application

[ 2017-11-21T10:11:06+08:00 ] 192.168.35.197 /shop2/Application/Admin/View/Index/__PUBLIC__/assets/css/ace.min.css
INFO: [ app_init ] --START--
INFO: Run Behavior\BuildLiteBehavior [ RunTime:0.000009s ]
INFO: [ app_init ] --END-- [ RunTime:0.000285s ]
ERR: 无法加载模块:Application

[ 2017-11-21T10:11:06+08:00 ] 192.168.35.197 /shop2/Application/Admin/View/Index/__PUBLIC__/assets/js/typeahead-bs2.min.js
INFO: [ app_init ] --START--
INFO: Run Behavior\BuildLiteBehavior [ RunTime:0.000009s ]
INFO: [ app_init ] --END-- [ RunTime:0.031439s ]
ERR: 无法加载模块:Application

[ 2017-11-21T10:11:06+08:00 ] 192.168.35.197 /shop2/Application/Admin/View/Index/__PUBLIC__/assets/css/font-awesome.min.css
INFO: [ app_init ] --START--
INFO: Run Behavior\BuildLiteBehavior [ RunTime:0.000019s ]
INFO: [ app_init ] --END-- [ RunTime:0.000705s ]
ERR: 无法加载模块:Application

[ 2017-11-21T10:11:06+08:00 ] 192.168.35.197 /shop2/Application/Admin/View/Index/__PUBLIC__/images/logo.png
INFO: [ app_init ] --START--
INFO: Run Behavior\BuildLiteBehavior [ RunTime:0.000019s ]
INFO: [ app_init ] --END-- [ RunTime:0.014037s ]
ERR: 无法加载模块:Application

[ 2017-11-21T10:11:07+08:00 ] 192.168.35.197 /shop2/Application/Admin/View/Index/__PUBLIC__/assets/css/bootstrap.min.css
INFO: [ app_init ] --START--
INFO: Run Behavior\BuildLiteBehavior [ RunTime:0.000033s ]
INFO: [ app_init ] --END-- [ RunTime:0.011742s ]
ERR: 无法加载模块:Application

[ 2017-11-21T10:11:07+08:00 ] 192.168.35.197 /shop2/Application/Admin/View/Index/__PUBLIC__/js/jquery-1.9.1.min.js
INFO: [ app_init ] --START--
INFO: Run Behavior\BuildLiteBehavior [ RunTime:0.000010s ]
INFO: [ app_init ] --END-- [ RunTime:0.000237s ]
ERR: 无法加载模块:Application

[ 2017-11-21T10:11:07+08:00 ] 192.168.35.197 /shop2/Application/Admin/View/Index/__PUBLIC__/assets/js/bootstrap.min.js
INFO: [ app_init ] --START--
INFO: Run Behavior\BuildLiteBehavior [ RunTime:0.000008s ]
INFO: [ app_init ] --END-- [ RunTime:0.000250s ]
ERR: 无法加载模块:Application

[ 2017-11-21T10:11:07+08:00 ] 192.168.35.197 /shop2/Application/Admin/View/Index/__PUBLIC__/assets/js/typeahead-bs2.min.js
INFO: [ app_init ] --START--
INFO: Run Behavior\BuildLiteBehavior [ RunTime:0.000007s ]
INFO: [ app_init ] --END-- [ RunTime:0.000234s ]
ERR: 无法加载模块:Application

[ 2017-11-21T10:11:07+08:00 ] 192.168.35.197 /shop2/Application/Admin/View/Index/__PUBLIC__/assets/js/ace-elements.min.js
INFO: [ app_init ] --START--
INFO: Run Behavior\BuildLiteBehavior [ RunTime:0.000007s ]
INFO: [ app_init ] --END-- [ RunTime:0.000184s ]
ERR: 无法加载模块:Application

[ 2017-11-21T10:11:07+08:00 ] 192.168.35.197 /shop2/Application/Admin/View/Index/__PUBLIC__/assets/js/ace.min.js
INFO: [ app_init ] --START--
INFO: Run Behavior\BuildLiteBehavior [ RunTime:0.000008s ]
INFO: [ app_init ] --END-- [ RunTime:0.000189s ]
ERR: 无法加载模块:Application

[ 2017-11-21T10:11:07+08:00 ] 192.168.35.197 /shop2/Application/Admin/View/Index/__PUBLIC__/assets/layer/layer.js
INFO: [ app_init ] --START--
INFO: Run Behavior\BuildLiteBehavior [ RunTime:0.000009s ]
INFO: [ app_init ] --END-- [ RunTime:0.000212s ]
ERR: 无法加载模块:Application

[ 2017-11-21T10:11:07+08:00 ] 192.168.35.197 /shop2/Application/Admin/View/Index/__PUBLIC__/assets/laydate/laydate.js
INFO: [ app_init ] --START--
INFO: Run Behavior\BuildLiteBehavior [ RunTime:0.000007s ]
INFO: [ app_init ] --END-- [ RunTime:0.000184s ]
ERR: 无法加载模块:Application

[ 2017-11-21T10:11:07+08:00 ] 192.168.35.197 /shop2/Application/Admin/View/Index/__PUBLIC__/assets/css/bootstrap.min.css
INFO: [ app_init ] --START--
INFO: Run Behavior\BuildLiteBehavior [ RunTime:0.000009s ]
INFO: [ app_init ] --END-- [ RunTime:0.000193s ]
ERR: 无法加载模块:Application

[ 2017-11-21T10:11:07+08:00 ] 192.168.35.197 /shop2/Application/Admin/View/Index/__PUBLIC__/assets/css/font-awesome.min.css
INFO: [ app_init ] --START--
INFO: Run Behavior\BuildLiteBehavior [ RunTime:0.000009s ]
INFO: [ app_init ] --END-- [ RunTime:0.000194s ]
ERR: 无法加载模块:Application

[ 2017-11-21T10:11:07+08:00 ] 192.168.35.197 /shop2/Application/Admin/View/Index/__PUBLIC__/css/style.css
INFO: [ app_init ] --START--
INFO: Run Behavior\BuildLiteBehavior [ RunTime:0.000011s ]
INFO: [ app_init ] --END-- [ RunTime:0.004571s ]
ERR: 无法加载模块:Application

[ 2017-11-21T10:11:07+08:00 ] 192.168.35.197 /shop2/Application/Admin/View/Index/__PUBLIC__/assets/css/codemirror.css
INFO: [ app_init ] --START--
INFO: Run Behavior\BuildLiteBehavior [ RunTime:0.000011s ]
INFO: [ app_init ] --END-- [ RunTime:0.004608s ]
ERR: 无法加载模块:Application

[ 2017-11-21T10:11:07+08:00 ] 192.168.35.197 /shop2/Application/Admin/View/Index/__PUBLIC__/assets/js/ace-extra.min.js
INFO: [ app_init ] --START--
INFO: Run Behavior\BuildLiteBehavior [ RunTime:0.000008s ]
INFO: [ app_init ] --END-- [ RunTime:0.000189s ]
ERR: 无法加载模块:Application

[ 2017-11-21T10:11:07+08:00 ] 192.168.35.197 /shop2/Application/Admin/View/Index/__PUBLIC__/assets/js/bootstrap.min.js
INFO: [ app_init ] --START--
INFO: Run Behavior\BuildLiteBehavior [ RunTime:0.000009s ]
INFO: [ app_init ] --END-- [ RunTime:0.000261s ]
ERR: 无法加载模块:Application

[ 2017-11-21T10:11:08+08:00 ] 192.168.35.197 /shop2/Application/Admin/View/Index/__PUBLIC__/assets/dist/echarts.js
INFO: [ app_init ] --START--
INFO: Run Behavior\BuildLiteBehavior [ RunTime:0.000009s ]
INFO: [ app_init ] --END-- [ RunTime:0.000306s ]
ERR: 无法加载模块:Application

[ 2017-11-21T10:11:08+08:00 ] 192.168.35.197 /shop2/Application/Admin/View/Index/__PUBLIC__/assets/js/jquery.min.js
INFO: [ app_init ] --START--
INFO: Run Behavior\BuildLiteBehavior [ RunTime:0.000027s ]
INFO: [ app_init ] --END-- [ RunTime:0.001027s ]
ERR: 无法加载模块:Application

[ 2017-11-21T10:11:08+08:00 ] 192.168.35.197 /shop2/Application/Admin/View/Index/__PUBLIC__/assets/dist/echarts.js
INFO: [ app_init ] --START--
INFO: Run Behavior\BuildLiteBehavior [ RunTime:0.000014s ]
INFO: [ app_init ] --END-- [ RunTime:0.000357s ]
ERR: 无法加载模块:Application

[ 2017-11-21T10:11:08+08:00 ] 192.168.35.197 /shop2/Application/Admin/View/Index/__PUBLIC__/assets/js/bootstrap.min.js
INFO: [ app_init ] --START--
INFO: Run Behavior\BuildLiteBehavior [ RunTime:0.000013s ]
INFO: [ app_init ] --END-- [ RunTime:0.000316s ]
ERR: 无法加载模块:Application

[ 2017-11-21T12:53:08+08:00 ] 192.168.35.209 /shop2/Public/assetss/js/jquery.dataTables.bootstrap.js
INFO: [ app_init ] --START--
INFO: Run Behavior\BuildLiteBehavior [ RunTime:0.000009s ]
INFO: [ app_init ] --END-- [ RunTime:0.000200s ]
ERR: 无法加载模块:Public

[ 2017-11-21T12:53:08+08:00 ] 192.168.35.209 /shop2/Public/assetss/js/jquery.dataTables.bootstrap.js
INFO: [ app_init ] --START--
INFO: Run Behavior\BuildLiteBehavior [ RunTime:0.000009s ]
INFO: [ app_init ] --END-- [ RunTime:0.000239s ]
ERR: 无法加载模块:Public

[ 2017-11-21T12:53:11+08:00 ] 192.168.35.209 /shop2/Public/assetss/js/jquery.dataTables.bootstrap.js
INFO: [ app_init ] --START--
INFO: Run Behavior\BuildLiteBehavior [ RunTime:0.000013s ]
INFO: [ app_init ] --END-- [ RunTime:0.000249s ]
ERR: 无法加载模块:Public

[ 2017-11-21T12:53:40+08:00 ] 192.168.35.209 /shop2/Public/assetss/js/jquery.dataTables.bootstrap.js
INFO: [ app_init ] --START--
INFO: Run Behavior\BuildLiteBehavior [ RunTime:0.000010s ]
INFO: [ app_init ] --END-- [ RunTime:0.000228s ]
ERR: 无法加载模块:Public

[ 2017-11-21T12:55:01+08:00 ] 192.168.35.209 /shop2/Public/assetss/js/jquery.dataTables.bootstrap.js
INFO: [ app_init ] --START--
INFO: Run Behavior\BuildLiteBehavior [ RunTime:0.000033s ]
INFO: [ app_init ] --END-- [ RunTime:0.000272s ]
ERR: 无法加载模块:Public

[ 2017-11-21T12:55:01+08:00 ] 192.168.35.209 /shop2/Public/assetss/js/jquery.dataTables.bootstrap.js
INFO: [ app_init ] --START--
INFO: Run Behavior\BuildLiteBehavior [ RunTime:0.000012s ]
INFO: [ app_init ] --END-- [ RunTime:0.000247s ]
ERR: 无法加载模块:Public

[ 2017-11-21T12:58:55+08:00 ] 192.168.35.209 /shop2/Public/assetss/js/jquery.dataTables.bootstrap.js
INFO: [ app_init ] --START--
INFO: Run Behavior\BuildLiteBehavior [ RunTime:0.000015s ]
INFO: [ app_init ] --END-- [ RunTime:0.000364s ]
ERR: 无法加载模块:Public

[ 2017-11-21T12:58:55+08:00 ] 192.168.35.209 /shop2/Public/assetss/js/jquery.dataTables.bootstrap.js
INFO: [ app_init ] --START--
INFO: Run Behavior\BuildLiteBehavior [ RunTime:0.000007s ]
INFO: [ app_init ] --END-- [ RunTime:0.000186s ]
ERR: 无法加载模块:Public

[ 2017-11-21T13:02:33+08:00 ] 192.168.35.209 /shop2/Public/assetss/js/jquery.dataTables.bootstrap.js
INFO: [ app_init ] --START--
INFO: Run Behavior\BuildLiteBehavior [ RunTime:0.000019s ]
INFO: [ app_init ] --END-- [ RunTime:0.000647s ]
ERR: 无法加载模块:Public

[ 2017-11-21T13:05:36+08:00 ] 192.168.35.209 /shop2/Public/assetss/js/jquery.dataTables.bootstrap.js
INFO: [ app_init ] --START--
INFO: Run Behavior\BuildLiteBehavior [ RunTime:0.000011s ]
INFO: [ app_init ] --END-- [ RunTime:0.000308s ]
ERR: 无法加载模块:Public

[ 2017-11-21T13:05:36+08:00 ] 192.168.35.209 /shop2/Public/assetss/js/jquery.dataTables.bootstrap.js
INFO: [ app_init ] --START--
INFO: Run Behavior\BuildLiteBehavior [ RunTime:0.000007s ]
INFO: [ app_init ] --END-- [ RunTime:0.000193s ]
ERR: 无法加载模块:Public

[ 2017-11-21T13:08:12+08:00 ] 192.168.35.209 /shop2/Public/assetss/js/jquery.dataTables.bootstrap.js
INFO: [ app_init ] --START--
INFO: Run Behavior\BuildLiteBehavior [ RunTime:0.000010s ]
INFO: [ app_init ] --END-- [ RunTime:0.000318s ]
ERR: 无法加载模块:Public

[ 2017-11-21T13:08:12+08:00 ] 192.168.35.209 /shop2/Public/assetss/js/jquery.dataTables.bootstrap.js
INFO: [ app_init ] --START--
INFO: Run Behavior\BuildLiteBehavior [ RunTime:0.000010s ]
INFO: [ app_init ] --END-- [ RunTime:0.000285s ]
ERR: 无法加载模块:Public

[ 2017-11-21T13:10:34+08:00 ] 192.168.35.209 /shop2/Public/assetss/js/jquery.dataTables.bootstrap.js
INFO: [ app_init ] --START--
INFO: Run Behavior\BuildLiteBehavior [ RunTime:0.000012s ]
INFO: [ app_init ] --END-- [ RunTime:0.000304s ]
ERR: 无法加载模块:Public

[ 2017-11-21T13:10:35+08:00 ] 192.168.35.209 /shop2/Public/assetss/js/jquery.dataTables.bootstrap.js
INFO: [ app_init ] --START--
INFO: Run Behavior\BuildLiteBehavior [ RunTime:0.000008s ]
INFO: [ app_init ] --END-- [ RunTime:0.000211s ]
ERR: 无法加载模块:Public

[ 2017-11-21T13:16:36+08:00 ] 192.168.35.209 /shop2/Public/assetss/js/jquery.dataTables.bootstrap.js
INFO: [ app_init ] --START--
INFO: Run Behavior\BuildLiteBehavior [ RunTime:0.000011s ]
INFO: [ app_init ] --END-- [ RunTime:0.000255s ]
ERR: 无法加载模块:Public

[ 2017-11-21T13:16:37+08:00 ] 192.168.35.209 /shop2/Public/assetss/js/jquery.dataTables.bootstrap.js
INFO: [ app_init ] --START--
INFO: Run Behavior\BuildLiteBehavior [ RunTime:0.000009s ]
INFO: [ app_init ] --END-- [ RunTime:0.000199s ]
ERR: 无法加载模块:Public

[ 2017-11-21T13:44:28+08:00 ] 192.168.35.209 /shop2/Public/assetss/js/jquery.dataTables.bootstrap.js
INFO: [ app_init ] --START--
INFO: Run Behavior\BuildLiteBehavior [ RunTime:0.000015s ]
INFO: [ app_init ] --END-- [ RunTime:0.000351s ]
ERR: 无法加载模块:Public

[ 2017-11-21T13:44:28+08:00 ] 192.168.35.209 /shop2/Public/assetss/js/jquery.dataTables.bootstrap.js
INFO: [ app_init ] --START--
INFO: Run Behavior\BuildLiteBehavior [ RunTime:0.000008s ]
INFO: [ app_init ] --END-- [ RunTime:0.000245s ]
ERR: 无法加载模块:Public

[ 2017-11-21T15:06:38+08:00 ] 192.168.35.197 /shop2/Application/Admin/Index/index
INFO: [ app_init ] --START--
INFO: Run Behavior\BuildLiteBehavior [ RunTime:0.000019s ]
INFO: [ app_init ] --END-- [ RunTime:0.000415s ]
ERR: 无法加载模块:Application

[ 2017-11-21T16:49:24+08:00 ] 192.168.35.87 /shop2/index.html
INFO: [ app_init ] --START--
INFO: Run Behavior\BuildLiteBehavior [ RunTime:0.000014s ]
INFO: [ app_init ] --END-- [ RunTime:0.000383s ]
ERR: 无法加载模块:Index

[ 2017-11-21T17:35:58+08:00 ] 192.168.35.87 /shop2/Public/echarts/chart/pie.js
INFO: [ app_init ] --START--
INFO: Run Behavior\BuildLiteBehavior [ RunTime:0.000007s ]
INFO: [ app_init ] --END-- [ RunTime:0.000188s ]
ERR: 无法加载模块:Public

[ 2017-11-21T17:35:58+08:00 ] 192.168.35.87 /shop2/Public/echarts/chart/funnel.js
INFO: [ app_init ] --START--
INFO: Run Behavior\BuildLiteBehavior [ RunTime:0.000009s ]
INFO: [ app_init ] --END-- [ RunTime:0.000193s ]
ERR: 无法加载模块:Public

[ 2017-11-21T17:35:58+08:00 ] 192.168.35.87 /shop2/Public/echarts.js
INFO: [ app_init ] --START--
INFO: Run Behavior\BuildLiteBehavior [ RunTime:0.000008s ]
INFO: [ app_init ] --END-- [ RunTime:0.000194s ]
ERR: 无法加载模块:Public

[ 2017-11-21T18:01:04+08:00 ] 192.168.35.197 /shop2/Application/Admin/User/index
INFO: [ app_init ] --START--
INFO: Run Behavior\BuildLiteBehavior [ RunTime:0.000013s ]
INFO: [ app_init ] --END-- [ RunTime:0.000408s ]
ERR: 无法加载模块:Application

[ 2017-11-21T18:01:22+08:00 ] 192.168.35.197 /shop2/user_list.html
INFO: [ app_init ] --START--
INFO: Run Behavior\BuildLiteBehavior [ RunTime:0.000016s ]
INFO: [ app_init ] --END-- [ RunTime:0.000411s ]
ERR: 无法加载模块:User_list

[ 2017-11-21T18:01:24+08:00 ] 192.168.35.197 /shop2/user_list.html
INFO: [ app_init ] --START--
INFO: Run Behavior\BuildLiteBehavior [ RunTime:0.000026s ]
INFO: [ app_init ] --END-- [ RunTime:0.000742s ]
ERR: 无法加载模块:User_list

[ 2017-11-21T18:01:25+08:00 ] 192.168.35.197 /shop2/user_list.html
INFO: [ app_init ] --START--
INFO: Run Behavior\BuildLiteBehavior [ RunTime:0.000016s ]
INFO: [ app_init ] --END-- [ RunTime:0.000402s ]
ERR: 无法加载模块:User_list

[ 2017-11-21T18:01:25+08:00 ] 192.168.35.197 /shop2/user_list.html
INFO: [ app_init ] --START--
INFO: Run Behavior\BuildLiteBehavior [ RunTime:0.000024s ]
INFO: [ app_init ] --END-- [ RunTime:0.000713s ]
ERR: 无法加载模块:User_list

[ 2017-11-21T18:01:25+08:00 ] 192.168.35.197 /shop2/user_list.html
INFO: [ app_init ] --START--
INFO: Run Behavior\BuildLiteBehavior [ RunTime:0.000018s ]
INFO: [ app_init ] --END-- [ RunTime:0.000466s ]
ERR: 无法加载模块:User_list

[ 2017-11-21T18:01:25+08:00 ] 192.168.35.197 /shop2/user_list.html
INFO: [ app_init ] --START--
INFO: Run Behavior\BuildLiteBehavior [ RunTime:0.000023s ]
INFO: [ app_init ] --END-- [ RunTime:0.000650s ]
ERR: 无法加载模块:User_list

[ 2017-11-21T18:01:26+08:00 ] 192.168.35.197 /shop2/user_list.html
INFO: [ app_init ] --START--
INFO: Run Behavior\BuildLiteBehavior [ RunTime:0.000026s ]
INFO: [ app_init ] --END-- [ RunTime:0.000747s ]
ERR: 无法加载模块:User_list

[ 2017-11-21T18:01:26+08:00 ] 192.168.35.197 /shop2/user_list.html
INFO: [ app_init ] --START--
INFO: Run Behavior\BuildLiteBehavior [ RunTime:0.000019s ]
INFO: [ app_init ] --END-- [ RunTime:0.000468s ]
ERR: 无法加载模块:User_list

[ 2017-11-21T18:01:26+08:00 ] 192.168.35.197 /shop2/user_list.html
INFO: [ app_init ] --START--
INFO: Run Behavior\BuildLiteBehavior [ RunTime:0.000009s ]
INFO: [ app_init ] --END-- [ RunTime:0.000207s ]
ERR: 无法加载模块:User_list

[ 2017-11-21T18:01:26+08:00 ] 192.168.35.197 /shop2/user_list.html
INFO: [ app_init ] --START--
INFO: Run Behavior\BuildLiteBehavior [ RunTime:0.000008s ]
INFO: [ app_init ] --END-- [ RunTime:0.000246s ]
ERR: 无法加载模块:User_list

[ 2017-11-21T18:13:57+08:00 ] 192.168.35.197 /shop2/user_list.html
INFO: [ app_init ] --START--
INFO: Run Behavior\BuildLiteBehavior [ RunTime:0.000008s ]
INFO: [ app_init ] --END-- [ RunTime:0.000199s ]
ERR: 无法加载模块:User_list

[ 2017-11-21T18:13:58+08:00 ] 192.168.35.197 /shop2/user_list.html
INFO: [ app_init ] --START--
INFO: Run Behavior\BuildLiteBehavior [ RunTime:0.000019s ]
INFO: [ app_init ] --END-- [ RunTime:0.000630s ]
ERR: 无法加载模块:User_list

[ 2017-11-21T18:13:58+08:00 ] 192.168.35.197 /shop2/user_list.html
INFO: [ app_init ] --START--
INFO: Run Behavior\BuildLiteBehavior [ RunTime:0.000009s ]
INFO: [ app_init ] --END-- [ RunTime:0.000210s ]
ERR: 无法加载模块:User_list

[ 2017-11-21T18:14:36+08:00 ] 192.168.35.197 /shop2/member-Grading.html
INFO: [ app_init ] --START--
INFO: Run Behavior\BuildLiteBehavior [ RunTime:0.000014s ]
INFO: [ app_init ] --END-- [ RunTime:0.000393s ]
ERR: 无法加载模块:Member-Grading

[ 2017-11-21T18:16:53+08:00 ] 192.168.35.197 /shop2/member-Grading.html
INFO: [ app_init ] --START--
INFO: Run Behavior\BuildLiteBehavior [ RunTime:0.000011s ]
INFO: [ app_init ] --END-- [ RunTime:0.000242s ]
ERR: 无法加载模块:Member-Grading

[ 2017-11-21T18:18:19+08:00 ] 192.168.35.197 /shop2/integration.html
INFO: [ app_init ] --START--
INFO: Run Behavior\BuildLiteBehavior [ RunTime:0.000008s ]
INFO: [ app_init ] --END-- [ RunTime:0.000192s ]
ERR: 无法加载模块:Integration

[ 2017-11-21T18:18:25+08:00 ] 192.168.35.197 /shop2/integration.html
INFO: [ app_init ] --START--
INFO: Run Behavior\BuildLiteBehavior [ RunTime:0.000011s ]
INFO: [ app_init ] --END-- [ RunTime:0.000299s ]
ERR: 无法加载模块:Integration

[ 2017-11-21T22:01:05+08:00 ] 192.168.35.87 /shop2/Public/static/h-ui/css/H-ui.min.css
INFO: [ app_init ] --START--
INFO: Run Behavior\BuildLiteBehavior [ RunTime:0.000011s ]
INFO: [ app_init ] --END-- [ RunTime:0.000224s ]
ERR: 无法加载模块:Public

[ 2017-11-21T22:01:05+08:00 ] 192.168.35.87 /shop2/Public/static/h-ui.admin/skin/default/skin.css
INFO: [ app_init ] --START--
INFO: Run Behavior\BuildLiteBehavior [ RunTime:0.000008s ]
INFO: [ app_init ] --END-- [ RunTime:0.000186s ]
ERR: 无法加载模块:Public

[ 2017-11-21T22:01:05+08:00 ] 192.168.35.87 /shop2/Public/static/h-ui.admin/css/H-ui.admin.css
INFO: [ app_init ] --START--
INFO: Run Behavior\BuildLiteBehavior [ RunTime:0.000008s ]
INFO: [ app_init ] --END-- [ RunTime:0.000203s ]
ERR: 无法加载模块:Public

[ 2017-11-21T22:01:05+08:00 ] 192.168.35.87 /shop2/Public/static/h-ui.admin/css/style.css
INFO: [ app_init ] --START--
INFO: Run Behavior\BuildLiteBehavior [ RunTime:0.000009s ]
INFO: [ app_init ] --END-- [ RunTime:0.000237s ]
ERR: 无法加载模块:Public

[ 2017-11-21T22:01:05+08:00 ] 192.168.35.87 /shop2/Public/lib/Hui-iconfont/1.0.8/iconfont.css
INFO: [ app_init ] --START--
INFO: Run Behavior\BuildLiteBehavior [ RunTime:0.000009s ]
INFO: [ app_init ] --END-- [ RunTime:0.000202s ]
ERR: 无法加载模块:Public

[ 2017-11-21T22:15:26+08:00 ] 192.168.35.209 /shop2/Public/static/h-ui.admin/css/H-ui.admin.css
INFO: [ app_init ] --START--
INFO: Run Behavior\BuildLiteBehavior [ RunTime:0.000008s ]
INFO: [ app_init ] --END-- [ RunTime:0.000247s ]
ERR: 无法加载模块:Public

[ 2017-11-21T22:15:26+08:00 ] 192.168.35.209 /shop2/Public/static/h-ui.admin/css/style1.css
INFO: [ app_init ] --START--
INFO: Run Behavior\BuildLiteBehavior [ RunTime:0.000013s ]
INFO: [ app_init ] --END-- [ RunTime:0.008493s ]
ERR: 无法加载模块:Public

[ 2017-11-21T22:15:26+08:00 ] 192.168.35.209 /shop2/Public/lib/Hui-iconfont/1.0.8/iconfont.css
INFO: [ app_init ] --START--
INFO: Run Behavior\BuildLiteBehavior [ RunTime:0.000014s ]
INFO: [ app_init ] --END-- [ RunTime:0.000346s ]
ERR: 无法加载模块:Public

[ 2017-11-21T22:15:26+08:00 ] 192.168.35.209 /shop2/Public/static/h-ui/css/H-ui.min.css
INFO: [ app_init ] --START--
INFO: Run Behavior\BuildLiteBehavior [ RunTime:0.000026s ]
INFO: [ app_init ] --END-- [ RunTime:0.007994s ]
ERR: 无法加载模块:Public

[ 2017-11-21T22:15:26+08:00 ] 192.168.35.209 /shop2/Public/static/h-ui.admin/skin/default/skin.css
INFO: [ app_init ] --START--
INFO: Run Behavior\BuildLiteBehavior [ RunTime:0.000008s ]
INFO: [ app_init ] --END-- [ RunTime:0.000195s ]
ERR: 无法加载模块:Public

[ 2017-11-21T22:17:44+08:00 ] 192.168.35.209 /shop2/Public/css/iconfont.woff
INFO: [ app_init ] --START--
INFO: Run Behavior\BuildLiteBehavior [ RunTime:0.000014s ]
INFO: [ app_init ] --END-- [ RunTime:0.000321s ]
ERR: 无法加载模块:Public

[ 2017-11-21T22:17:44+08:00 ] 192.168.35.209 /shop2/Public/css/iconfont.ttf
INFO: [ app_init ] --START--
INFO: Run Behavior\BuildLiteBehavior [ RunTime:0.000009s ]
INFO: [ app_init ] --END-- [ RunTime:0.000224s ]
ERR: 无法加载模块:Public

[ 2017-11-21T22:18:57+08:00 ] 192.168.35.209 /shop2/Public/css/iconfont.woff
INFO: [ app_init ] --START--
INFO: Run Behavior\BuildLiteBehavior [ RunTime:0.000010s ]
INFO: [ app_init ] --END-- [ RunTime:0.000232s ]
ERR: 无法加载模块:Public

[ 2017-11-21T22:18:57+08:00 ] 192.168.35.209 /shop2/Public/css/iconfont.ttf
INFO: [ app_init ] --START--
INFO: Run Behavior\BuildLiteBehavior [ RunTime:0.000011s ]
INFO: [ app_init ] --END-- [ RunTime:0.000245s ]
ERR: 无法加载模块:Public

[ 2017-11-21T22:18:58+08:00 ] 192.168.35.209 /shop2/Public/css/iconfont.woff
INFO: [ app_init ] --START--
INFO: Run Behavior\BuildLiteBehavior [ RunTime:0.000010s ]
INFO: [ app_init ] --END-- [ RunTime:0.000364s ]
ERR: 无法加载模块:Public

[ 2017-11-21T22:18:58+08:00 ] 192.168.35.209 /shop2/Public/css/iconfont.ttf
INFO: [ app_init ] --START--
INFO: Run Behavior\BuildLiteBehavior [ RunTime:0.000014s ]
INFO: [ app_init ] --END-- [ RunTime:0.000322s ]
ERR: 无法加载模块:Public

[ 2017-11-21T22:18:58+08:00 ] 192.168.35.209 /shop2/Public/css/iconfont.woff
INFO: [ app_init ] --START--
INFO: Run Behavior\BuildLiteBehavior [ RunTime:0.000014s ]
INFO: [ app_init ] --END-- [ RunTime:0.000516s ]
ERR: 无法加载模块:Public

[ 2017-11-21T22:18:58+08:00 ] 192.168.35.209 /shop2/Public/css/iconfont.ttf
INFO: [ app_init ] --START--
INFO: Run Behavior\BuildLiteBehavior [ RunTime:0.000014s ]
INFO: [ app_init ] --END-- [ RunTime:0.000383s ]
ERR: 无法加载模块:Public

[ 2017-11-21T22:19:02+08:00 ] 192.168.35.209 /shop2/Public/css/iconfont.woff
INFO: [ app_init ] --START--
INFO: Run Behavior\BuildLiteBehavior [ RunTime:0.000011s ]
INFO: [ app_init ] --END-- [ RunTime:0.000279s ]
ERR: 无法加载模块:Public

[ 2017-11-21T22:19:02+08:00 ] 192.168.35.209 /shop2/Public/css/iconfont.ttf
INFO: [ app_init ] --START--
INFO: Run Behavior\BuildLiteBehavior [ RunTime:0.000015s ]
INFO: [ app_init ] --END-- [ RunTime:0.000355s ]
ERR: 无法加载模块:Public

[ 2017-11-21T22:22:03+08:00 ] 192.168.35.209 /shop2/Public/css/iconfont.woff
INFO: [ app_init ] --START--
INFO: Run Behavior\BuildLiteBehavior [ RunTime:0.000019s ]
INFO: [ app_init ] --END-- [ RunTime:0.000477s ]
ERR: 无法加载模块:Public

[ 2017-11-21T22:22:03+08:00 ] 192.168.35.209 /shop2/Public/css/iconfont.ttf
INFO: [ app_init ] --START--
INFO: Run Behavior\BuildLiteBehavior [ RunTime:0.000012s ]
INFO: [ app_init ] --END-- [ RunTime:0.000229s ]
ERR: 无法加载模块:Public

[ 2017-11-21T22:22:20+08:00 ] 192.168.35.209 /shop2/Public/css/iconfont.woff
INFO: [ app_init ] --START--
INFO: Run Behavior\BuildLiteBehavior [ RunTime:0.000010s ]
INFO: [ app_init ] --END-- [ RunTime:0.000232s ]
ERR: 无法加载模块:Public

[ 2017-11-21T22:22:20+08:00 ] 192.168.35.209 /shop2/Public/css/iconfont.ttf
INFO: [ app_init ] --START--
INFO: Run Behavior\BuildLiteBehavior [ RunTime:0.000011s ]
INFO: [ app_init ] --END-- [ RunTime:0.000323s ]
ERR: 无法加载模块:Public

[ 2017-11-21T22:22:22+08:00 ] 192.168.35.209 /shop2/Public/css/iconfont.woff
INFO: [ app_init ] --START--
INFO: Run Behavior\BuildLiteBehavior [ RunTime:0.000008s ]
INFO: [ app_init ] --END-- [ RunTime:0.000192s ]
ERR: 无法加载模块:Public

[ 2017-11-21T22:22:22+08:00 ] 192.168.35.209 /shop2/Public/css/iconfont.ttf
INFO: [ app_init ] --START--
INFO: Run Behavior\BuildLiteBehavior [ RunTime:0.000009s ]
INFO: [ app_init ] --END-- [ RunTime:0.000198s ]
ERR: 无法加载模块:Public

[ 2017-11-21T22:22:23+08:00 ] 192.168.35.209 /shop2/Public/css/iconfont.woff
INFO: [ app_init ] --START--
INFO: Run Behavior\BuildLiteBehavior [ RunTime:0.000014s ]
INFO: [ app_init ] --END-- [ RunTime:0.000306s ]
ERR: 无法加载模块:Public

[ 2017-11-21T22:22:23+08:00 ] 192.168.35.209 /shop2/Public/css/iconfont.ttf
INFO: [ app_init ] --START--
INFO: Run Behavior\BuildLiteBehavior [ RunTime:0.000016s ]
INFO: [ app_init ] --END-- [ RunTime:0.000363s ]
ERR: 无法加载模块:Public

[ 2017-11-21T22:22:25+08:00 ] 192.168.35.209 /shop2/Public/css/iconfont.woff
INFO: [ app_init ] --START--
INFO: Run Behavior\BuildLiteBehavior [ RunTime:0.000012s ]
INFO: [ app_init ] --END-- [ RunTime:0.000240s ]
ERR: 无法加载模块:Public

[ 2017-11-21T22:22:25+08:00 ] 192.168.35.209 /shop2/Public/css/iconfont.ttf
INFO: [ app_init ] --START--
INFO: Run Behavior\BuildLiteBehavior [ RunTime:0.000014s ]
INFO: [ app_init ] --END-- [ RunTime:0.000364s ]
ERR: 无法加载模块:Public

[ 2017-11-21T22:22:26+08:00 ] 192.168.35.209 /shop2/Public/css/iconfont.woff
INFO: [ app_init ] --START--
INFO: Run Behavior\BuildLiteBehavior [ RunTime:0.000013s ]
INFO: [ app_init ] --END-- [ RunTime:0.000250s ]
ERR: 无法加载模块:Public

[ 2017-11-21T22:22:26+08:00 ] 192.168.35.209 /shop2/Public/css/iconfont.ttf
INFO: [ app_init ] --START--
INFO: Run Behavior\BuildLiteBehavior [ RunTime:0.000011s ]
INFO: [ app_init ] --END-- [ RunTime:0.000281s ]
ERR: 无法加载模块:Public

[ 2017-11-21T22:22:26+08:00 ] 192.168.35.209 /shop2/Public/css/iconfont.woff
INFO: [ app_init ] --START--
INFO: Run Behavior\BuildLiteBehavior [ RunTime:0.000010s ]
INFO: [ app_init ] --END-- [ RunTime:0.000233s ]
ERR: 无法加载模块:Public

[ 2017-11-21T22:22:26+08:00 ] 192.168.35.209 /shop2/Public/css/iconfont.ttf
INFO: [ app_init ] --START--
INFO: Run Behavior\BuildLiteBehavior [ RunTime:0.000008s ]
INFO: [ app_init ] --END-- [ RunTime:0.000206s ]
ERR: 无法加载模块:Public

[ 2017-11-21T22:22:32+08:00 ] 192.168.35.209 /shop2/Public/css/iconfont.woff
INFO: [ app_init ] --START--
INFO: Run Behavior\BuildLiteBehavior [ RunTime:0.000012s ]
INFO: [ app_init ] --END-- [ RunTime:0.000235s ]
ERR: 无法加载模块:Public

[ 2017-11-21T22:22:32+08:00 ] 192.168.35.209 /shop2/Public/css/iconfont.ttf
INFO: [ app_init ] --START--
INFO: Run Behavior\BuildLiteBehavior [ RunTime:0.000009s ]
INFO: [ app_init ] --END-- [ RunTime:0.000191s ]
ERR: 无法加载模块:Public

[ 2017-11-21T22:23:07+08:00 ] 192.168.35.209 /shop2/Public/css/iconfont.woff
INFO: [ app_init ] --START--
INFO: Run Behavior\BuildLiteBehavior [ RunTime:0.000013s ]
INFO: [ app_init ] --END-- [ RunTime:0.000301s ]
ERR: 无法加载模块:Public

[ 2017-11-21T22:23:07+08:00 ] 192.168.35.209 /shop2/Public/css/iconfont.ttf
INFO: [ app_init ] --START--
INFO: Run Behavior\BuildLiteBehavior [ RunTime:0.000009s ]
INFO: [ app_init ] --END-- [ RunTime:0.000237s ]
ERR: 无法加载模块:Public

[ 2017-11-21T22:23:07+08:00 ] 192.168.35.209 /shop2/Public/css/iconfont.woff
INFO: [ app_init ] --START--
INFO: Run Behavior\BuildLiteBehavior [ RunTime:0.000011s ]
INFO: [ app_init ] --END-- [ RunTime:0.000389s ]
ERR: 无法加载模块:Public

[ 2017-11-21T22:23:07+08:00 ] 192.168.35.209 /shop2/Public/css/iconfont.ttf
INFO: [ app_init ] --START--
INFO: Run Behavior\BuildLiteBehavior [ RunTime:0.000016s ]
INFO: [ app_init ] --END-- [ RunTime:0.000556s ]
ERR: 无法加载模块:Public

[ 2017-11-21T22:23:08+08:00 ] 192.168.35.209 /shop2/Public/css/iconfont.woff
INFO: [ app_init ] --START--
INFO: Run Behavior\BuildLiteBehavior [ RunTime:0.000014s ]
INFO: [ app_init ] --END-- [ RunTime:0.000336s ]
ERR: 无法加载模块:Public

[ 2017-11-21T22:23:08+08:00 ] 192.168.35.209 /shop2/Public/css/iconfont.ttf
INFO: [ app_init ] --START--
INFO: Run Behavior\BuildLiteBehavior [ RunTime:0.000008s ]
INFO: [ app_init ] --END-- [ RunTime:0.000195s ]
ERR: 无法加载模块:Public

[ 2017-11-21T22:23:22+08:00 ] 192.168.35.209 /shop2/Public/css/iconfont.woff
INFO: [ app_init ] --START--
INFO: Run Behavior\BuildLiteBehavior [ RunTime:0.000010s ]
INFO: [ app_init ] --END-- [ RunTime:0.000249s ]
ERR: 无法加载模块:Public

[ 2017-11-21T22:23:22+08:00 ] 192.168.35.209 /shop2/Public/css/iconfont.ttf
INFO: [ app_init ] --START--
INFO: Run Behavior\BuildLiteBehavior [ RunTime:0.000010s ]
INFO: [ app_init ] --END-- [ RunTime:0.000358s ]
ERR: 无法加载模块:Public

[ 2017-11-21T22:23:42+08:00 ] 192.168.35.209 /shop2/Public/css/iconfont.woff
INFO: [ app_init ] --START--
INFO: Run Behavior\BuildLiteBehavior [ RunTime:0.000012s ]
INFO: [ app_init ] --END-- [ RunTime:0.000511s ]
ERR: 无法加载模块:Public

[ 2017-11-21T22:23:42+08:00 ] 192.168.35.209 /shop2/Public/css/iconfont.ttf
INFO: [ app_init ] --START--
INFO: Run Behavior\BuildLiteBehavior [ RunTime:0.000027s ]
INFO: [ app_init ] --END-- [ RunTime:0.000474s ]
ERR: 无法加载模块:Public

[ 2017-11-21T22:23:43+08:00 ] 192.168.35.209 /shop2/Public/css/iconfont.woff
INFO: [ app_init ] --START--
INFO: Run Behavior\BuildLiteBehavior [ RunTime:0.000010s ]
INFO: [ app_init ] --END-- [ RunTime:0.000220s ]
ERR: 无法加载模块:Public

[ 2017-11-21T22:23:43+08:00 ] 192.168.35.209 /shop2/Public/css/iconfont.ttf
INFO: [ app_init ] --START--
INFO: Run Behavior\BuildLiteBehavior [ RunTime:0.000014s ]
INFO: [ app_init ] --END-- [ RunTime:0.000326s ]
ERR: 无法加载模块:Public

[ 2017-11-21T22:23:43+08:00 ] 192.168.35.209 /shop2/Public/css/iconfont.woff
INFO: [ app_init ] --START--
INFO: Run Behavior\BuildLiteBehavior [ RunTime:0.000008s ]
INFO: [ app_init ] --END-- [ RunTime:0.000195s ]
ERR: 无法加载模块:Public

[ 2017-11-21T22:23:43+08:00 ] 192.168.35.209 /shop2/Public/css/iconfont.ttf
INFO: [ app_init ] --START--
INFO: Run Behavior\BuildLiteBehavior [ RunTime:0.000008s ]
INFO: [ app_init ] --END-- [ RunTime:0.000197s ]
ERR: 无法加载模块:Public

[ 2017-11-21T22:23:43+08:00 ] 192.168.35.209 /shop2/Public/css/iconfont.woff
INFO: [ app_init ] --START--
INFO: Run Behavior\BuildLiteBehavior [ RunTime:0.000010s ]
INFO: [ app_init ] --END-- [ RunTime:0.000220s ]
ERR: 无法加载模块:Public

[ 2017-11-21T22:23:43+08:00 ] 192.168.35.209 /shop2/Public/css/iconfont.ttf
INFO: [ app_init ] --START--
INFO: Run Behavior\BuildLiteBehavior [ RunTime:0.000021s ]
INFO: [ app_init ] --END-- [ RunTime:0.000368s ]
ERR: 无法加载模块:Public

[ 2017-11-21T22:23:43+08:00 ] 192.168.35.209 /shop2/Public/css/iconfont.woff
INFO: [ app_init ] --START--
INFO: Run Behavior\BuildLiteBehavior [ RunTime:0.000013s ]
INFO: [ app_init ] --END-- [ RunTime:0.000250s ]
ERR: 无法加载模块:Public

[ 2017-11-21T22:23:43+08:00 ] 192.168.35.209 /shop2/Public/css/iconfont.ttf
INFO: [ app_init ] --START--
INFO: Run Behavior\BuildLiteBehavior [ RunTime:0.000013s ]
INFO: [ app_init ] --END-- [ RunTime:0.000546s ]
ERR: 无法加载模块:Public

[ 2017-11-21T22:24:43+08:00 ] 192.168.35.209 /shop2/Public/css/iconfont.woff
INFO: [ app_init ] --START--
INFO: Run Behavior\BuildLiteBehavior [ RunTime:0.000015s ]
INFO: [ app_init ] --END-- [ RunTime:0.000413s ]
ERR: 无法加载模块:Public

[ 2017-11-21T22:24:43+08:00 ] 192.168.35.209 /shop2/Public/css/iconfont.ttf
INFO: [ app_init ] --START--
INFO: Run Behavior\BuildLiteBehavior [ RunTime:0.000010s ]
INFO: [ app_init ] --END-- [ RunTime:0.000272s ]
ERR: 无法加载模块:Public

[ 2017-11-21T22:27:54+08:00 ] 192.168.35.209 /shop2/Public/css/iconfont.woff
INFO: [ app_init ] --START--
INFO: Run Behavior\BuildLiteBehavior [ RunTime:0.000022s ]
INFO: [ app_init ] --END-- [ RunTime:0.000568s ]
ERR: 无法加载模块:Public

[ 2017-11-21T22:27:54+08:00 ] 192.168.35.209 /shop2/Public/css/iconfont.ttf
INFO: [ app_init ] --START--
INFO: Run Behavior\BuildLiteBehavior [ RunTime:0.000009s ]
INFO: [ app_init ] --END-- [ RunTime:0.000224s ]
ERR: 无法加载模块:Public

[ 2017-11-21T22:30:02+08:00 ] 192.168.35.209 /shop2/Public/css/iconfont.woff
INFO: [ app_init ] --START--
INFO: Run Behavior\BuildLiteBehavior [ RunTime:0.000018s ]
INFO: [ app_init ] --END-- [ RunTime:0.000244s ]
ERR: 无法加载模块:Public

[ 2017-11-21T22:30:02+08:00 ] 192.168.35.209 /shop2/Public/css/iconfont.ttf
INFO: [ app_init ] --START--
INFO: Run Behavior\BuildLiteBehavior [ RunTime:0.000009s ]
INFO: [ app_init ] --END-- [ RunTime:0.000199s ]
ERR: 无法加载模块:Public

[ 2017-11-21T22:30:34+08:00 ] 192.168.35.209 /shop2/Public/css/iconfont.woff
INFO: [ app_init ] --START--
INFO: Run Behavior\BuildLiteBehavior [ RunTime:0.000012s ]
INFO: [ app_init ] --END-- [ RunTime:0.000250s ]
ERR: 无法加载模块:Public

[ 2017-11-21T22:30:34+08:00 ] 192.168.35.209 /shop2/Public/js/skin/layer.css
INFO: [ app_init ] --START--
INFO: Run Behavior\BuildLiteBehavior [ RunTime:0.000008s ]
INFO: [ app_init ] --END-- [ RunTime:0.000432s ]
ERR: 无法加载模块:Public

[ 2017-11-21T22:30:34+08:00 ] 192.168.35.209 /shop2/Public/js/skin/WdatePicker.css
INFO: [ app_init ] --START--
INFO: Run Behavior\BuildLiteBehavior [ RunTime:0.000017s ]
INFO: [ app_init ] --END-- [ RunTime:0.000366s ]
ERR: 无法加载模块:Public

[ 2017-11-21T22:30:34+08:00 ] 192.168.35.209 /shop2/Public/css/iconfont.ttf
INFO: [ app_init ] --START--
INFO: Run Behavior\BuildLiteBehavior [ RunTime:0.000010s ]
INFO: [ app_init ] --END-- [ RunTime:0.000231s ]
ERR: 无法加载模块:Public

[ 2017-11-21T22:30:39+08:00 ] 192.168.35.209 /shop2/Public/js/skin/layer.css
INFO: [ app_init ] --START--
INFO: Run Behavior\BuildLiteBehavior [ RunTime:0.000010s ]
INFO: [ app_init ] --END-- [ RunTime:0.000271s ]
ERR: 无法加载模块:Public

[ 2017-11-21T22:30:39+08:00 ] 192.168.35.209 /shop2/Public/css/iconfont.woff
INFO: [ app_init ] --START--
INFO: Run Behavior\BuildLiteBehavior [ RunTime:0.000010s ]
INFO: [ app_init ] --END-- [ RunTime:0.000227s ]
ERR: 无法加载模块:Public

[ 2017-11-21T22:30:39+08:00 ] 192.168.35.209 /shop2/Public/js/skin/WdatePicker.css
INFO: [ app_init ] --START--
INFO: Run Behavior\BuildLiteBehavior [ RunTime:0.000009s ]
INFO: [ app_init ] --END-- [ RunTime:0.000203s ]
ERR: 无法加载模块:Public

[ 2017-11-21T22:30:39+08:00 ] 192.168.35.209 /shop2/Public/css/iconfont.ttf
INFO: [ app_init ] --START--
INFO: Run Behavior\BuildLiteBehavior [ RunTime:0.000008s ]
INFO: [ app_init ] --END-- [ RunTime:0.000190s ]
ERR: 无法加载模块:Public

[ 2017-11-21T22:32:17+08:00 ] 192.168.35.209 /shop2/Public/css/iconfont.woff
INFO: [ app_init ] --START--
INFO: Run Behavior\BuildLiteBehavior [ RunTime:0.000015s ]
INFO: [ app_init ] --END-- [ RunTime:0.000373s ]
ERR: 无法加载模块:Public

[ 2017-11-21T22:32:17+08:00 ] 192.168.35.209 /shop2/Public/js/skin/layer.css
INFO: [ app_init ] --START--
INFO: Run Behavior\BuildLiteBehavior [ RunTime:0.000010s ]
INFO: [ app_init ] --END-- [ RunTime:0.000224s ]
ERR: 无法加载模块:Public

[ 2017-11-21T22:32:17+08:00 ] 192.168.35.209 /shop2/Public/js/skin/WdatePicker.css
INFO: [ app_init ] --START--
INFO: Run Behavior\BuildLiteBehavior [ RunTime:0.000018s ]
INFO: [ app_init ] --END-- [ RunTime:0.000370s ]
ERR: 无法加载模块:Public

[ 2017-11-21T22:32:17+08:00 ] 192.168.35.209 /shop2/Public/css/iconfont.ttf
INFO: [ app_init ] --START--
INFO: Run Behavior\BuildLiteBehavior [ RunTime:0.000017s ]
INFO: [ app_init ] --END-- [ RunTime:0.000344s ]
ERR: 无法加载模块:Public

[ 2017-11-21T22:33:19+08:00 ] 192.168.35.209 /shop2/Public/css/iconfont.woff
INFO: [ app_init ] --START--
INFO: Run Behavior\BuildLiteBehavior [ RunTime:0.000014s ]
INFO: [ app_init ] --END-- [ RunTime:0.000322s ]
ERR: 无法加载模块:Public

[ 2017-11-21T22:33:19+08:00 ] 192.168.35.209 /shop2/Public/css/iconfont.ttf
INFO: [ app_init ] --START--
INFO: Run Behavior\BuildLiteBehavior [ RunTime:0.000011s ]
INFO: [ app_init ] --END-- [ RunTime:0.000251s ]
ERR: 无法加载模块:Public

[ 2017-11-21T22:33:33+08:00 ] 192.168.35.209 /shop2/Public/css/iconfont.woff
INFO: [ app_init ] --START--
INFO: Run Behavior\BuildLiteBehavior [ RunTime:0.000013s ]
INFO: [ app_init ] --END-- [ RunTime:0.000302s ]
ERR: 无法加载模块:Public

[ 2017-11-21T22:33:33+08:00 ] 192.168.35.209 /shop2/Public/css/iconfont.ttf
INFO: [ app_init ] --START--
INFO: Run Behavior\BuildLiteBehavior [ RunTime:0.000008s ]
INFO: [ app_init ] --END-- [ RunTime:0.000196s ]
ERR: 无法加载模块:Public

[ 2017-11-21T22:33:39+08:00 ] 192.168.35.209 /shop2/Public/css/iconfont.woff
INFO: [ app_init ] --START--
INFO: Run Behavior\BuildLiteBehavior [ RunTime:0.000016s ]
INFO: [ app_init ] --END-- [ RunTime:0.000694s ]
ERR: 无法加载模块:Public

[ 2017-11-21T22:33:39+08:00 ] 192.168.35.209 /shop2/Public/css/iconfont.ttf
INFO: [ app_init ] --START--
INFO: Run Behavior\BuildLiteBehavior [ RunTime:0.000017s ]
INFO: [ app_init ] --END-- [ RunTime:0.000351s ]
ERR: 无法加载模块:Public

[ 2017-11-21T22:33:40+08:00 ] 192.168.35.209 /shop2/Public/css/iconfont.woff
INFO: [ app_init ] --START--
INFO: Run Behavior\BuildLiteBehavior [ RunTime:0.000009s ]
INFO: [ app_init ] --END-- [ RunTime:0.000194s ]
ERR: 无法加载模块:Public

[ 2017-11-21T22:33:40+08:00 ] 192.168.35.209 /shop2/Public/css/iconfont.ttf
INFO: [ app_init ] --START--
INFO: Run Behavior\BuildLiteBehavior [ RunTime:0.000019s ]
INFO: [ app_init ] --END-- [ RunTime:0.000479s ]
ERR: 无法加载模块:Public

[ 2017-11-21T22:33:41+08:00 ] 192.168.35.209 /shop2/Public/css/iconfont.woff
INFO: [ app_init ] --START--
INFO: Run Behavior\BuildLiteBehavior [ RunTime:0.000011s ]
INFO: [ app_init ] --END-- [ RunTime:0.000293s ]
ERR: 无法加载模块:Public

[ 2017-11-21T22:33:41+08:00 ] 192.168.35.209 /shop2/Public/css/iconfont.ttf
INFO: [ app_init ] --START--
INFO: Run Behavior\BuildLiteBehavior [ RunTime:0.000011s ]
INFO: [ app_init ] --END-- [ RunTime:0.000297s ]
ERR: 无法加载模块:Public

[ 2017-11-21T22:33:41+08:00 ] 192.168.35.209 /shop2/Public/css/iconfont.woff
INFO: [ app_init ] --START--
INFO: Run Behavior\BuildLiteBehavior [ RunTime:0.000008s ]
INFO: [ app_init ] --END-- [ RunTime:0.000190s ]
ERR: 无法加载模块:Public

[ 2017-11-21T22:33:41+08:00 ] 192.168.35.209 /shop2/Public/css/iconfont.ttf
INFO: [ app_init ] --START--
INFO: Run Behavior\BuildLiteBehavior [ RunTime:0.000010s ]
INFO: [ app_init ] --END-- [ RunTime:0.000222s ]
ERR: 无法加载模块:Public

[ 2017-11-21T22:33:41+08:00 ] 192.168.35.209 /shop2/Public/css/iconfont.woff
INFO: [ app_init ] --START--
INFO: Run Behavior\BuildLiteBehavior [ RunTime:0.000009s ]
INFO: [ app_init ] --END-- [ RunTime:0.000236s ]
ERR: 无法加载模块:Public

[ 2017-11-21T22:33:41+08:00 ] 192.168.35.209 /shop2/Public/css/iconfont.ttf
INFO: [ app_init ] --START--
INFO: Run Behavior\BuildLiteBehavior [ RunTime:0.000013s ]
INFO: [ app_init ] --END-- [ RunTime:0.000425s ]
ERR: 无法加载模块:Public

[ 2017-11-21T22:33:41+08:00 ] 192.168.35.209 /shop2/Public/css/iconfont.woff
INFO: [ app_init ] --START--
INFO: Run Behavior\BuildLiteBehavior [ RunTime:0.000011s ]
INFO: [ app_init ] --END-- [ RunTime:0.000224s ]
ERR: 无法加载模块:Public

[ 2017-11-21T22:33:41+08:00 ] 192.168.35.209 /shop2/Public/css/iconfont.ttf
INFO: [ app_init ] --START--
INFO: Run Behavior\BuildLiteBehavior [ RunTime:0.000008s ]
INFO: [ app_init ] --END-- [ RunTime:0.000192s ]
ERR: 无法加载模块:Public

[ 2017-11-21T22:33:42+08:00 ] 192.168.35.209 /shop2/Public/css/iconfont.woff
INFO: [ app_init ] --START--
INFO: Run Behavior\BuildLiteBehavior [ RunTime:0.000008s ]
INFO: [ app_init ] --END-- [ RunTime:0.000255s ]
ERR: 无法加载模块:Public

[ 2017-11-21T22:33:42+08:00 ] 192.168.35.209 /shop2/Public/css/iconfont.ttf
INFO: [ app_init ] --START--
INFO: Run Behavior\BuildLiteBehavior [ RunTime:0.000017s ]
INFO: [ app_init ] --END-- [ RunTime:0.000486s ]
ERR: 无法加载模块:Public

[ 2017-11-21T22:33:42+08:00 ] 192.168.35.209 /shop2/Public/css/iconfont.woff
INFO: [ app_init ] --START--
INFO: Run Behavior\BuildLiteBehavior [ RunTime:0.000014s ]
INFO: [ app_init ] --END-- [ RunTime:0.000304s ]
ERR: 无法加载模块:Public

[ 2017-11-21T22:33:42+08:00 ] 192.168.35.209 /shop2/Public/css/iconfont.ttf
INFO: [ app_init ] --START--
INFO: Run Behavior\BuildLiteBehavior [ RunTime:0.000008s ]
INFO: [ app_init ] --END-- [ RunTime:0.000244s ]
ERR: 无法加载模块:Public

[ 2017-11-21T22:33:42+08:00 ] 192.168.35.209 /shop2/Public/css/iconfont.woff
INFO: [ app_init ] --START--
INFO: Run Behavior\BuildLiteBehavior [ RunTime:0.000011s ]
INFO: [ app_init ] --END-- [ RunTime:0.000262s ]
ERR: 无法加载模块:Public

[ 2017-11-21T22:33:42+08:00 ] 192.168.35.209 /shop2/Public/css/iconfont.ttf
INFO: [ app_init ] --START--
INFO: Run Behavior\BuildLiteBehavior [ RunTime:0.000012s ]
INFO: [ app_init ] --END-- [ RunTime:0.000255s ]
ERR: 无法加载模块:Public

[ 2017-11-21T22:33:56+08:00 ] 192.168.35.209 /shop2/Public/js/skin/layer.css
INFO: [ app_init ] --START--
INFO: Run Behavior\BuildLiteBehavior [ RunTime:0.000012s ]
INFO: [ app_init ] --END-- [ RunTime:0.000285s ]
ERR: 无法加载模块:Public

[ 2017-11-21T22:33:56+08:00 ] 192.168.35.209 /shop2/Public/css/iconfont.woff
INFO: [ app_init ] --START--
INFO: Run Behavior\BuildLiteBehavior [ RunTime:0.000012s ]
INFO: [ app_init ] --END-- [ RunTime:0.000256s ]
ERR: 无法加载模块:Public

[ 2017-11-21T22:33:56+08:00 ] 192.168.35.209 /shop2/Public/js/skin/WdatePicker.css
INFO: [ app_init ] --START--
INFO: Run Behavior\BuildLiteBehavior [ RunTime:0.000016s ]
INFO: [ app_init ] --END-- [ RunTime:0.001057s ]
ERR: 无法加载模块:Public

[ 2017-11-21T22:33:56+08:00 ] 192.168.35.209 /shop2/Public/css/iconfont.ttf
INFO: [ app_init ] --START--
INFO: Run Behavior\BuildLiteBehavior [ RunTime:0.000015s ]
INFO: [ app_init ] --END-- [ RunTime:0.000391s ]
ERR: 无法加载模块:Public

[ 2017-11-21T22:34:00+08:00 ] 192.168.35.209 /shop2/Public/css/iconfont.woff
INFO: [ app_init ] --START--
INFO: Run Behavior\BuildLiteBehavior [ RunTime:0.000010s ]
INFO: [ app_init ] --END-- [ RunTime:0.000218s ]
ERR: 无法加载模块:Public

[ 2017-11-21T22:34:00+08:00 ] 192.168.35.209 /shop2/Public/css/iconfont.ttf
INFO: [ app_init ] --START--
INFO: Run Behavior\BuildLiteBehavior [ RunTime:0.000013s ]
INFO: [ app_init ] --END-- [ RunTime:0.000319s ]
ERR: 无法加载模块:Public

[ 2017-11-21T22:34:00+08:00 ] 192.168.35.209 /shop2/Public/js/skin/WdatePicker.css
INFO: [ app_init ] --START--
INFO: Run Behavior\BuildLiteBehavior [ RunTime:0.000015s ]
INFO: [ app_init ] --END-- [ RunTime:0.002375s ]
ERR: 无法加载模块:Public

[ 2017-11-21T22:34:00+08:00 ] 192.168.35.209 /shop2/Public/js/skin/layer.css
INFO: [ app_init ] --START--
INFO: Run Behavior\BuildLiteBehavior [ RunTime:0.000014s ]
INFO: [ app_init ] --END-- [ RunTime:0.000344s ]
ERR: 无法加载模块:Public

[ 2017-11-21T22:34:06+08:00 ] 192.168.35.209 /shop2/Public/js/skin/layer.css
INFO: [ app_init ] --START--
INFO: Run Behavior\BuildLiteBehavior [ RunTime:0.000009s ]
INFO: [ app_init ] --END-- [ RunTime:0.000253s ]
ERR: 无法加载模块:Public

[ 2017-11-21T22:34:06+08:00 ] 192.168.35.209 /shop2/Public/css/iconfont.woff
INFO: [ app_init ] --START--
INFO: Run Behavior\BuildLiteBehavior [ RunTime:0.000013s ]
INFO: [ app_init ] --END-- [ RunTime:0.000271s ]
ERR: 无法加载模块:Public

[ 2017-11-21T22:34:06+08:00 ] 192.168.35.209 /shop2/Public/js/skin/WdatePicker.css
INFO: [ app_init ] --START--
INFO: Run Behavior\BuildLiteBehavior [ RunTime:0.000023s ]
INFO: [ app_init ] --END-- [ RunTime:0.002803s ]
ERR: 无法加载模块:Public

[ 2017-11-21T22:34:06+08:00 ] 192.168.35.209 /shop2/Public/css/iconfont.ttf
INFO: [ app_init ] --START--
INFO: Run Behavior\BuildLiteBehavior [ RunTime:0.000009s ]
INFO: [ app_init ] --END-- [ RunTime:0.000329s ]
ERR: 无法加载模块:Public

[ 2017-11-21T22:34:07+08:00 ] 192.168.35.209 /shop2/Public/js/skin/layer.css
INFO: [ app_init ] --START--
INFO: Run Behavior\BuildLiteBehavior [ RunTime:0.000012s ]
INFO: [ app_init ] --END-- [ RunTime:0.000277s ]
ERR: 无法加载模块:Public

[ 2017-11-21T22:34:07+08:00 ] 192.168.35.209 /shop2/Public/css/iconfont.woff
INFO: [ app_init ] --START--
INFO: Run Behavior\BuildLiteBehavior [ RunTime:0.000011s ]
INFO: [ app_init ] --END-- [ RunTime:0.000262s ]
ERR: 无法加载模块:Public

[ 2017-11-21T22:34:07+08:00 ] 192.168.35.209 /shop2/Public/js/skin/WdatePicker.css
INFO: [ app_init ] --START--
INFO: Run Behavior\BuildLiteBehavior [ RunTime:0.000126s ]
INFO: [ app_init ] --END-- [ RunTime:0.000370s ]
ERR: 无法加载模块:Public

[ 2017-11-21T22:34:07+08:00 ] 192.168.35.209 /shop2/Public/css/iconfont.ttf
INFO: [ app_init ] --START--
INFO: Run Behavior\BuildLiteBehavior [ RunTime:0.000009s ]
INFO: [ app_init ] --END-- [ RunTime:0.000247s ]
ERR: 无法加载模块:Public

[ 2017-11-21T22:40:12+08:00 ] 192.168.35.209 /shop2/Public/js/skin/layer.css
INFO: [ app_init ] --START--
INFO: Run Behavior\BuildLiteBehavior [ RunTime:0.000012s ]
INFO: [ app_init ] --END-- [ RunTime:0.000243s ]
ERR: 无法加载模块:Public

[ 2017-11-21T22:40:12+08:00 ] 192.168.35.209 /shop2/Public/css/iconfont.woff
INFO: [ app_init ] --START--
INFO: Run Behavior\BuildLiteBehavior [ RunTime:0.000011s ]
INFO: [ app_init ] --END-- [ RunTime:0.000292s ]
ERR: 无法加载模块:Public

[ 2017-11-21T22:40:12+08:00 ] 192.168.35.209 /shop2/Public/js/skin/WdatePicker.css
INFO: [ app_init ] --START--
INFO: Run Behavior\BuildLiteBehavior [ RunTime:0.000014s ]
INFO: [ app_init ] --END-- [ RunTime:0.000324s ]
ERR: 无法加载模块:Public

[ 2017-11-21T22:40:12+08:00 ] 192.168.35.209 /shop2/Public/css/iconfont.ttf
INFO: [ app_init ] --START--
INFO: Run Behavior\BuildLiteBehavior [ RunTime:0.000014s ]
INFO: [ app_init ] --END-- [ RunTime:0.000447s ]
ERR: 无法加载模块:Public

[ 2017-11-21T22:40:18+08:00 ] 192.168.35.209 /shop2/Public/js/skin/layer.css
INFO: [ app_init ] --START--
INFO: Run Behavior\BuildLiteBehavior [ RunTime:0.000011s ]
INFO: [ app_init ] --END-- [ RunTime:0.000231s ]
ERR: 无法加载模块:Public

[ 2017-11-21T22:40:18+08:00 ] 192.168.35.209 /shop2/Public/js/skin/WdatePicker.css
INFO: [ app_init ] --START--
INFO: Run Behavior\BuildLiteBehavior [ RunTime:0.000009s ]
INFO: [ app_init ] --END-- [ RunTime:0.000196s ]
ERR: 无法加载模块:Public

[ 2017-11-21T22:40:18+08:00 ] 192.168.35.209 /shop2/Public/css/iconfont.woff
INFO: [ app_init ] --START--
INFO: Run Behavior\BuildLiteBehavior [ RunTime:0.000024s ]
INFO: [ app_init ] --END-- [ RunTime:0.006481s ]
ERR: 无法加载模块:Public

[ 2017-11-21T22:40:18+08:00 ] 192.168.35.209 /shop2/Public/css/iconfont.ttf
INFO: [ app_init ] --START--
INFO: Run Behavior\BuildLiteBehavior [ RunTime:0.000009s ]
INFO: [ app_init ] --END-- [ RunTime:0.000194s ]
ERR: 无法加载模块:Public

[ 2017-11-21T22:43:33+08:00 ] 192.168.35.209 /shop2/Public/js/skin/layer.css
INFO: [ app_init ] --START--
INFO: Run Behavior\BuildLiteBehavior [ RunTime:0.000014s ]
INFO: [ app_init ] --END-- [ RunTime:0.000458s ]
ERR: 无法加载模块:Public

[ 2017-11-21T22:43:33+08:00 ] 192.168.35.209 /shop2/Public/css/iconfont.woff
INFO: [ app_init ] --START--
INFO: Run Behavior\BuildLiteBehavior [ RunTime:0.000013s ]
INFO: [ app_init ] --END-- [ RunTime:0.000251s ]
ERR: 无法加载模块:Public

[ 2017-11-21T22:43:33+08:00 ] 192.168.35.209 /shop2/Public/js/skin/WdatePicker.css
INFO: [ app_init ] --START--
INFO: Run Behavior\BuildLiteBehavior [ RunTime:0.000012s ]
INFO: [ app_init ] --END-- [ RunTime:0.000328s ]
ERR: 无法加载模块:Public

[ 2017-11-21T22:43:33+08:00 ] 192.168.35.209 /shop2/Public/css/iconfont.ttf
INFO: [ app_init ] --START--
INFO: Run Behavior\BuildLiteBehavior [ RunTime:0.000010s ]
INFO: [ app_init ] --END-- [ RunTime:0.000223s ]
ERR: 无法加载模块:Public

[ 2017-11-21T22:43:34+08:00 ] 192.168.35.209 /shop2/Public/js/skin/layer.css
INFO: [ app_init ] --START--
INFO: Run Behavior\BuildLiteBehavior [ RunTime:0.000010s ]
INFO: [ app_init ] --END-- [ RunTime:0.000241s ]
ERR: 无法加载模块:Public

[ 2017-11-21T22:43:34+08:00 ] 192.168.35.209 /shop2/Public/css/iconfont.woff
INFO: [ app_init ] --START--
INFO: Run Behavior\BuildLiteBehavior [ RunTime:0.000010s ]
INFO: [ app_init ] --END-- [ RunTime:0.000227s ]
ERR: 无法加载模块:Public

[ 2017-11-21T22:43:34+08:00 ] 192.168.35.209 /shop2/Public/js/skin/WdatePicker.css
INFO: [ app_init ] --START--
INFO: Run Behavior\BuildLiteBehavior [ RunTime:0.000013s ]
INFO: [ app_init ] --END-- [ RunTime:0.000475s ]
ERR: 无法加载模块:Public

[ 2017-11-21T22:43:34+08:00 ] 192.168.35.209 /shop2/Public/css/iconfont.ttf
INFO: [ app_init ] --START--
INFO: Run Behavior\BuildLiteBehavior [ RunTime:0.000017s ]
INFO: [ app_init ] --END-- [ RunTime:0.000381s ]
ERR: 无法加载模块:Public

[ 2017-11-21T22:44:24+08:00 ] 192.168.35.209 /shop2/Public/js/skin/layer.css
INFO: [ app_init ] --START--
INFO: Run Behavior\BuildLiteBehavior [ RunTime:0.000015s ]
INFO: [ app_init ] --END-- [ RunTime:0.000335s ]
ERR: 无法加载模块:Public

[ 2017-11-21T22:44:24+08:00 ] 192.168.35.209 /shop2/Public/css/iconfont.woff
INFO: [ app_init ] --START--
INFO: Run Behavior\BuildLiteBehavior [ RunTime:0.000015s ]
INFO: [ app_init ] --END-- [ RunTime:0.000314s ]
ERR: 无法加载模块:Public

[ 2017-11-21T22:44:24+08:00 ] 192.168.35.209 /shop2/Public/js/skin/WdatePicker.css
INFO: [ app_init ] --START--
INFO: Run Behavior\BuildLiteBehavior [ RunTime:0.000010s ]
INFO: [ app_init ] --END-- [ RunTime:0.000236s ]
ERR: 无法加载模块:Public

[ 2017-11-21T22:44:24+08:00 ] 192.168.35.209 /shop2/Public/css/iconfont.ttf
INFO: [ app_init ] --START--
INFO: Run Behavior\BuildLiteBehavior [ RunTime:0.000008s ]
INFO: [ app_init ] --END-- [ RunTime:0.000198s ]
ERR: 无法加载模块:Public

[ 2017-11-21T22:44:26+08:00 ] 192.168.35.209 /shop2/Public/css/iconfont.woff
INFO: [ app_init ] --START--
INFO: Run Behavior\BuildLiteBehavior [ RunTime:0.000011s ]
INFO: [ app_init ] --END-- [ RunTime:0.000262s ]
ERR: 无法加载模块:Public

[ 2017-11-21T22:44:26+08:00 ] 192.168.35.209 /shop2/Public/js/skin/WdatePicker.css
INFO: [ app_init ] --START--
INFO: Run Behavior\BuildLiteBehavior [ RunTime:0.000008s ]
INFO: [ app_init ] --END-- [ RunTime:0.000213s ]
ERR: 无法加载模块:Public

[ 2017-11-21T22:44:26+08:00 ] 192.168.35.209 /shop2/Public/js/skin/layer.css
INFO: [ app_init ] --START--
INFO: Run Behavior\BuildLiteBehavior [ RunTime:0.000035s ]
INFO: [ app_init ] --END-- [ RunTime:0.007552s ]
ERR: 无法加载模块:Public

[ 2017-11-21T22:44:26+08:00 ] 192.168.35.209 /shop2/Public/css/iconfont.ttf
INFO: [ app_init ] --START--
INFO: Run Behavior\BuildLiteBehavior [ RunTime:0.000011s ]
INFO: [ app_init ] --END-- [ RunTime:0.000336s ]
ERR: 无法加载模块:Public

[ 2017-11-21T22:44:26+08:00 ] 192.168.35.209 /shop2/Public/css/iconfont.woff
INFO: [ app_init ] --START--
INFO: Run Behavior\BuildLiteBehavior [ RunTime:0.000010s ]
INFO: [ app_init ] --END-- [ RunTime:0.000270s ]
ERR: 无法加载模块:Public

[ 2017-11-21T22:44:26+08:00 ] 192.168.35.209 /shop2/Public/js/skin/layer.css
INFO: [ app_init ] --START--
INFO: Run Behavior\BuildLiteBehavior [ RunTime:0.000016s ]
INFO: [ app_init ] --END-- [ RunTime:0.000361s ]
ERR: 无法加载模块:Public

[ 2017-11-21T22:44:26+08:00 ] 192.168.35.209 /shop2/Public/js/skin/WdatePicker.css
INFO: [ app_init ] --START--
INFO: Run Behavior\BuildLiteBehavior [ RunTime:0.000011s ]
INFO: [ app_init ] --END-- [ RunTime:0.000225s ]
ERR: 无法加载模块:Public

[ 2017-11-21T22:44:26+08:00 ] 192.168.35.209 /shop2/Public/css/iconfont.ttf
INFO: [ app_init ] --START--
INFO: Run Behavior\BuildLiteBehavior [ RunTime:0.000008s ]
INFO: [ app_init ] --END-- [ RunTime:0.000196s ]
ERR: 无法加载模块:Public

[ 2017-11-21T22:44:27+08:00 ] 192.168.35.209 /shop2/Public/css/iconfont.woff
INFO: [ app_init ] --START--
INFO: Run Behavior\BuildLiteBehavior [ RunTime:0.000017s ]
INFO: [ app_init ] --END-- [ RunTime:0.000434s ]
ERR: 无法加载模块:Public

[ 2017-11-21T22:44:27+08:00 ] 192.168.35.209 /shop2/Public/js/skin/layer.css
INFO: [ app_init ] --START--
INFO: Run Behavior\BuildLiteBehavior [ RunTime:0.000010s ]
INFO: [ app_init ] --END-- [ RunTime:0.000213s ]
ERR: 无法加载模块:Public

[ 2017-11-21T22:44:27+08:00 ] 192.168.35.209 /shop2/Public/js/skin/WdatePicker.css
INFO: [ app_init ] --START--
INFO: Run Behavior\BuildLiteBehavior [ RunTime:0.000009s ]
INFO: [ app_init ] --END-- [ RunTime:0.000199s ]
ERR: 无法加载模块:Public

[ 2017-11-21T22:44:27+08:00 ] 192.168.35.209 /shop2/Public/css/iconfont.ttf
INFO: [ app_init ] --START--
INFO: Run Behavior\BuildLiteBehavior [ RunTime:0.000009s ]
INFO: [ app_init ] --END-- [ RunTime:0.000198s ]
ERR: 无法加载模块:Public

[ 2017-11-21T22:44:27+08:00 ] 192.168.35.209 /shop2/Public/js/skin/layer.css
INFO: [ app_init ] --START--
INFO: Run Behavior\BuildLiteBehavior [ RunTime:0.000025s ]
INFO: [ app_init ] --END-- [ RunTime:0.000523s ]
ERR: 无法加载模块:Public

[ 2017-11-21T22:44:27+08:00 ] 192.168.35.209 /shop2/Public/css/iconfont.woff
INFO: [ app_init ] --START--
INFO: Run Behavior\BuildLiteBehavior [ RunTime:0.000009s ]
INFO: [ app_init ] --END-- [ RunTime:0.000261s ]
ERR: 无法加载模块:Public

[ 2017-11-21T22:44:27+08:00 ] 192.168.35.209 /shop2/Public/css/iconfont.ttf
INFO: [ app_init ] --START--
INFO: Run Behavior\BuildLiteBehavior [ RunTime:0.000017s ]
INFO: [ app_init ] --END-- [ RunTime:0.000412s ]
ERR: 无法加载模块:Public

[ 2017-11-21T22:44:27+08:00 ] 192.168.35.209 /shop2/Public/js/skin/WdatePicker.css
INFO: [ app_init ] --START--
INFO: Run Behavior\BuildLiteBehavior [ RunTime:0.000011s ]
INFO: [ app_init ] --END-- [ RunTime:0.000278s ]
ERR: 无法加载模块:Public

[ 2017-11-21T22:44:27+08:00 ] 192.168.35.209 /shop2/Public/css/iconfont.woff
INFO: [ app_init ] --START--
INFO: Run Behavior\BuildLiteBehavior [ RunTime:0.000013s ]
INFO: [ app_init ] --END-- [ RunTime:0.000341s ]
ERR: 无法加载模块:Public

[ 2017-11-21T22:44:27+08:00 ] 192.168.35.209 /shop2/Public/js/skin/layer.css
INFO: [ app_init ] --START--
INFO: Run Behavior\BuildLiteBehavior [ RunTime:0.000018s ]
INFO: [ app_init ] --END-- [ RunTime:0.011433s ]
ERR: 无法加载模块:Public

[ 2017-11-21T22:44:27+08:00 ] 192.168.35.209 /shop2/Public/js/skin/WdatePicker.css
INFO: [ app_init ] --START--
INFO: Run Behavior\BuildLiteBehavior [ RunTime:0.000009s ]
INFO: [ app_init ] --END-- [ RunTime:0.000188s ]
ERR: 无法加载模块:Public

[ 2017-11-21T22:44:27+08:00 ] 192.168.35.209 /shop2/Public/css/iconfont.ttf
INFO: [ app_init ] --START--
INFO: Run Behavior\BuildLiteBehavior [ RunTime:0.000023s ]
INFO: [ app_init ] --END-- [ RunTime:0.003950s ]
ERR: 无法加载模块:Public

[ 2017-11-21T22:44:27+08:00 ] 192.168.35.209 /shop2/Public/css/iconfont.woff
INFO: [ app_init ] --START--
INFO: Run Behavior\BuildLiteBehavior [ RunTime:0.000010s ]
INFO: [ app_init ] --END-- [ RunTime:0.000222s ]
ERR: 无法加载模块:Public

[ 2017-11-21T22:44:27+08:00 ] 192.168.35.209 /shop2/Public/js/skin/layer.css
INFO: [ app_init ] --START--
INFO: Run Behavior\BuildLiteBehavior [ RunTime:0.000009s ]
INFO: [ app_init ] --END-- [ RunTime:0.000205s ]
ERR: 无法加载模块:Public

[ 2017-11-21T22:44:27+08:00 ] 192.168.35.209 /shop2/Public/js/skin/WdatePicker.css
INFO: [ app_init ] --START--
INFO: Run Behavior\BuildLiteBehavior [ RunTime:0.000009s ]
INFO: [ app_init ] --END-- [ RunTime:0.000197s ]
ERR: 无法加载模块:Public

[ 2017-11-21T22:44:27+08:00 ] 192.168.35.209 /shop2/Public/css/iconfont.ttf
INFO: [ app_init ] --START--
INFO: Run Behavior\BuildLiteBehavior [ RunTime:0.000008s ]
INFO: [ app_init ] --END-- [ RunTime:0.000199s ]
ERR: 无法加载模块:Public

[ 2017-11-21T22:44:27+08:00 ] 192.168.35.209 /shop2/Public/js/skin/layer.css
INFO: [ app_init ] --START--
INFO: Run Behavior\BuildLiteBehavior [ RunTime:0.000010s ]
INFO: [ app_init ] --END-- [ RunTime:0.000230s ]
ERR: 无法加载模块:Public

[ 2017-11-21T22:44:27+08:00 ] 192.168.35.209 /shop2/Public/css/iconfont.woff
INFO: [ app_init ] --START--
INFO: Run Behavior\BuildLiteBehavior [ RunTime:0.000009s ]
INFO: [ app_init ] --END-- [ RunTime:0.000208s ]
ERR: 无法加载模块:Public

[ 2017-11-21T22:44:27+08:00 ] 192.168.35.209 /shop2/Public/js/skin/WdatePicker.css
INFO: [ app_init ] --START--
INFO: Run Behavior\BuildLiteBehavior [ RunTime:0.000014s ]
INFO: [ app_init ] --END-- [ RunTime:0.000327s ]
ERR: 无法加载模块:Public

[ 2017-11-21T22:44:27+08:00 ] 192.168.35.209 /shop2/Public/css/iconfont.ttf
INFO: [ app_init ] --START--
INFO: Run Behavior\BuildLiteBehavior [ RunTime:0.000011s ]
INFO: [ app_init ] --END-- [ RunTime:0.000249s ]
ERR: 无法加载模块:Public

[ 2017-11-21T22:44:28+08:00 ] 192.168.35.209 /shop2/Public/js/skin/layer.css
INFO: [ app_init ] --START--
INFO: Run Behavior\BuildLiteBehavior [ RunTime:0.000012s ]
INFO: [ app_init ] --END-- [ RunTime:0.000309s ]
ERR: 无法加载模块:Public

[ 2017-11-21T22:44:28+08:00 ] 192.168.35.209 /shop2/Public/js/skin/WdatePicker.css
INFO: [ app_init ] --START--
INFO: Run Behavior\BuildLiteBehavior [ RunTime:0.000009s ]
INFO: [ app_init ] --END-- [ RunTime:0.000195s ]
ERR: 无法加载模块:Public

[ 2017-11-21T22:44:28+08:00 ] 192.168.35.209 /shop2/Public/css/iconfont.woff
INFO: [ app_init ] --START--
INFO: Run Behavior\BuildLiteBehavior [ RunTime:0.000012s ]
INFO: [ app_init ] --END-- [ RunTime:0.000299s ]
ERR: 无法加载模块:Public

[ 2017-11-21T22:44:28+08:00 ] 192.168.35.209 /shop2/Public/css/iconfont.ttf
INFO: [ app_init ] --START--
INFO: Run Behavior\BuildLiteBehavior [ RunTime:0.000016s ]
INFO: [ app_init ] --END-- [ RunTime:0.000271s ]
ERR: 无法加载模块:Public

[ 2017-11-21T22:44:28+08:00 ] 192.168.35.209 /shop2/Public/css/iconfont.woff
INFO: [ app_init ] --START--
INFO: Run Behavior\BuildLiteBehavior [ RunTime:0.000014s ]
INFO: [ app_init ] --END-- [ RunTime:0.000395s ]
ERR: 无法加载模块:Public

[ 2017-11-21T22:44:28+08:00 ] 192.168.35.209 /shop2/Public/js/skin/layer.css
INFO: [ app_init ] --START--
INFO: Run Behavior\BuildLiteBehavior [ RunTime:0.000009s ]
INFO: [ app_init ] --END-- [ RunTime:0.000200s ]
ERR: 无法加载模块:Public

[ 2017-11-21T22:44:28+08:00 ] 192.168.35.209 /shop2/Public/js/skin/WdatePicker.css
INFO: [ app_init ] --START--
INFO: Run Behavior\BuildLiteBehavior [ RunTime:0.000011s ]
INFO: [ app_init ] --END-- [ RunTime:0.000244s ]
ERR: 无法加载模块:Public

[ 2017-11-21T22:44:28+08:00 ] 192.168.35.209 /shop2/Public/css/iconfont.ttf
INFO: [ app_init ] --START--
INFO: Run Behavior\BuildLiteBehavior [ RunTime:0.000013s ]
INFO: [ app_init ] --END-- [ RunTime:0.001034s ]
ERR: 无法加载模块:Public

[ 2017-11-21T22:44:28+08:00 ] 192.168.35.209 /shop2/Public/css/iconfont.woff
INFO: [ app_init ] --START--
INFO: Run Behavior\BuildLiteBehavior [ RunTime:0.000013s ]
INFO: [ app_init ] --END-- [ RunTime:0.000251s ]
ERR: 无法加载模块:Public

[ 2017-11-21T22:44:28+08:00 ] 192.168.35.209 /shop2/Public/js/skin/layer.css
INFO: [ app_init ] --START--
INFO: Run Behavior\BuildLiteBehavior [ RunTime:0.000056s ]
INFO: [ app_init ] --END-- [ RunTime:0.000925s ]
ERR: 无法加载模块:Public

[ 2017-11-21T22:44:28+08:00 ] 192.168.35.209 /shop2/Public/js/skin/WdatePicker.css
INFO: [ app_init ] --START--
INFO: Run Behavior\BuildLiteBehavior [ RunTime:0.000019s ]
INFO: [ app_init ] --END-- [ RunTime:0.004618s ]
ERR: 无法加载模块:Public

[ 2017-11-21T22:44:28+08:00 ] 192.168.35.209 /shop2/Public/css/iconfont.ttf
INFO: [ app_init ] --START--
INFO: Run Behavior\BuildLiteBehavior [ RunTime:0.000013s ]
INFO: [ app_init ] --END-- [ RunTime:0.000300s ]
ERR: 无法加载模块:Public

[ 2017-11-21T22:44:28+08:00 ] 192.168.35.209 /shop2/Public/css/iconfont.woff
INFO: [ app_init ] --START--
INFO: Run Behavior\BuildLiteBehavior [ RunTime:0.000010s ]
INFO: [ app_init ] --END-- [ RunTime:0.000224s ]
ERR: 无法加载模块:Public

[ 2017-11-21T22:44:28+08:00 ] 192.168.35.209 /shop2/Public/js/skin/layer.css
INFO: [ app_init ] --START--
INFO: Run Behavior\BuildLiteBehavior [ RunTime:0.000009s ]
INFO: [ app_init ] --END-- [ RunTime:0.000193s ]
ERR: 无法加载模块:Public

[ 2017-11-21T22:44:28+08:00 ] 192.168.35.209 /shop2/Public/css/iconfont.ttf
INFO: [ app_init ] --START--
INFO: Run Behavior\BuildLiteBehavior [ RunTime:0.000010s ]
INFO: [ app_init ] --END-- [ RunTime:0.005279s ]
ERR: 无法加载模块:Public

[ 2017-11-21T22:44:28+08:00 ] 192.168.35.209 /shop2/Public/js/skin/WdatePicker.css
INFO: [ app_init ] --START--
INFO: Run Behavior\BuildLiteBehavior [ RunTime:0.000019s ]
INFO: [ app_init ] --END-- [ RunTime:0.000360s ]
ERR: 无法加载模块:Public

[ 2017-11-21T22:44:28+08:00 ] 192.168.35.209 /shop2/Public/css/iconfont.woff
INFO: [ app_init ] --START--
INFO: Run Behavior\BuildLiteBehavior [ RunTime:0.000018s ]
INFO: [ app_init ] --END-- [ RunTime:0.000712s ]
ERR: 无法加载模块:Public

[ 2017-11-21T22:44:28+08:00 ] 192.168.35.209 /shop2/Public/js/skin/layer.css
INFO: [ app_init ] --START--
INFO: Run Behavior\BuildLiteBehavior [ RunTime:0.000012s ]
INFO: [ app_init ] --END-- [ RunTime:0.000265s ]
ERR: 无法加载模块:Public

[ 2017-11-21T22:44:28+08:00 ] 192.168.35.209 /shop2/Public/css/iconfont.ttf
INFO: [ app_init ] --START--
INFO: Run Behavior\BuildLiteBehavior [ RunTime:0.000016s ]
INFO: [ app_init ] --END-- [ RunTime:0.000350s ]
ERR: 无法加载模块:Public

[ 2017-11-21T22:44:28+08:00 ] 192.168.35.209 /shop2/Public/js/skin/WdatePicker.css
INFO: [ app_init ] --START--
INFO: Run Behavior\BuildLiteBehavior [ RunTime:0.000011s ]
INFO: [ app_init ] --END-- [ RunTime:0.000274s ]
ERR: 无法加载模块:Public

[ 2017-11-21T22:44:28+08:00 ] 192.168.35.209 /shop2/Public/js/skin/layer.css
INFO: [ app_init ] --START--
INFO: Run Behavior\BuildLiteBehavior [ RunTime:0.000014s ]
INFO: [ app_init ] --END-- [ RunTime:0.000317s ]
ERR: 无法加载模块:Public

[ 2017-11-21T22:44:28+08:00 ] 192.168.35.209 /shop2/Public/css/iconfont.woff
INFO: [ app_init ] --START--
INFO: Run Behavior\BuildLiteBehavior [ RunTime:0.000025s ]
INFO: [ app_init ] --END-- [ RunTime:0.003595s ]
ERR: 无法加载模块:Public

[ 2017-11-21T22:44:28+08:00 ] 192.168.35.209 /shop2/Public/js/skin/WdatePicker.css
INFO: [ app_init ] --START--
INFO: Run Behavior\BuildLiteBehavior [ RunTime:0.000020s ]
INFO: [ app_init ] --END-- [ RunTime:0.003300s ]
ERR: 无法加载模块:Public

[ 2017-11-21T22:44:28+08:00 ] 192.168.35.209 /shop2/Public/css/iconfont.ttf
INFO: [ app_init ] --START--
INFO: Run Behavior\BuildLiteBehavior [ RunTime:0.000012s ]
INFO: [ app_init ] --END-- [ RunTime:0.000262s ]
ERR: 无法加载模块:Public

[ 2017-11-21T22:44:28+08:00 ] 192.168.35.209 /shop2/Public/css/iconfont.woff
INFO: [ app_init ] --START--
INFO: Run Behavior\BuildLiteBehavior [ RunTime:0.000011s ]
INFO: [ app_init ] --END-- [ RunTime:0.000241s ]
ERR: 无法加载模块:Public

[ 2017-11-21T22:44:29+08:00 ] 192.168.35.209 /shop2/Public/js/skin/layer.css
INFO: [ app_init ] --START--
INFO: Run Behavior\BuildLiteBehavior [ RunTime:0.000023s ]
INFO: [ app_init ] --END-- [ RunTime:0.004455s ]
ERR: 无法加载模块:Public

[ 2017-11-21T22:44:29+08:00 ] 192.168.35.209 /shop2/Public/css/iconfont.ttf
INFO: [ app_init ] --START--
INFO: Run Behavior\BuildLiteBehavior [ RunTime:0.000013s ]
INFO: [ app_init ] --END-- [ RunTime:0.004351s ]
ERR: 无法加载模块:Public

[ 2017-11-21T22:44:29+08:00 ] 192.168.35.209 /shop2/Public/js/skin/WdatePicker.css
INFO: [ app_init ] --START--
INFO: Run Behavior\BuildLiteBehavior [ RunTime:0.000009s ]
INFO: [ app_init ] --END-- [ RunTime:0.000224s ]
ERR: 无法加载模块:Public

[ 2017-11-21T22:56:13+08:00 ] 192.168.35.127 /shop2/Public/js/H-ui.js
INFO: [ app_init ] --START--
INFO: Run Behavior\BuildLiteBehavior [ RunTime:0.000010s ]
INFO: [ app_init ] --END-- [ RunTime:0.003299s ]
ERR: 无法加载模块:Public

[ 2017-11-21T22:56:13+08:00 ] 192.168.35.127 /shop2/Public/js/H-ui.admin.js
INFO: [ app_init ] --START--
INFO: Run Behavior\BuildLiteBehavior [ RunTime:0.000012s ]
INFO: [ app_init ] --END-- [ RunTime:0.001811s ]
ERR: 无法加载模块:Public

[ 2017-11-21T22:56:13+08:00 ] 192.168.35.127 /shop2/Public/js/H-ui.js
INFO: [ app_init ] --START--
INFO: Run Behavior\BuildLiteBehavior [ RunTime:0.000008s ]
INFO: [ app_init ] --END-- [ RunTime:0.000191s ]
ERR: 无法加载模块:Public

[ 2017-11-21T22:56:13+08:00 ] 192.168.35.127 /shop2/Public/js/H-ui.admin.js
INFO: [ app_init ] --START--
INFO: Run Behavior\BuildLiteBehavior [ RunTime:0.000009s ]
INFO: [ app_init ] --END-- [ RunTime:0.000236s ]
ERR: 无法加载模块:Public

[ 2017-11-21T22:57:42+08:00 ] 192.168.35.127 /shop2/Public/js/H-ui.js
INFO: [ app_init ] --START--
INFO: Run Behavior\BuildLiteBehavior [ RunTime:0.000007s ]
INFO: [ app_init ] --END-- [ RunTime:0.000197s ]
ERR: 无法加载模块:Public

[ 2017-11-21T22:57:42+08:00 ] 192.168.35.127 /shop2/Public/js/H-ui.admin.js
INFO: [ app_init ] --START--
INFO: Run Behavior\BuildLiteBehavior [ RunTime:0.000009s ]
INFO: [ app_init ] --END-- [ RunTime:0.000205s ]
ERR: 无法加载模块:Public

[ 2017-11-21T22:57:42+08:00 ] 192.168.35.127 /shop2/Public/js/H-ui.js
INFO: [ app_init ] --START--
INFO: Run Behavior\BuildLiteBehavior [ RunTime:0.000008s ]
INFO: [ app_init ] --END-- [ RunTime:0.000261s ]
ERR: 无法加载模块:Public

[ 2017-11-21T22:57:42+08:00 ] 192.168.35.127 /shop2/Public/js/H-ui.admin.js
INFO: [ app_init ] --START--
INFO: Run Behavior\BuildLiteBehavior [ RunTime:0.000011s ]
INFO: [ app_init ] --END-- [ RunTime:0.000268s ]
ERR: 无法加载模块:Public

[ 2017-11-21T23:00:29+08:00 ] 192.168.35.127 /shop2/Public/js/H-ui.admin.js
ERR: 无法加载模块:Public

[ 2017-11-21T23:00:29+08:00 ] 192.168.35.127 /shop2/Public/js/H-ui.js
ERR: 无法加载模块:Public

[ 2017-11-21T23:00:29+08:00 ] 192.168.35.127 /shop2/Public/js/H-ui.js
ERR: 无法加载模块:Public

[ 2017-11-21T23:04:12+08:00 ] 192.168.35.127 /shop2/Public/js/H-ui.admin.js
ERR: 无法加载模块:Public

[ 2017-11-21T23:04:12+08:00 ] 192.168.35.127 /shop2/Public/js/H-ui.js
ERR: 无法加载模块:Public

[ 2017-11-21T23:04:12+08:00 ] 192.168.35.127 /shop2/Public/js/H-ui.js
ERR: 无法加载模块:Public

[ 2017-11-21T23:04:12+08:00 ] 192.168.35.127 /shop2/Public/js/H-ui.admin.js
ERR: 无法加载模块:Public

[ 2017-11-21T23:06:34+08:00 ] 192.168.35.127 /shop2/Public/js/H-ui.admin.js
ERR: 无法加载模块:Public

[ 2017-11-21T23:06:34+08:00 ] 192.168.35.127 /shop2/Public/js/H-ui.js
ERR: 无法加载模块:Public

[ 2017-11-21T23:06:34+08:00 ] 192.168.35.127 /shop2/Public/js/H-ui.js
ERR: 无法加载模块:Public

[ 2017-11-21T23:06:34+08:00 ] 192.168.35.127 /shop2/Public/js/H-ui.admin.js
ERR: 无法加载模块:Public

[ 2017-11-21T23:06:36+08:00 ] 192.168.35.127 /shop2/Public/js/H-ui.admin.js
ERR: 无法加载模块:Public

[ 2017-11-21T23:06:36+08:00 ] 192.168.35.127 /shop2/Public/js/H-ui.js
ERR: 无法加载模块:Public

[ 2017-11-21T23:06:36+08:00 ] 192.168.35.127 /shop2/Public/js/H-ui.js
ERR: 无法加载模块:Public

[ 2017-11-21T23:06:36+08:00 ] 192.168.35.127 /shop2/Public/js/H-ui.admin.js
ERR: 无法加载模块:Public

[ 2017-11-21T23:06:48+08:00 ] 192.168.35.127 /shop2/Public/js/H-ui.js
ERR: 无法加载模块:Public

[ 2017-11-21T23:06:48+08:00 ] 192.168.35.127 /shop2/Public/js/H-ui.admin.js
ERR: 无法加载模块:Public

[ 2017-11-21T23:06:48+08:00 ] 192.168.35.127 /shop2/Public/js/H-ui.js
ERR: 无法加载模块:Public

[ 2017-11-21T23:06:48+08:00 ] 192.168.35.127 /shop2/Public/js/H-ui.admin.js
ERR: 无法加载模块:Public

[ 2017-11-21T23:06:57+08:00 ] 192.168.35.127 /shop2/Public/js/H-ui.admin.js
ERR: 无法加载模块:Public

[ 2017-11-21T23:06:57+08:00 ] 192.168.35.127 /shop2/Public/js/H-ui.js
ERR: 无法加载模块:Public

[ 2017-11-21T23:06:57+08:00 ] 192.168.35.127 /shop2/Public/js/H-ui.js
ERR: 无法加载模块:Public

[ 2017-11-21T23:06:57+08:00 ] 192.168.35.127 /shop2/Public/js/H-ui.admin.js
ERR: 无法加载模块:Public

[ 2017-11-21T23:09:39+08:00 ] 192.168.35.127 /shop2/Public/js/H-ui.js
ERR: 无法加载模块:Public

[ 2017-11-21T23:09:39+08:00 ] 192.168.35.127 /shop2/Public/js/H-ui.admin.js
ERR: 无法加载模块:Public

[ 2017-11-21T23:09:39+08:00 ] 192.168.35.127 /shop2/Public/js/H-ui.js
ERR: 无法加载模块:Public

[ 2017-11-21T23:09:39+08:00 ] 192.168.35.127 /shop2/Public/js/H-ui.admin.js
ERR: 无法加载模块:Public

[ 2017-11-21T23:11:11+08:00 ] 192.168.35.127 /shop2/Public/js/H-ui.admin.js
ERR: 无法加载模块:Public

[ 2017-11-21T23:11:11+08:00 ] 192.168.35.127 /shop2/Public/js/H-ui.js
ERR: 无法加载模块:Public

[ 2017-11-21T23:13:09+08:00 ] 192.168.35.127 /shop2/Public/js/H-ui.admin.js
ERR: 无法加载模块:Public

[ 2017-11-21T23:13:09+08:00 ] 192.168.35.127 /shop2/Public/js/H-ui.js
ERR: 无法加载模块:Public

[ 2017-11-21T23:13:28+08:00 ] 192.168.35.127 /shop2/Public/js/H-ui.admin.js
ERR: 无法加载模块:Public

[ 2017-11-21T23:13:28+08:00 ] 192.168.35.127 /shop2/Public/js/H-ui.js
ERR: 无法加载模块:Public

[ 2017-11-21T23:27:47+08:00 ] 192.168.35.127 /shop2/Public/js/H-ui.js
ERR: 无法加载模块:Public

[ 2017-11-21T23:27:47+08:00 ] 192.168.35.127 /shop2/Public/js/H-ui.admin.js
ERR: 无法加载模块:Public

[ 2017-11-21T23:28:02+08:00 ] 192.168.35.127 /shop2/Public/js/H-ui.admin.js
ERR: 无法加载模块:Public

[ 2017-11-21T23:28:02+08:00 ] 192.168.35.127 /shop2/Public/js/H-ui.js
ERR: 无法加载模块:Public

[ 2017-11-21T23:28:10+08:00 ] 192.168.35.127 /shop2/Public/js/H-ui.admin.js
ERR: 无法加载模块:Public

[ 2017-11-21T23:28:10+08:00 ] 192.168.35.127 /shop2/Public/js/H-ui.js
ERR: 无法加载模块:Public

[ 2017-11-21T23:28:10+08:00 ] 192.168.35.127 /shop2/Public/js/H-ui.js
ERR: 无法加载模块:Public

[ 2017-11-21T23:28:10+08:00 ] 192.168.35.127 /shop2/Public/js/H-ui.admin.js
ERR: 无法加载模块:Public

[ 2017-11-21T23:28:39+08:00 ] 192.168.35.127 /shop2/Public/js/H-ui.admin.js
ERR: 无法加载模块:Public

[ 2017-11-21T23:28:40+08:00 ] 192.168.35.127 /shop2/Public/js/H-ui.js
ERR: 无法加载模块:Public

[ 2017-11-21T23:28:40+08:00 ] 192.168.35.127 /shop2/Public/js/H-ui.js
ERR: 无法加载模块:Public

[ 2017-11-21T23:28:40+08:00 ] 192.168.35.127 /shop2/Public/js/H-ui.admin.js
ERR: 无法加载模块:Public

[ 2017-11-21T23:28:41+08:00 ] 192.168.35.127 /shop2/Public/js/H-ui.admin.js
ERR: 无法加载模块:Public

[ 2017-11-21T23:28:41+08:00 ] 192.168.35.127 /shop2/Public/js/H-ui.js
ERR: 无法加载模块:Public

[ 2017-11-21T23:28:41+08:00 ] 192.168.35.127 /shop2/Public/js/H-ui.js
ERR: 无法加载模块:Public

[ 2017-11-21T23:28:41+08:00 ] 192.168.35.127 /shop2/Public/js/H-ui.admin.js
ERR: 无法加载模块:Public

[ 2017-11-21T23:28:41+08:00 ] 192.168.35.127 /shop2/Public/js/H-ui.admin.js
ERR: 无法加载模块:Public

[ 2017-11-21T23:28:41+08:00 ] 192.168.35.127 /shop2/Public/js/H-ui.js
ERR: 无法加载模块:Public

[ 2017-11-21T23:28:54+08:00 ] 192.168.35.127 /shop2/Public/js/H-ui.js
ERR: 无法加载模块:Public

[ 2017-11-21T23:28:54+08:00 ] 192.168.35.127 /shop2/Public/js/H-ui.admin.js
ERR: 无法加载模块:Public

[ 2017-11-21T23:28:54+08:00 ] 192.168.35.127 /shop2/Public/js/H-ui.js
ERR: 无法加载模块:Public

[ 2017-11-21T23:28:54+08:00 ] 192.168.35.127 /shop2/Public/js/H-ui.admin.js
ERR: 无法加载模块:Public

[ 2017-11-21T23:28:55+08:00 ] 192.168.35.127 /shop2/Public/js/H-ui.admin.js
ERR: 无法加载模块:Public

[ 2017-11-21T23:28:55+08:00 ] 192.168.35.127 /shop2/Public/js/H-ui.js
ERR: 无法加载模块:Public

[ 2017-11-21T23:28:55+08:00 ] 192.168.35.127 /shop2/Public/js/H-ui.admin.js
ERR: 无法加载模块:Public

[ 2017-11-21T23:28:56+08:00 ] 192.168.35.127 /shop2/Public/js/H-ui.admin.js
ERR: 无法加载模块:Public

[ 2017-11-21T23:28:56+08:00 ] 192.168.35.127 /shop2/Public/js/H-ui.js
ERR: 无法加载模块:Public

[ 2017-11-21T23:28:56+08:00 ] 192.168.35.127 /shop2/Public/js/H-ui.js
ERR: 无法加载模块:Public

[ 2017-11-21T23:28:56+08:00 ] 192.168.35.127 /shop2/Public/js/H-ui.admin.js
ERR: 无法加载模块:Public

[ 2017-11-21T23:29:04+08:00 ] 192.168.35.127 /shop2/Public/js/H-ui.admin.js
ERR: 无法加载模块:Public

[ 2017-11-21T23:29:04+08:00 ] 192.168.35.127 /shop2/Public/js/H-ui.js
ERR: 无法加载模块:Public

[ 2017-11-21T23:29:04+08:00 ] 192.168.35.127 /shop2/Public/js/H-ui.admin.js
ERR: 无法加载模块:Public

[ 2017-11-21T23:33:34+08:00 ] 192.168.35.209 /shop2/Public/js/H-ui.js
ERR: 无法加载模块:Public

[ 2017-11-21T23:33:34+08:00 ] 192.168.35.209 /shop2/Public/js/H-ui.admin.js
ERR: 无法加载模块:Public

[ 2017-11-21T23:33:34+08:00 ] 192.168.35.209 /shop2/Public/js/H-ui.js
ERR: 无法加载模块:Public

[ 2017-11-21T23:33:34+08:00 ] 192.168.35.209 /shop2/Public/js/H-ui.admin.js
ERR: 无法加载模块:Public

[ 2017-11-21T23:35:16+08:00 ] 192.168.35.127 /shop2/Public/js/H-ui.admin.js
ERR: 无法加载模块:Public

[ 2017-11-21T23:35:16+08:00 ] 192.168.35.127 /shop2/Public/js/H-ui.js
ERR: 无法加载模块:Public

[ 2017-11-21T23:35:16+08:00 ] 192.168.35.127 /shop2/Public/js/H-ui.admin.js
ERR: 无法加载模块:Public

[ 2017-11-21T23:35:30+08:00 ] 192.168.35.127 /shop2/Public/js/H-ui.admin.js
ERR: 无法加载模块:Public

[ 2017-11-21T23:35:30+08:00 ] 192.168.35.127 /shop2/Public/js/H-ui.js
ERR: 无法加载模块:Public

[ 2017-11-21T23:36:34+08:00 ] 192.168.35.127 /shop2/Public/js/H-ui.js
ERR: 无法加载模块:Public

[ 2017-11-21T23:36:34+08:00 ] 192.168.35.127 /shop2/Public/js/H-ui.admin.js
ERR: 无法加载模块:Public

[ 2017-11-21T23:37:46+08:00 ] 192.168.35.127 /shop2/Public/js/H-ui.admin.js
ERR: 无法加载模块:Public

[ 2017-11-21T23:37:46+08:00 ] 192.168.35.127 /shop2/Public/js/H-ui.js
ERR: 无法加载模块:Public

[ 2017-11-21T23:37:46+08:00 ] 192.168.35.127 /shop2/Public/js/H-ui.admin.js
ERR: 无法加载模块:Public

[ 2017-11-21T23:38:41+08:00 ] 192.168.35.127 /shop2/Public/js/H-ui.js
ERR: 无法加载模块:Public

[ 2017-11-21T23:38:41+08:00 ] 192.168.35.127 /shop2/Public/js/H-ui.admin.js
ERR: 无法加载模块:Public

[ 2017-11-21T23:38:41+08:00 ] 192.168.35.127 /shop2/Public/js/H-ui.admin.js
ERR: 无法加载模块:Public

[ 2017-11-21T23:38:57+08:00 ] 192.168.35.127 /shop2/Public/js/H-ui.admin.js
ERR: 无法加载模块:Public

[ 2017-11-21T23:38:57+08:00 ] 192.168.35.127 /shop2/Public/js/H-ui.js
ERR: 无法加载模块:Public

[ 2017-11-21T23:38:57+08:00 ] 192.168.35.127 /shop2/Public/js/H-ui.admin.js
ERR: 无法加载模块:Public

[ 2017-11-21T23:39:25+08:00 ] 192.168.35.209 /shop2/Systems.html
ERR: 无法加载模块:Systems

[ 2017-11-21T23:39:30+08:00 ] 192.168.35.127 /shop2/Public/js/H-ui.admin.js
ERR: 无法加载模块:Public

[ 2017-11-21T23:39:30+08:00 ] 192.168.35.127 /shop2/Public/js/H-ui.js
ERR: 无法加载模块:Public

[ 2017-11-21T23:39:30+08:00 ] 192.168.35.127 /shop2/Public/js/H-ui.js
ERR: 无法加载模块:Public

[ 2017-11-21T23:39:30+08:00 ] 192.168.35.127 /shop2/Public/js/H-ui.admin.js
ERR: 无法加载模块:Public

[ 2017-11-21T23:40:38+08:00 ] 192.168.35.127 /shop2/Public/js/H-ui.admin.js
ERR: 无法加载模块:Public

[ 2017-11-21T23:40:38+08:00 ] 192.168.35.127 /shop2/Public/js/H-ui.js
ERR: 无法加载模块:Public

[ 2017-11-21T23:40:38+08:00 ] 192.168.35.127 /shop2/Public/js/H-ui.js
ERR: 无法加载模块:Public

[ 2017-11-21T23:40:38+08:00 ] 192.168.35.127 /shop2/Public/js/H-ui.admin.js
ERR: 无法加载模块:Public

[ 2017-11-21T23:41:32+08:00 ] 192.168.35.127 /shop2/Public/js/H-ui.admin.js
ERR: 无法加载模块:Public

[ 2017-11-21T23:41:32+08:00 ] 192.168.35.127 /shop2/Public/js/H-ui.js
ERR: 无法加载模块:Public

[ 2017-11-21T23:42:24+08:00 ] 192.168.35.127 /shop2/Public/js/H-ui.admin.js
ERR: 无法加载模块:Public

[ 2017-11-21T23:42:24+08:00 ] 192.168.35.127 /shop2/Public/js/H-ui.js
ERR: 无法加载模块:Public

[ 2017-11-21T23:42:25+08:00 ] 192.168.35.127 /shop2/Public/js/H-ui.js
ERR: 无法加载模块:Public

[ 2017-11-21T23:42:25+08:00 ] 192.168.35.127 /shop2/Public/js/H-ui.admin.js
ERR: 无法加载模块:Public

[ 2017-11-21T23:42:35+08:00 ] 192.168.35.127 /shop2/Public/js/H-ui.admin.js
ERR: 无法加载模块:Public

[ 2017-11-21T23:42:35+08:00 ] 192.168.35.127 /shop2/Public/js/H-ui.js
ERR: 无法加载模块:Public

[ 2017-11-21T23:42:35+08:00 ] 192.168.35.127 /shop2/Public/js/H-ui.js
ERR: 无法加载模块:Public

[ 2017-11-21T23:42:35+08:00 ] 192.168.35.127 /shop2/Public/js/H-ui.admin.js
ERR: 无法加载模块:Public

[ 2017-11-21T23:42:50+08:00 ] 192.168.35.127 /shop2/Public/js/H-ui.admin.js
ERR: 无法加载模块:Public

[ 2017-11-21T23:42:50+08:00 ] 192.168.35.127 /shop2/Public/js/H-ui.js
ERR: 无法加载模块:Public

[ 2017-11-21T23:42:50+08:00 ] 192.168.35.127 /shop2/Public/js/H-ui.admin.js
ERR: 无法加载模块:Public

[ 2017-11-21T23:44:36+08:00 ] 192.168.35.127 /shop2/Public/js/H-ui.admin.js
ERR: 无法加载模块:Public

[ 2017-11-21T23:44:36+08:00 ] 192.168.35.127 /shop2/Public/js/H-ui.js
ERR: 无法加载模块:Public

[ 2017-11-21T23:44:36+08:00 ] 192.168.35.127 /shop2/Public/js/H-ui.admin.js
ERR: 无法加载模块:Public

[ 2017-11-21T23:48:42+08:00 ] 192.168.35.127 /shop2/Public/js/H-ui.admin.js
ERR: 无法加载模块:Public

[ 2017-11-21T23:48:42+08:00 ] 192.168.35.127 /shop2/Public/js/H-ui.js
ERR: 无法加载模块:Public

[ 2017-11-21T23:48:42+08:00 ] 192.168.35.127 /shop2/Public/js/H-ui.admin.js
ERR: 无法加载模块:Public

[ 2017-11-21T23:51:43+08:00 ] 192.168.35.127 /shop2/Public/js/H-ui.admin.js
ERR: 无法加载模块:Public

[ 2017-11-21T23:51:43+08:00 ] 192.168.35.127 /shop2/Public/js/H-ui.js
ERR: 无法加载模块:Public

[ 2017-11-21T23:51:43+08:00 ] 192.168.35.127 /shop2/Public/js/H-ui.admin.js
ERR: 无法加载模块:Public

[ 2017-11-21T23:57:21+08:00 ] 192.168.35.209 /shop2/Systems.html
ERR: 无法加载模块:Systems

[ 2017-11-21T23:57:23+08:00 ] 192.168.35.209 /shop2/Systems.html
ERR: 无法加载模块:Systems

