[ 2017-12-19T01:21:03+08:00 ] 192.168.35.209 /shop2/Public/Home/pc/jsmin//shop2/Public/Home/page/pcenter/common/navbar.js?1607171729.25
INFO: [ app_init ] --START--
INFO: Run Behavior\BuildLiteBehavior [ RunTime:0.000010s ]
INFO: [ app_init ] --END-- [ RunTime:0.000264s ]
ERR: 无法加载模块:Public

[ 2017-12-19T01:21:03+08:00 ] 192.168.35.209 /shop2/Public/Home/pc/jsmin//shop2/Public/Home/page/account/setPassword/setPassword.js?1607171729.25
INFO: [ app_init ] --START--
INFO: Run Behavior\BuildLiteBehavior [ RunTime:0.000010s ]
INFO: [ app_init ] --END-- [ RunTime:0.000246s ]
ERR: 无法加载模块:Public

[ 2017-12-19T01:21:07+08:00 ] 192.168.35.209 /shop2/Public/Home/pc/jsmin//shop2/Public/Home/page/pcenter/common/navbar.js?1607171729.25
INFO: [ app_init ] --START--
INFO: Run Behavior\BuildLiteBehavior [ RunTime:0.000019s ]
INFO: [ app_init ] --END-- [ RunTime:0.000480s ]
ERR: 无法加载模块:Public

[ 2017-12-19T01:21:07+08:00 ] 192.168.35.209 /shop2/Public/Home/pc/jsmin//shop2/Public/Home/page/account/setPassword/setPassword.js?1607171729.25
INFO: [ app_init ] --START--
INFO: Run Behavior\BuildLiteBehavior [ RunTime:0.000074s ]
INFO: [ app_init ] --END-- [ RunTime:0.000553s ]
ERR: 无法加载模块:Public

[ 2017-12-19T01:21:14+08:00 ] 192.168.35.209 /shop2/Public/Home/pc/jsmin//shop2/Public/Home/page/pcenter/common/navbar.js?1607171729.25
INFO: [ app_init ] --START--
INFO: Run Behavior\BuildLiteBehavior [ RunTime:0.000009s ]
INFO: [ app_init ] --END-- [ RunTime:0.000236s ]
ERR: 无法加载模块:Public

[ 2017-12-19T01:21:14+08:00 ] 192.168.35.209 /shop2/Public/Home/pc/jsmin//shop2/Public/Home/page/account/setPassword/setPassword.js?1607171729.25
INFO: [ app_init ] --START--
INFO: Run Behavior\BuildLiteBehavior [ RunTime:0.000007s ]
INFO: [ app_init ] --END-- [ RunTime:0.000261s ]
ERR: 无法加载模块:Public

[ 2017-12-19T01:22:46+08:00 ] 192.168.35.209 /shop2/Public/Home/pc/jsmin//shop2/Public/Home/page/pcenter/common/navbar.js?1607171729.25
INFO: [ app_init ] --START--
INFO: Run Behavior\BuildLiteBehavior [ RunTime:0.000015s ]
INFO: [ app_init ] --END-- [ RunTime:0.000367s ]
ERR: 无法加载模块:Public

[ 2017-12-19T01:22:46+08:00 ] 192.168.35.209 /shop2/Public/Home/pc/jsmin//shop2/Public/Home/page/account/setPassword/setPassword.js?1607171729.25
INFO: [ app_init ] --START--
INFO: Run Behavior\BuildLiteBehavior [ RunTime:0.000010s ]
INFO: [ app_init ] --END-- [ RunTime:0.000268s ]
ERR: 无法加载模块:Public

[ 2017-12-19T01:22:51+08:00 ] 192.168.35.209 /shop2/Public/Home/pc/jsmin//shop2/Public/Home/page/pcenter/common/navbar.js?1607171729.25
INFO: [ app_init ] --START--
INFO: Run Behavior\BuildLiteBehavior [ RunTime:0.000016s ]
INFO: [ app_init ] --END-- [ RunTime:0.000365s ]
ERR: 无法加载模块:Public

[ 2017-12-19T01:22:51+08:00 ] 192.168.35.209 /shop2/Public/Home/pc/jsmin//shop2/Public/Home/page/account/setPassword/setPassword.js?1607171729.25
INFO: [ app_init ] --START--
INFO: Run Behavior\BuildLiteBehavior [ RunTime:0.000045s ]
INFO: [ app_init ] --END-- [ RunTime:0.001422s ]
ERR: 无法加载模块:Public

[ 2017-12-19T01:22:57+08:00 ] 192.168.35.209 /shop2/Public/Home/pc/jsmin//shop2/Public/Home/page/pcenter/common/navbar.js?1607171729.25
INFO: [ app_init ] --START--
INFO: Run Behavior\BuildLiteBehavior [ RunTime:0.000014s ]
INFO: [ app_init ] --END-- [ RunTime:0.000368s ]
ERR: 无法加载模块:Public

[ 2017-12-19T01:22:57+08:00 ] 192.168.35.209 /shop2/Public/Home/pc/jsmin//shop2/Public/Home/page/account/setPassword/setPassword.js?1607171729.25
INFO: [ app_init ] --START--
INFO: Run Behavior\BuildLiteBehavior [ RunTime:0.000014s ]
INFO: [ app_init ] --END-- [ RunTime:0.000414s ]
ERR: 无法加载模块:Public

[ 2017-12-19T01:24:05+08:00 ] 192.168.35.209 /shop2/Public/Home/pc/jsmin//shop2/Public/Home/page/pcenter/common/navbar.js?1607171729.25
INFO: [ app_init ] --START--
INFO: Run Behavior\BuildLiteBehavior [ RunTime:0.000021s ]
INFO: [ app_init ] --END-- [ RunTime:0.000573s ]
ERR: 无法加载模块:Public

[ 2017-12-19T01:24:05+08:00 ] 192.168.35.209 /shop2/Public/Home/pc/jsmin//shop2/Public/Home/page/account/setPassword/setPassword.js?1607171729.25
INFO: [ app_init ] --START--
INFO: Run Behavior\BuildLiteBehavior [ RunTime:0.000016s ]
INFO: [ app_init ] --END-- [ RunTime:0.000430s ]
ERR: 无法加载模块:Public

[ 2017-12-19T01:24:36+08:00 ] 192.168.35.209 /shop2/Public/Home/pc/jsmin//shop2/Public/Home/page/account/setPassword/setPassword.js?1607171729.25
INFO: [ app_init ] --START--
INFO: Run Behavior\BuildLiteBehavior [ RunTime:0.000037s ]
INFO: [ app_init ] --END-- [ RunTime:0.000403s ]
ERR: 无法加载模块:Public

[ 2017-12-19T01:24:36+08:00 ] 192.168.35.209 /shop2/Public/Home/pc/jsmin//shop2/Public/Home/page/pcenter/common/navbar.js?1607171729.25
INFO: [ app_init ] --START--
INFO: Run Behavior\BuildLiteBehavior [ RunTime:0.000019s ]
INFO: [ app_init ] --END-- [ RunTime:0.000915s ]
ERR: 无法加载模块:Public

[ 2017-12-19T01:39:47+08:00 ] 192.168.35.209 /shop2/Public/Home/pc/~page/pcenter/common/navbar+page/account/common/calender+page/account/setPersonal/setPersonal+page/account/common/area+page/account/common/job+base?1607171729.25
INFO: [ app_init ] --START--
INFO: Run Behavior\BuildLiteBehavior [ RunTime:0.000015s ]
INFO: [ app_init ] --END-- [ RunTime:0.000358s ]
ERR: 无法加载模块:Public

[ 2017-12-19T01:39:47+08:00 ] 192.168.35.209 /shop2/Public/Home/pc/~page/pcenter/common/navbar+page/account/common/calender+page/account/setPersonal/setPersonal+page/account/common/area+page/account/common/job+base?1607171729.25
INFO: [ app_init ] --START--
INFO: Run Behavior\BuildLiteBehavior [ RunTime:0.000010s ]
INFO: [ app_init ] --END-- [ RunTime:0.000240s ]
ERR: 无法加载模块:Public

[ 2017-12-19T01:39:48+08:00 ] 192.168.35.209 /shop2/Public/Home/pc/jsmin//shop2/Public/Home/page/account/common/calender.js?1607171729.25
INFO: [ app_init ] --START--
INFO: Run Behavior\BuildLiteBehavior [ RunTime:0.000016s ]
INFO: [ app_init ] --END-- [ RunTime:0.004305s ]
ERR: 无法加载模块:Public

[ 2017-12-19T01:39:48+08:00 ] 192.168.35.209 /shop2/Public/Home/pc/jsmin//shop2/Public/Home/page/pcenter/common/navbar.js?1607171729.25
INFO: [ app_init ] --START--
INFO: Run Behavior\BuildLiteBehavior [ RunTime:0.000010s ]
INFO: [ app_init ] --END-- [ RunTime:0.000244s ]
ERR: 无法加载模块:Public

[ 2017-12-19T01:39:48+08:00 ] 192.168.35.209 /shop2/Public/Home/pc/jsmin//shop2/Public/Home/page/account/common/job.js?1607171729.25
INFO: [ app_init ] --START--
INFO: Run Behavior\BuildLiteBehavior [ RunTime:0.000009s ]
INFO: [ app_init ] --END-- [ RunTime:0.000229s ]
ERR: 无法加载模块:Public

[ 2017-12-19T01:39:48+08:00 ] 192.168.35.209 /shop2/Public/Home/pc/jsmin//shop2/Public/Home/page/account/common/area.js?1607171729.25
INFO: [ app_init ] --START--
INFO: Run Behavior\BuildLiteBehavior [ RunTime:0.000017s ]
INFO: [ app_init ] --END-- [ RunTime:0.000486s ]
ERR: 无法加载模块:Public

[ 2017-12-19T01:39:48+08:00 ] 192.168.35.209 /shop2/Public/Home/pc/jsmin/base.js?1607171729.25
INFO: [ app_init ] --START--
INFO: Run Behavior\BuildLiteBehavior [ RunTime:0.000008s ]
INFO: [ app_init ] --END-- [ RunTime:0.000202s ]
ERR: 无法加载模块:Public

[ 2017-12-19T01:39:48+08:00 ] 192.168.35.209 /shop2/Public/Home/pc/jsmin//shop2/Public/Home/page/account/setPersonal/setPersonal.js?1607171729.25
INFO: [ app_init ] --START--
INFO: Run Behavior\BuildLiteBehavior [ RunTime:0.000011s ]
INFO: [ app_init ] --END-- [ RunTime:0.000293s ]
ERR: 无法加载模块:Public

[ 2017-12-19T02:02:26+08:00 ] 192.168.35.209 /shop2/Public/Home/pc/~page/pcenter/common/navbar+page/account/common/calender+page/account/setPersonal/setPersonal+page/account/common/area+page/account/common/job+base?1607171729.25
INFO: [ app_init ] --START--
INFO: Run Behavior\BuildLiteBehavior [ RunTime:0.000013s ]
INFO: [ app_init ] --END-- [ RunTime:0.000269s ]
ERR: 无法加载模块:Public

[ 2017-12-19T02:02:26+08:00 ] 192.168.35.209 /shop2/Public/Home/pc/~page/pcenter/common/navbar+page/account/common/calender+page/account/setPersonal/setPersonal+page/account/common/area+page/account/common/job+base?1607171729.25
INFO: [ app_init ] --START--
INFO: Run Behavior\BuildLiteBehavior [ RunTime:0.000015s ]
INFO: [ app_init ] --END-- [ RunTime:0.000496s ]
ERR: 无法加载模块:Public

[ 2017-12-19T02:02:27+08:00 ] 192.168.35.209 /shop2/Public/Home/pc/jsmin//shop2/Public/Home/page/pcenter/common/navbar.js?1607171729.25
INFO: [ app_init ] --START--
INFO: Run Behavior\BuildLiteBehavior [ RunTime:0.000015s ]
INFO: [ app_init ] --END-- [ RunTime:0.406666s ]
ERR: 无法加载模块:Public

[ 2017-12-19T02:02:27+08:00 ] 192.168.35.209 /shop2/Public/Home/pc/jsmin//shop2/Public/Home/page/account/common/calender.js?1607171729.25
INFO: [ app_init ] --START--
INFO: Run Behavior\BuildLiteBehavior [ RunTime:0.000009s ]
INFO: [ app_init ] --END-- [ RunTime:0.000233s ]
ERR: 无法加载模块:Public

[ 2017-12-19T02:02:27+08:00 ] 192.168.35.209 /shop2/Public/Home/pc/jsmin//shop2/Public/Home/page/account/common/area.js?1607171729.25
INFO: [ app_init ] --START--
INFO: Run Behavior\BuildLiteBehavior [ RunTime:0.000009s ]
INFO: [ app_init ] --END-- [ RunTime:0.000239s ]
ERR: 无法加载模块:Public

[ 2017-12-19T02:02:27+08:00 ] 192.168.35.209 /shop2/Public/Home/pc/jsmin/base.js?1607171729.25
INFO: [ app_init ] --START--
INFO: Run Behavior\BuildLiteBehavior [ RunTime:0.000009s ]
INFO: [ app_init ] --END-- [ RunTime:0.000221s ]
ERR: 无法加载模块:Public

[ 2017-12-19T02:02:27+08:00 ] 192.168.35.209 /shop2/Public/Home/pc/jsmin//shop2/Public/Home/page/account/common/job.js?1607171729.25
INFO: [ app_init ] --START--
INFO: Run Behavior\BuildLiteBehavior [ RunTime:0.000009s ]
INFO: [ app_init ] --END-- [ RunTime:0.000267s ]
ERR: 无法加载模块:Public

[ 2017-12-19T02:02:27+08:00 ] 192.168.35.209 /shop2/Public/Home/pc/jsmin//shop2/Public/Home/page/account/setPersonal/setPersonal.js?1607171729.25
INFO: [ app_init ] --START--
INFO: Run Behavior\BuildLiteBehavior [ RunTime:0.000009s ]
INFO: [ app_init ] --END-- [ RunTime:0.000216s ]
ERR: 无法加载模块:Public

[ 2017-12-19T02:15:04+08:00 ] 192.168.35.87 /shop2/Public/Home/pc/jsmin/page/pcenter/common/navbar.js?1607171729.25
INFO: [ app_init ] --START--
INFO: Run Behavior\BuildLiteBehavior [ RunTime:0.000007s ]
INFO: [ app_init ] --END-- [ RunTime:0.000238s ]
ERR: 无法加载模块:Public

[ 2017-12-19T02:15:04+08:00 ] 192.168.35.87 /shop2/Public/Home/pc/jsmin/page/account/common/area.js?1607171729.25
INFO: [ app_init ] --START--
INFO: Run Behavior\BuildLiteBehavior [ RunTime:0.000009s ]
INFO: [ app_init ] --END-- [ RunTime:0.000210s ]
ERR: 无法加载模块:Public

[ 2017-12-19T02:15:04+08:00 ] 192.168.35.87 /shop2/Public/Home/pc/jsmin/base.js?1607171729.25
INFO: [ app_init ] --START--
INFO: Run Behavior\BuildLiteBehavior [ RunTime:0.000010s ]
INFO: [ app_init ] --END-- [ RunTime:0.008644s ]
ERR: 无法加载模块:Public

[ 2017-12-19T02:15:04+08:00 ] 192.168.35.87 /shop2/Public/Home/pc/jsmin/page/account/setPersonal/setPersonal.js?1607171729.25
INFO: [ app_init ] --START--
INFO: Run Behavior\BuildLiteBehavior [ RunTime:0.000008s ]
INFO: [ app_init ] --END-- [ RunTime:0.003258s ]
ERR: 无法加载模块:Public

[ 2017-12-19T02:15:04+08:00 ] 192.168.35.87 /shop2/Public/Home/pc/jsmin/page/account/common/job.js?1607171729.25
INFO: [ app_init ] --START--
INFO: Run Behavior\BuildLiteBehavior [ RunTime:0.000008s ]
INFO: [ app_init ] --END-- [ RunTime:0.000253s ]
ERR: 无法加载模块:Public

[ 2017-12-19T02:19:18+08:00 ] 192.168.35.209 /shop2/Public/Home/pc/jsmin/page/account/common/area.js?1607171729.25
INFO: [ app_init ] --START--
INFO: Run Behavior\BuildLiteBehavior [ RunTime:0.000010s ]
INFO: [ app_init ] --END-- [ RunTime:0.005051s ]
ERR: 无法加载模块:Public

[ 2017-12-19T02:19:18+08:00 ] 192.168.35.209 /shop2/Public/Home/pc/jsmin/page/pcenter/common/navbar.js?1607171729.25
INFO: [ app_init ] --START--
INFO: Run Behavior\BuildLiteBehavior [ RunTime:0.000008s ]
INFO: [ app_init ] --END-- [ RunTime:0.000224s ]
ERR: 无法加载模块:Public

[ 2017-12-19T02:19:18+08:00 ] 192.168.35.209 /shop2/Public/Home/pc/jsmin/page/account/setPersonal/setPersonal.js?1607171729.25
INFO: [ app_init ] --START--
INFO: Run Behavior\BuildLiteBehavior [ RunTime:0.000009s ]
INFO: [ app_init ] --END-- [ RunTime:0.000280s ]
ERR: 无法加载模块:Public

[ 2017-12-19T02:19:18+08:00 ] 192.168.35.209 /shop2/Public/Home/pc/jsmin/page/account/common/job.js?1607171729.25
INFO: [ app_init ] --START--
INFO: Run Behavior\BuildLiteBehavior [ RunTime:0.000008s ]
INFO: [ app_init ] --END-- [ RunTime:0.000223s ]
ERR: 无法加载模块:Public

[ 2017-12-19T02:19:18+08:00 ] 192.168.35.209 /shop2/Public/Home/pc/jsmin/base.js?1607171729.25
INFO: [ app_init ] --START--
INFO: Run Behavior\BuildLiteBehavior [ RunTime:0.000009s ]
INFO: [ app_init ] --END-- [ RunTime:0.000281s ]
ERR: 无法加载模块:Public

[ 2017-12-19T02:22:24+08:00 ] 192.168.35.87 /shop2/Public/Home/pc/jsmin/base.js?1607171729.25
INFO: [ app_init ] --START--
INFO: Run Behavior\BuildLiteBehavior [ RunTime:0.000009s ]
INFO: [ app_init ] --END-- [ RunTime:0.000261s ]
ERR: 无法加载模块:Public

[ 2017-12-19T02:22:24+08:00 ] 192.168.35.87 /shop2/Public/Home/pc/jsmin/page/account/setPersonal/setPersonal.js?1607171729.25
INFO: [ app_init ] --START--
INFO: Run Behavior\BuildLiteBehavior [ RunTime:0.000008s ]
INFO: [ app_init ] --END-- [ RunTime:0.000258s ]
ERR: 无法加载模块:Public

[ 2017-12-19T02:22:24+08:00 ] 192.168.35.87 /shop2/Public/Home/pc/jsmin/page/account/common/job.js?1607171729.25
INFO: [ app_init ] --START--
INFO: Run Behavior\BuildLiteBehavior [ RunTime:0.000016s ]
INFO: [ app_init ] --END-- [ RunTime:0.000584s ]
ERR: 无法加载模块:Public

[ 2017-12-19T02:29:13+08:00 ] 192.168.35.209 /shop2/Public/Home/pc/jsmin/base.js?1607171729.25
INFO: [ app_init ] --START--
INFO: Run Behavior\BuildLiteBehavior [ RunTime:0.000008s ]
INFO: [ app_init ] --END-- [ RunTime:0.000208s ]
ERR: 无法加载模块:Public

[ 2017-12-19T02:29:13+08:00 ] 192.168.35.209 /shop2/Public/Home/pc/jsmin/page/account/common/job.js?1607171729.25
INFO: [ app_init ] --START--
INFO: Run Behavior\BuildLiteBehavior [ RunTime:0.000007s ]
INFO: [ app_init ] --END-- [ RunTime:0.000209s ]
ERR: 无法加载模块:Public

[ 2017-12-19T02:29:13+08:00 ] 192.168.35.209 /shop2/Public/Home/pc/jsmin/page/account/setPersonal/setPersonal.js?1607171729.25
INFO: [ app_init ] --START--
INFO: Run Behavior\BuildLiteBehavior [ RunTime:0.000007s ]
INFO: [ app_init ] --END-- [ RunTime:0.000221s ]
ERR: 无法加载模块:Public

[ 2017-12-19T02:29:13+08:00 ] 192.168.35.209 /shop2/Public/Home/pc/jsmin/page/pcenter/common/navbar.js?1607171729.25
INFO: [ app_init ] --START--
INFO: Run Behavior\BuildLiteBehavior [ RunTime:0.000010s ]
INFO: [ app_init ] --END-- [ RunTime:0.000282s ]
ERR: 无法加载模块:Public

[ 2017-12-19T02:29:13+08:00 ] 192.168.35.209 /shop2/Public/Home/pc/jsmin/page/account/common/area.js?1607171729.25
INFO: [ app_init ] --START--
INFO: Run Behavior\BuildLiteBehavior [ RunTime:0.000012s ]
INFO: [ app_init ] --END-- [ RunTime:0.000336s ]
ERR: 无法加载模块:Public

[ 2017-12-19T02:33:19+08:00 ] 192.168.35.87 /shop2/Public/Home/pc/jsmin/base.js?1607171729.25
INFO: [ app_init ] --START--
INFO: Run Behavior\BuildLiteBehavior [ RunTime:0.000018s ]
INFO: [ app_init ] --END-- [ RunTime:0.000387s ]
ERR: 无法加载模块:Public

[ 2017-12-19T02:33:19+08:00 ] 192.168.35.87 /shop2/Public/Home/pc/jsmin/page/pcenter/common/navbar.js?1607171729.25
INFO: [ app_init ] --START--
INFO: Run Behavior\BuildLiteBehavior [ RunTime:0.000009s ]
INFO: [ app_init ] --END-- [ RunTime:0.000449s ]
ERR: 无法加载模块:Public

[ 2017-12-19T02:33:19+08:00 ] 192.168.35.87 /shop2/Public/Home/pc/jsmin/page/account/common/job.js?1607171729.25
INFO: [ app_init ] --START--
INFO: Run Behavior\BuildLiteBehavior [ RunTime:0.000019s ]
INFO: [ app_init ] --END-- [ RunTime:0.043099s ]
ERR: 无法加载模块:Public

[ 2017-12-19T02:33:19+08:00 ] 192.168.35.87 /shop2/Public/Home/pc/jsmin/page/account/setPersonal/setPersonal.js?1607171729.25
INFO: [ app_init ] --START--
INFO: Run Behavior\BuildLiteBehavior [ RunTime:0.000012s ]
INFO: [ app_init ] --END-- [ RunTime:0.000469s ]
ERR: 无法加载模块:Public

[ 2017-12-19T02:33:19+08:00 ] 192.168.35.87 /shop2/Public/Home/pc/jsmin/page/account/common/area.js?1607171729.25
INFO: [ app_init ] --START--
INFO: Run Behavior\BuildLiteBehavior [ RunTime:0.000014s ]
INFO: [ app_init ] --END-- [ RunTime:0.000476s ]
ERR: 无法加载模块:Public

[ 2017-12-19T03:03:34+08:00 ] 192.168.35.87 /shop2/Public/Home/pc/jsmin/page/pcenter/common/navbar.js?1607171729.25
INFO: [ app_init ] --START--
INFO: Run Behavior\BuildLiteBehavior [ RunTime:0.000008s ]
INFO: [ app_init ] --END-- [ RunTime:0.000197s ]
ERR: 无法加载模块:Public

[ 2017-12-19T03:03:34+08:00 ] 192.168.35.87 /shop2/Public/Home/pc/jsmin/base.js?1607171729.25
INFO: [ app_init ] --START--
INFO: Run Behavior\BuildLiteBehavior [ RunTime:0.000021s ]
INFO: [ app_init ] --END-- [ RunTime:0.000265s ]
ERR: 无法加载模块:Public

[ 2017-12-19T03:03:34+08:00 ] 192.168.35.87 /shop2/Public/Home/pc/jsmin/page/account/common/area.js?1607171729.25
INFO: [ app_init ] --START--
INFO: Run Behavior\BuildLiteBehavior [ RunTime:0.000008s ]
INFO: [ app_init ] --END-- [ RunTime:0.000212s ]
ERR: 无法加载模块:Public

[ 2017-12-19T03:03:34+08:00 ] 192.168.35.87 /shop2/Public/Home/pc/jsmin/page/account/setPersonal/setPersonal.js?1607171729.25
INFO: [ app_init ] --START--
INFO: Run Behavior\BuildLiteBehavior [ RunTime:0.000008s ]
INFO: [ app_init ] --END-- [ RunTime:0.000208s ]
ERR: 无法加载模块:Public

[ 2017-12-19T03:03:34+08:00 ] 192.168.35.87 /shop2/Public/Home/pc/jsmin/page/account/common/job.js?1607171729.25
INFO: [ app_init ] --START--
INFO: Run Behavior\BuildLiteBehavior [ RunTime:0.000008s ]
INFO: [ app_init ] --END-- [ RunTime:0.000268s ]
ERR: 无法加载模块:Public

[ 2017-12-19T03:21:17+08:00 ] 192.168.35.87 /shop2/Public/css/jquery.mCustomScrollbar.css
INFO: [ app_init ] --START--
INFO: Run Behavior\BuildLiteBehavior [ RunTime:0.000008s ]
INFO: [ app_init ] --END-- [ RunTime:0.000211s ]
ERR: 无法加载模块:Public

[ 2017-12-19T03:21:17+08:00 ] 192.168.35.87 /shop2/Public/css/font/adminthemes-webfont.woff2
INFO: [ app_init ] --START--
INFO: Run Behavior\BuildLiteBehavior [ RunTime:0.000008s ]
INFO: [ app_init ] --END-- [ RunTime:0.000231s ]
ERR: 无法加载模块:Public

[ 2017-12-19T03:21:18+08:00 ] 192.168.35.87 /shop2/Public/css/font/adminthemes-webfont.woff
INFO: [ app_init ] --START--
INFO: Run Behavior\BuildLiteBehavior [ RunTime:0.000008s ]
INFO: [ app_init ] --END-- [ RunTime:0.000244s ]
ERR: 无法加载模块:Public

[ 2017-12-19T03:21:18+08:00 ] 192.168.35.87 /shop2/Public/css/font/adminthemes-webfont.ttf
INFO: [ app_init ] --START--
INFO: Run Behavior\BuildLiteBehavior [ RunTime:0.000007s ]
INFO: [ app_init ] --END-- [ RunTime:0.000223s ]
ERR: 无法加载模块:Public

[ 2017-12-19T03:33:19+08:00 ] 192.168.35.87 /shop2/Public/Home/pc/jsmin/page/pcenter/common/navbar.js?1607171729.25
INFO: [ app_init ] --START--
INFO: Run Behavior\BuildLiteBehavior [ RunTime:0.000013s ]
INFO: [ app_init ] --END-- [ RunTime:0.000277s ]
ERR: 无法加载模块:Public

[ 2017-12-19T03:33:19+08:00 ] 192.168.35.87 /shop2/Public/Home/pc/jsmin/page/account/setPersonal/setPersonal.js?1607171729.25
INFO: [ app_init ] --START--
INFO: Run Behavior\BuildLiteBehavior [ RunTime:0.000009s ]
INFO: [ app_init ] --END-- [ RunTime:0.000263s ]
ERR: 无法加载模块:Public

[ 2017-12-19T03:33:19+08:00 ] 192.168.35.87 /shop2/Public/Home/pc/jsmin/page/account/common/area.js?1607171729.25
INFO: [ app_init ] --START--
INFO: Run Behavior\BuildLiteBehavior [ RunTime:0.000013s ]
INFO: [ app_init ] --END-- [ RunTime:0.000345s ]
ERR: 无法加载模块:Public

[ 2017-12-19T03:33:19+08:00 ] 192.168.35.87 /shop2/Public/Home/pc/jsmin/base.js?1607171729.25
INFO: [ app_init ] --START--
INFO: Run Behavior\BuildLiteBehavior [ RunTime:0.000020s ]
INFO: [ app_init ] --END-- [ RunTime:0.000478s ]
ERR: 无法加载模块:Public

[ 2017-12-19T03:33:19+08:00 ] 192.168.35.87 /shop2/Public/Home/pc/jsmin/page/account/common/job.js?1607171729.25
INFO: [ app_init ] --START--
INFO: Run Behavior\BuildLiteBehavior [ RunTime:0.000015s ]
INFO: [ app_init ] --END-- [ RunTime:0.000320s ]
ERR: 无法加载模块:Public

[ 2017-12-19T03:51:18+08:00 ] 192.168.35.209 /shop2/Public/Home/pc/jsmin/page/pcenter/common/navbar.js?1607171729.25
INFO: [ app_init ] --START--
INFO: Run Behavior\BuildLiteBehavior [ RunTime:0.000015s ]
INFO: [ app_init ] --END-- [ RunTime:0.000418s ]
ERR: 无法加载模块:Public

[ 2017-12-19T03:51:18+08:00 ] 192.168.35.209 /shop2/Public/Home/pc/jsmin/base.js?1607171729.25
INFO: [ app_init ] --START--
INFO: Run Behavior\BuildLiteBehavior [ RunTime:0.000013s ]
INFO: [ app_init ] --END-- [ RunTime:0.000452s ]
ERR: 无法加载模块:Public

[ 2017-12-19T03:51:18+08:00 ] 192.168.35.209 /shop2/Public/Home/pc/jsmin/page/account/setPersonal/setPersonal.js?1607171729.25
INFO: [ app_init ] --START--
INFO: Run Behavior\BuildLiteBehavior [ RunTime:0.000009s ]
INFO: [ app_init ] --END-- [ RunTime:0.000290s ]
ERR: 无法加载模块:Public

[ 2017-12-19T03:51:18+08:00 ] 192.168.35.209 /shop2/Public/Home/pc/jsmin/page/account/common/job.js?1607171729.25
INFO: [ app_init ] --START--
INFO: Run Behavior\BuildLiteBehavior [ RunTime:0.000010s ]
INFO: [ app_init ] --END-- [ RunTime:0.000306s ]
ERR: 无法加载模块:Public

[ 2017-12-19T03:51:18+08:00 ] 192.168.35.209 /shop2/Public/Home/pc/jsmin/page/account/common/area.js?1607171729.25
INFO: [ app_init ] --START--
INFO: Run Behavior\BuildLiteBehavior [ RunTime:0.000011s ]
INFO: [ app_init ] --END-- [ RunTime:0.000258s ]
ERR: 无法加载模块:Public

[ 2017-12-19T04:11:56+08:00 ] 192.168.35.209 /shop2/Public/Home/pc/jsmin/page/account/setPersonal/setPersonal.js?1607171729.25
INFO: [ app_init ] --START--
INFO: Run Behavior\BuildLiteBehavior [ RunTime:0.000014s ]
INFO: [ app_init ] --END-- [ RunTime:0.000332s ]
ERR: 无法加载模块:Public

[ 2017-12-19T04:11:56+08:00 ] 192.168.35.209 /shop2/Public/Home/pc/jsmin/base.js?1607171729.25
INFO: [ app_init ] --START--
INFO: Run Behavior\BuildLiteBehavior [ RunTime:0.000015s ]
INFO: [ app_init ] --END-- [ RunTime:0.000372s ]
ERR: 无法加载模块:Public

[ 2017-12-19T04:12:20+08:00 ] 192.168.35.209 /shop2/Public/Home/pc/~page/pcenter/common/navbar+page/account/common/calender+page/account/setPersonal/setPersonal+page/account/common/area+page/account/common/job+base?1607171729.25
INFO: [ app_init ] --START--
INFO: Run Behavior\BuildLiteBehavior [ RunTime:0.000020s ]
INFO: [ app_init ] --END-- [ RunTime:0.000588s ]
ERR: 无法加载模块:Public

[ 2017-12-19T04:12:21+08:00 ] 192.168.35.209 /shop2/Public/Home/pc/~page/pcenter/common/navbar+page/account/common/calender+page/account/setPersonal/setPersonal+page/account/common/area+page/account/common/job+base?1607171729.25
INFO: [ app_init ] --START--
INFO: Run Behavior\BuildLiteBehavior [ RunTime:0.000010s ]
INFO: [ app_init ] --END-- [ RunTime:0.000434s ]
ERR: 无法加载模块:Public

[ 2017-12-19T04:12:21+08:00 ] 192.168.35.209 /shop2/Public/Home/pc/jsmin//shop2/Public/Home/page/pcenter/common/navbar.js?1607171729.25
INFO: [ app_init ] --START--
INFO: Run Behavior\BuildLiteBehavior [ RunTime:0.000008s ]
INFO: [ app_init ] --END-- [ RunTime:0.000232s ]
ERR: 无法加载模块:Public

[ 2017-12-19T04:12:21+08:00 ] 192.168.35.209 /shop2/Public/Home/pc/jsmin//shop2/Public/Home/page/account/common/calender.js?1607171729.25
INFO: [ app_init ] --START--
INFO: Run Behavior\BuildLiteBehavior [ RunTime:0.000010s ]
INFO: [ app_init ] --END-- [ RunTime:0.000242s ]
ERR: 无法加载模块:Public

[ 2017-12-19T04:12:21+08:00 ] 192.168.35.209 /shop2/Public/Home/pc/jsmin//shop2/Public/Home/page/account/setPersonal/setPersonal.js?1607171729.25
INFO: [ app_init ] --START--
INFO: Run Behavior\BuildLiteBehavior [ RunTime:0.000011s ]
INFO: [ app_init ] --END-- [ RunTime:0.000315s ]
ERR: 无法加载模块:Public

[ 2017-12-19T04:12:21+08:00 ] 192.168.35.209 /shop2/Public/Home/pc/jsmin//shop2/Public/Home/page/account/common/area.js?1607171729.25
INFO: [ app_init ] --START--
INFO: Run Behavior\BuildLiteBehavior [ RunTime:0.000009s ]
INFO: [ app_init ] --END-- [ RunTime:0.001701s ]
ERR: 无法加载模块:Public

[ 2017-12-19T04:12:21+08:00 ] 192.168.35.209 /shop2/Public/Home/pc/jsmin//shop2/Public/Home/page/account/common/job.js?1607171729.25
INFO: [ app_init ] --START--
INFO: Run Behavior\BuildLiteBehavior [ RunTime:0.000019s ]
INFO: [ app_init ] --END-- [ RunTime:0.000220s ]
ERR: 无法加载模块:Public

[ 2017-12-19T04:12:21+08:00 ] 192.168.35.209 /shop2/Public/Home/pc/jsmin/base.js?1607171729.25
INFO: [ app_init ] --START--
INFO: Run Behavior\BuildLiteBehavior [ RunTime:0.000008s ]
INFO: [ app_init ] --END-- [ RunTime:0.000247s ]
ERR: 无法加载模块:Public

[ 2017-12-19T04:36:03+08:00 ] 192.168.35.87 /shop2/Public/Home/pc/jsmin/page/account/setPersonal/setPersonal.js?1607171729.25
INFO: [ app_init ] --START--
INFO: Run Behavior\BuildLiteBehavior [ RunTime:0.000008s ]
INFO: [ app_init ] --END-- [ RunTime:0.000217s ]
ERR: 无法加载模块:Public

[ 2017-12-19T04:36:03+08:00 ] 192.168.35.87 /shop2/Public/Home/pc/jsmin/base.js?1607171729.25
INFO: [ app_init ] --START--
INFO: Run Behavior\BuildLiteBehavior [ RunTime:0.000011s ]
INFO: [ app_init ] --END-- [ RunTime:0.000582s ]
ERR: 无法加载模块:Public

[ 2017-12-19T04:36:03+08:00 ] 192.168.35.87 /shop2/Public/Home/pc/jsmin/page/account/common/area.js?1607171729.25
INFO: [ app_init ] --START--
INFO: Run Behavior\BuildLiteBehavior [ RunTime:0.000010s ]
INFO: [ app_init ] --END-- [ RunTime:0.000222s ]
ERR: 无法加载模块:Public

[ 2017-12-19T04:36:03+08:00 ] 192.168.35.87 /shop2/Public/Home/pc/jsmin/page/pcenter/common/navbar.js?1607171729.25
INFO: [ app_init ] --START--
INFO: Run Behavior\BuildLiteBehavior [ RunTime:0.000008s ]
INFO: [ app_init ] --END-- [ RunTime:0.000209s ]
ERR: 无法加载模块:Public

[ 2017-12-19T04:36:03+08:00 ] 192.168.35.87 /shop2/Public/Home/pc/jsmin/page/account/common/job.js?1607171729.25
INFO: [ app_init ] --START--
INFO: Run Behavior\BuildLiteBehavior [ RunTime:0.000008s ]
INFO: [ app_init ] --END-- [ RunTime:0.000250s ]
ERR: 无法加载模块:Public

[ 2017-12-19T05:10:33+08:00 ] 192.168.35.209 /shop2/Public/Home/pc/jsmin/page/account/common/job.js?1607171729.25
INFO: [ app_init ] --START--
INFO: Run Behavior\BuildLiteBehavior [ RunTime:0.000008s ]
INFO: [ app_init ] --END-- [ RunTime:0.000485s ]
ERR: 无法加载模块:Public

[ 2017-12-19T05:10:33+08:00 ] 192.168.35.209 /shop2/Public/Home/pc/jsmin/page/pcenter/common/navbar.js?1607171729.25
INFO: [ app_init ] --START--
INFO: Run Behavior\BuildLiteBehavior [ RunTime:0.000012s ]
INFO: [ app_init ] --END-- [ RunTime:0.009257s ]
ERR: 无法加载模块:Public

[ 2017-12-19T05:10:33+08:00 ] 192.168.35.209 /shop2/Public/Home/pc/jsmin/page/account/common/area.js?1607171729.25
INFO: [ app_init ] --START--
INFO: Run Behavior\BuildLiteBehavior [ RunTime:0.000009s ]
INFO: [ app_init ] --END-- [ RunTime:0.000279s ]
ERR: 无法加载模块:Public

[ 2017-12-19T05:10:33+08:00 ] 192.168.35.209 /shop2/Public/Home/pc/jsmin/page/account/setPersonal/setPersonal.js?1607171729.25
INFO: [ app_init ] --START--
INFO: Run Behavior\BuildLiteBehavior [ RunTime:0.000016s ]
INFO: [ app_init ] --END-- [ RunTime:0.000385s ]
ERR: 无法加载模块:Public

[ 2017-12-19T05:10:33+08:00 ] 192.168.35.209 /shop2/Public/Home/pc/jsmin/base.js?1607171729.25
INFO: [ app_init ] --START--
INFO: Run Behavior\BuildLiteBehavior [ RunTime:0.000015s ]
INFO: [ app_init ] --END-- [ RunTime:0.000397s ]
ERR: 无法加载模块:Public

[ 2017-12-19T05:33:13+08:00 ] 192.168.35.229 /shop2/Public/Home/pc/jsmin/page/pcenter/common/navbar.js?1607171729.25
INFO: [ app_init ] --START--
INFO: Run Behavior\BuildLiteBehavior [ RunTime:0.000009s ]
INFO: [ app_init ] --END-- [ RunTime:0.000244s ]
ERR: 无法加载模块:Public

[ 2017-12-19T05:33:13+08:00 ] 192.168.35.229 /shop2/Public/Home/pc/jsmin/page/account/setPersonal/setPersonal.js?1607171729.25
INFO: [ app_init ] --START--
INFO: Run Behavior\BuildLiteBehavior [ RunTime:0.000006s ]
INFO: [ app_init ] --END-- [ RunTime:0.000195s ]
ERR: 无法加载模块:Public

[ 2017-12-19T05:33:13+08:00 ] 192.168.35.229 /shop2/Public/Home/pc/jsmin/page/account/common/area.js?1607171729.25
INFO: [ app_init ] --START--
INFO: Run Behavior\BuildLiteBehavior [ RunTime:0.000008s ]
INFO: [ app_init ] --END-- [ RunTime:0.000207s ]
ERR: 无法加载模块:Public

[ 2017-12-19T05:33:13+08:00 ] 192.168.35.229 /shop2/Public/Home/pc/jsmin/page/account/common/job.js?1607171729.25
INFO: [ app_init ] --START--
INFO: Run Behavior\BuildLiteBehavior [ RunTime:0.000007s ]
INFO: [ app_init ] --END-- [ RunTime:0.000204s ]
ERR: 无法加载模块:Public

[ 2017-12-19T05:33:13+08:00 ] 192.168.35.229 /shop2/Public/Home/pc/jsmin/base.js?1607171729.25
INFO: [ app_init ] --START--
INFO: Run Behavior\BuildLiteBehavior [ RunTime:0.000009s ]
INFO: [ app_init ] --END-- [ RunTime:0.000300s ]
ERR: 无法加载模块:Public

[ 2017-12-19T05:35:12+08:00 ] 192.168.35.229 /shop2/Public/Home/pc/jsmin//shop2/Public/Home/page/account/setPassword/setPassword.js?1607171729.25
INFO: [ app_init ] --START--
INFO: Run Behavior\BuildLiteBehavior [ RunTime:0.000008s ]
INFO: [ app_init ] --END-- [ RunTime:0.000227s ]
ERR: 无法加载模块:Public

[ 2017-12-19T05:35:12+08:00 ] 192.168.35.229 /shop2/Public/Home/pc/jsmin//shop2/Public/Home/page/pcenter/common/navbar.js?1607171729.25
INFO: [ app_init ] --START--
INFO: Run Behavior\BuildLiteBehavior [ RunTime:0.000009s ]
INFO: [ app_init ] --END-- [ RunTime:0.000240s ]
ERR: 无法加载模块:Public

[ 2017-12-19T05:43:26+08:00 ] 192.168.35.229 /shop2/Public/Home/pc/jsmin//shop2/Public/Home/page/pcenter/common/navbar.js?1607171729.25
INFO: [ app_init ] --START--
INFO: Run Behavior\BuildLiteBehavior [ RunTime:0.000013s ]
INFO: [ app_init ] --END-- [ RunTime:0.000410s ]
ERR: 无法加载模块:Public

[ 2017-12-19T05:43:26+08:00 ] 192.168.35.229 /shop2/Public/Home/pc/jsmin//shop2/Public/Home/page/account/setPassword/setPassword.js?1607171729.25
INFO: [ app_init ] --START--
INFO: Run Behavior\BuildLiteBehavior [ RunTime:0.000015s ]
INFO: [ app_init ] --END-- [ RunTime:0.001434s ]
ERR: 无法加载模块:Public

[ 2017-12-19T05:53:19+08:00 ] 192.168.35.209 /shop2/Public/Home/pc/jsmin/base.js?1607171729.25
INFO: [ app_init ] --START--
INFO: Run Behavior\BuildLiteBehavior [ RunTime:0.000009s ]
INFO: [ app_init ] --END-- [ RunTime:0.000216s ]
ERR: 无法加载模块:Public

[ 2017-12-19T05:53:19+08:00 ] 192.168.35.209 /shop2/Public/Home/pc/jsmin/page/account/setPersonal/setPersonal.js?1607171729.25
INFO: [ app_init ] --START--
INFO: Run Behavior\BuildLiteBehavior [ RunTime:0.000009s ]
INFO: [ app_init ] --END-- [ RunTime:0.000274s ]
ERR: 无法加载模块:Public

[ 2017-12-19T05:53:19+08:00 ] 192.168.35.209 /shop2/Public/Home/pc/jsmin/page/account/common/area.js?1607171729.25
INFO: [ app_init ] --START--
INFO: Run Behavior\BuildLiteBehavior [ RunTime:0.000011s ]
INFO: [ app_init ] --END-- [ RunTime:0.002900s ]
ERR: 无法加载模块:Public

[ 2017-12-19T05:53:47+08:00 ] 192.168.35.229 /shop2/Public/Home/pc/jsmin/page/account/setPersonal/setPersonal.js?1607171729.25
INFO: [ app_init ] --START--
INFO: Run Behavior\BuildLiteBehavior [ RunTime:0.000009s ]
INFO: [ app_init ] --END-- [ RunTime:0.000215s ]
ERR: 无法加载模块:Public

[ 2017-12-19T05:53:47+08:00 ] 192.168.35.229 /shop2/Public/Home/pc/jsmin/page/account/common/area.js?1607171729.25
INFO: [ app_init ] --START--
INFO: Run Behavior\BuildLiteBehavior [ RunTime:0.000007s ]
INFO: [ app_init ] --END-- [ RunTime:0.000252s ]
ERR: 无法加载模块:Public

[ 2017-12-19T05:53:47+08:00 ] 192.168.35.229 /shop2/Public/Home/pc/jsmin/base.js?1607171729.25
INFO: [ app_init ] --START--
INFO: Run Behavior\BuildLiteBehavior [ RunTime:0.000009s ]
INFO: [ app_init ] --END-- [ RunTime:0.004425s ]
ERR: 无法加载模块:Public

[ 2017-12-19T05:53:47+08:00 ] 192.168.35.229 /shop2/Public/Home/pc/jsmin/page/pcenter/common/navbar.js?1607171729.25
INFO: [ app_init ] --START--
INFO: Run Behavior\BuildLiteBehavior [ RunTime:0.000010s ]
INFO: [ app_init ] --END-- [ RunTime:0.009770s ]
ERR: 无法加载模块:Public

[ 2017-12-19T05:53:47+08:00 ] 192.168.35.229 /shop2/Public/Home/pc/jsmin/page/account/common/job.js?1607171729.25
INFO: [ app_init ] --START--
INFO: Run Behavior\BuildLiteBehavior [ RunTime:0.000007s ]
INFO: [ app_init ] --END-- [ RunTime:0.000204s ]
ERR: 无法加载模块:Public

[ 2017-12-19T06:00:55+08:00 ] 192.168.35.209 /shop2/Public/Home/pc/jsmin/page/pcenter/common/navbar.js?1607171729.25
INFO: [ app_init ] --START--
INFO: Run Behavior\BuildLiteBehavior [ RunTime:0.000009s ]
INFO: [ app_init ] --END-- [ RunTime:0.000251s ]
ERR: 无法加载模块:Public

[ 2017-12-19T06:00:55+08:00 ] 192.168.35.209 /shop2/Public/Home/pc/jsmin/page/account/setPersonal/setPersonal.js?1607171729.25
INFO: [ app_init ] --START--
INFO: Run Behavior\BuildLiteBehavior [ RunTime:0.000008s ]
INFO: [ app_init ] --END-- [ RunTime:0.000275s ]
ERR: 无法加载模块:Public

[ 2017-12-19T06:00:55+08:00 ] 192.168.35.209 /shop2/Public/Home/pc/jsmin/base.js?1607171729.25
INFO: [ app_init ] --START--
INFO: Run Behavior\BuildLiteBehavior [ RunTime:0.000010s ]
INFO: [ app_init ] --END-- [ RunTime:0.000312s ]
ERR: 无法加载模块:Public

[ 2017-12-19T06:00:55+08:00 ] 192.168.35.209 /shop2/Public/Home/pc/jsmin/page/account/common/area.js?1607171729.25
INFO: [ app_init ] --START--
INFO: Run Behavior\BuildLiteBehavior [ RunTime:0.000010s ]
INFO: [ app_init ] --END-- [ RunTime:0.000277s ]
ERR: 无法加载模块:Public

[ 2017-12-19T06:00:55+08:00 ] 192.168.35.209 /shop2/Public/Home/pc/jsmin/page/account/common/job.js?1607171729.25
INFO: [ app_init ] --START--
INFO: Run Behavior\BuildLiteBehavior [ RunTime:0.000010s ]
INFO: [ app_init ] --END-- [ RunTime:0.000325s ]
ERR: 无法加载模块:Public

[ 2017-12-19T06:00:59+08:00 ] 192.168.35.209 /shop2/Public/Home/pc/jsmin//shop2/Public/Home/page/pcenter/common/navbar.js?1607171729.25
INFO: [ app_init ] --START--
INFO: Run Behavior\BuildLiteBehavior [ RunTime:0.000011s ]
INFO: [ app_init ] --END-- [ RunTime:0.000269s ]
ERR: 无法加载模块:Public

[ 2017-12-19T06:00:59+08:00 ] 192.168.35.209 /shop2/Public/Home/pc/jsmin//shop2/Public/Home/page/account/setPassword/setPassword.js?1607171729.25
INFO: [ app_init ] --START--
INFO: Run Behavior\BuildLiteBehavior [ RunTime:0.000010s ]
INFO: [ app_init ] --END-- [ RunTime:0.000260s ]
ERR: 无法加载模块:Public

[ 2017-12-19T06:02:08+08:00 ] 192.168.35.209 /shop2/Public/Home/pc/jsmin//shop2/Public/Home/page/pcenter/common/navbar.js?1607171729.25
INFO: [ app_init ] --START--
INFO: Run Behavior\BuildLiteBehavior [ RunTime:0.000028s ]
INFO: [ app_init ] --END-- [ RunTime:0.006800s ]
ERR: 无法加载模块:Public

[ 2017-12-19T06:02:08+08:00 ] 192.168.35.209 /shop2/Public/Home/pc/jsmin//shop2/Public/Home/page/account/setPassword/setPassword.js?1607171729.25
INFO: [ app_init ] --START--
INFO: Run Behavior\BuildLiteBehavior [ RunTime:0.000018s ]
INFO: [ app_init ] --END-- [ RunTime:0.000512s ]
ERR: 无法加载模块:Public

[ 2017-12-19T06:06:26+08:00 ] 192.168.35.209 /shop2/Public/Home/pc/jsmin//shop2/Public/Home/page/account/setPassword/setPassword.js?1607171729.25
INFO: [ app_init ] --START--
INFO: Run Behavior\BuildLiteBehavior [ RunTime:0.000012s ]
INFO: [ app_init ] --END-- [ RunTime:0.007041s ]
ERR: 无法加载模块:Public

[ 2017-12-19T06:06:26+08:00 ] 192.168.35.209 /shop2/Public/Home/pc/jsmin//shop2/Public/Home/page/pcenter/common/navbar.js?1607171729.25
INFO: [ app_init ] --START--
INFO: Run Behavior\BuildLiteBehavior [ RunTime:0.000015s ]
INFO: [ app_init ] --END-- [ RunTime:0.000347s ]
ERR: 无法加载模块:Public

[ 2017-12-19T06:09:39+08:00 ] 192.168.35.209 /shop2/Public/Home/pc/jsmin/page/account/common/area.js?1607171729.25
INFO: [ app_init ] --START--
INFO: Run Behavior\BuildLiteBehavior [ RunTime:0.000012s ]
INFO: [ app_init ] --END-- [ RunTime:0.000228s ]
ERR: 无法加载模块:Public

[ 2017-12-19T06:09:39+08:00 ] 192.168.35.209 /shop2/Public/Home/pc/jsmin/page/account/setPersonal/setPersonal.js?1607171729.25
INFO: [ app_init ] --START--
INFO: Run Behavior\BuildLiteBehavior [ RunTime:0.000009s ]
INFO: [ app_init ] --END-- [ RunTime:0.000235s ]
ERR: 无法加载模块:Public

[ 2017-12-19T06:09:39+08:00 ] 192.168.35.209 /shop2/Public/Home/pc/jsmin/base.js?1607171729.25
INFO: [ app_init ] --START--
INFO: Run Behavior\BuildLiteBehavior [ RunTime:0.000007s ]
INFO: [ app_init ] --END-- [ RunTime:0.000224s ]
ERR: 无法加载模块:Public

[ 2017-12-19T06:09:39+08:00 ] 192.168.35.209 /shop2/Public/Home/pc/jsmin/page/pcenter/common/navbar.js?1607171729.25
INFO: [ app_init ] --START--
INFO: Run Behavior\BuildLiteBehavior [ RunTime:0.000011s ]
INFO: [ app_init ] --END-- [ RunTime:0.000273s ]
ERR: 无法加载模块:Public

[ 2017-12-19T06:09:39+08:00 ] 192.168.35.209 /shop2/Public/Home/pc/jsmin/page/account/common/job.js?1607171729.25
INFO: [ app_init ] --START--
INFO: Run Behavior\BuildLiteBehavior [ RunTime:0.000015s ]
INFO: [ app_init ] --END-- [ RunTime:0.000703s ]
ERR: 无法加载模块:Public

[ 2017-12-19T06:09:45+08:00 ] 192.168.35.209 /shop2/Public/Home/pc/~page/pcenter/common/navbar+page/account/common/calender+page/account/setPersonal/setPersonal+page/account/common/area+page/account/common/job+base?1607171729.25
INFO: [ app_init ] --START--
INFO: Run Behavior\BuildLiteBehavior [ RunTime:0.000042s ]
INFO: [ app_init ] --END-- [ RunTime:0.000464s ]
ERR: 无法加载模块:Public

[ 2017-12-19T06:09:45+08:00 ] 192.168.35.209 /shop2/Public/Home/pc/~page/pcenter/common/navbar+page/account/common/calender+page/account/setPersonal/setPersonal+page/account/common/area+page/account/common/job+base?1607171729.25
INFO: [ app_init ] --START--
INFO: Run Behavior\BuildLiteBehavior [ RunTime:0.000009s ]
INFO: [ app_init ] --END-- [ RunTime:0.000232s ]
ERR: 无法加载模块:Public

[ 2017-12-19T06:09:45+08:00 ] 192.168.35.209 /shop2/Public/Home/pc/jsmin//shop2/Public/Home/page/pcenter/common/navbar.js?1607171729.25
INFO: [ app_init ] --START--
INFO: Run Behavior\BuildLiteBehavior [ RunTime:0.000008s ]
INFO: [ app_init ] --END-- [ RunTime:0.000205s ]
ERR: 无法加载模块:Public

[ 2017-12-19T06:09:45+08:00 ] 192.168.35.209 /shop2/Public/Home/pc/jsmin//shop2/Public/Home/page/account/common/area.js?1607171729.25
INFO: [ app_init ] --START--
INFO: Run Behavior\BuildLiteBehavior [ RunTime:0.000014s ]
INFO: [ app_init ] --END-- [ RunTime:0.000448s ]
ERR: 无法加载模块:Public

[ 2017-12-19T06:09:45+08:00 ] 192.168.35.209 /shop2/Public/Home/pc/jsmin//shop2/Public/Home/page/account/setPersonal/setPersonal.js?1607171729.25
INFO: [ app_init ] --START--
INFO: Run Behavior\BuildLiteBehavior [ RunTime:0.000011s ]
INFO: [ app_init ] --END-- [ RunTime:0.000259s ]
ERR: 无法加载模块:Public

[ 2017-12-19T06:09:45+08:00 ] 192.168.35.209 /shop2/Public/Home/pc/jsmin//shop2/Public/Home/page/account/common/job.js?1607171729.25
INFO: [ app_init ] --START--
INFO: Run Behavior\BuildLiteBehavior [ RunTime:0.000011s ]
INFO: [ app_init ] --END-- [ RunTime:0.000326s ]
ERR: 无法加载模块:Public

[ 2017-12-19T06:09:45+08:00 ] 192.168.35.209 /shop2/Public/Home/pc/jsmin//shop2/Public/Home/page/account/common/calender.js?1607171729.25
INFO: [ app_init ] --START--
INFO: Run Behavior\BuildLiteBehavior [ RunTime:0.000008s ]
INFO: [ app_init ] --END-- [ RunTime:0.000221s ]
ERR: 无法加载模块:Public

[ 2017-12-19T06:09:45+08:00 ] 192.168.35.209 /shop2/Public/Home/pc/jsmin/base.js?1607171729.25
INFO: [ app_init ] --START--
INFO: Run Behavior\BuildLiteBehavior [ RunTime:0.000008s ]
INFO: [ app_init ] --END-- [ RunTime:0.000210s ]
ERR: 无法加载模块:Public

[ 2017-12-19T06:09:48+08:00 ] 192.168.35.209 /shop2/Public/Home/pc/jsmin//shop2/Public/Home/page/account/setPassword/setPassword.js?1607171729.25
INFO: [ app_init ] --START--
INFO: Run Behavior\BuildLiteBehavior [ RunTime:0.000009s ]
INFO: [ app_init ] --END-- [ RunTime:0.000230s ]
ERR: 无法加载模块:Public

[ 2017-12-19T06:09:48+08:00 ] 192.168.35.209 /shop2/Public/Home/pc/jsmin//shop2/Public/Home/page/pcenter/common/navbar.js?1607171729.25
INFO: [ app_init ] --START--
INFO: Run Behavior\BuildLiteBehavior [ RunTime:0.000020s ]
INFO: [ app_init ] --END-- [ RunTime:0.000534s ]
ERR: 无法加载模块:Public

[ 2017-12-19T06:10:42+08:00 ] 192.168.35.209 /shop2/Public/Home/pc/jsmin/base.js?1607171729.25
INFO: [ app_init ] --START--
INFO: Run Behavior\BuildLiteBehavior [ RunTime:0.000013s ]
INFO: [ app_init ] --END-- [ RunTime:0.000333s ]
ERR: 无法加载模块:Public

[ 2017-12-19T06:10:42+08:00 ] 192.168.35.209 /shop2/Public/Home/pc/jsmin/page/account/common/job.js?1607171729.25
INFO: [ app_init ] --START--
INFO: Run Behavior\BuildLiteBehavior [ RunTime:0.000009s ]
INFO: [ app_init ] --END-- [ RunTime:0.000215s ]
ERR: 无法加载模块:Public

[ 2017-12-19T06:10:42+08:00 ] 192.168.35.209 /shop2/Public/Home/pc/jsmin/page/account/setPersonal/setPersonal.js?1607171729.25
INFO: [ app_init ] --START--
INFO: Run Behavior\BuildLiteBehavior [ RunTime:0.000012s ]
INFO: [ app_init ] --END-- [ RunTime:0.000289s ]
ERR: 无法加载模块:Public

[ 2017-12-19T06:10:42+08:00 ] 192.168.35.209 /shop2/Public/Home/pc/jsmin/page/pcenter/common/navbar.js?1607171729.25
INFO: [ app_init ] --START--
INFO: Run Behavior\BuildLiteBehavior [ RunTime:0.000009s ]
INFO: [ app_init ] --END-- [ RunTime:0.000238s ]
ERR: 无法加载模块:Public

[ 2017-12-19T06:10:42+08:00 ] 192.168.35.209 /shop2/Public/Home/pc/jsmin/page/account/common/area.js?1607171729.25
INFO: [ app_init ] --START--
INFO: Run Behavior\BuildLiteBehavior [ RunTime:0.000009s ]
INFO: [ app_init ] --END-- [ RunTime:0.000245s ]
ERR: 无法加载模块:Public

[ 2017-12-19T06:10:49+08:00 ] 192.168.35.209 /shop2/Public/Home/pc/~page/pcenter/common/navbar+page/account/common/calender+page/account/setPersonal/setPersonal+page/account/common/area+page/account/common/job+base?1607171729.25
INFO: [ app_init ] --START--
INFO: Run Behavior\BuildLiteBehavior [ RunTime:0.000010s ]
INFO: [ app_init ] --END-- [ RunTime:0.000244s ]
ERR: 无法加载模块:Public

[ 2017-12-19T06:10:49+08:00 ] 192.168.35.209 /shop2/Public/Home/pc/~page/pcenter/common/navbar+page/account/common/calender+page/account/setPersonal/setPersonal+page/account/common/area+page/account/common/job+base?1607171729.25
INFO: [ app_init ] --START--
INFO: Run Behavior\BuildLiteBehavior [ RunTime:0.000013s ]
INFO: [ app_init ] --END-- [ RunTime:0.000310s ]
ERR: 无法加载模块:Public

[ 2017-12-19T06:10:49+08:00 ] 192.168.35.209 /shop2/Public/Home/pc/jsmin//shop2/Public/Home/page/account/setPersonal/setPersonal.js?1607171729.25
INFO: [ app_init ] --START--
INFO: Run Behavior\BuildLiteBehavior [ RunTime:0.000010s ]
INFO: [ app_init ] --END-- [ RunTime:0.000257s ]
ERR: 无法加载模块:Public

[ 2017-12-19T06:10:49+08:00 ] 192.168.35.209 /shop2/Public/Home/pc/jsmin//shop2/Public/Home/page/account/common/area.js?1607171729.25
INFO: [ app_init ] --START--
INFO: Run Behavior\BuildLiteBehavior [ RunTime:0.000014s ]
INFO: [ app_init ] --END-- [ RunTime:0.000355s ]
ERR: 无法加载模块:Public

[ 2017-12-19T06:10:49+08:00 ] 192.168.35.209 /shop2/Public/Home/pc/jsmin//shop2/Public/Home/page/pcenter/common/navbar.js?1607171729.25
INFO: [ app_init ] --START--
INFO: Run Behavior\BuildLiteBehavior [ RunTime:0.000009s ]
INFO: [ app_init ] --END-- [ RunTime:0.000232s ]
ERR: 无法加载模块:Public

[ 2017-12-19T06:10:49+08:00 ] 192.168.35.209 /shop2/Public/Home/pc/jsmin//shop2/Public/Home/page/account/common/calender.js?1607171729.25
INFO: [ app_init ] --START--
INFO: Run Behavior\BuildLiteBehavior [ RunTime:0.000008s ]
INFO: [ app_init ] --END-- [ RunTime:0.000211s ]
ERR: 无法加载模块:Public

[ 2017-12-19T06:10:49+08:00 ] 192.168.35.209 /shop2/Public/Home/pc/jsmin//shop2/Public/Home/page/account/common/job.js?1607171729.25
INFO: [ app_init ] --START--
INFO: Run Behavior\BuildLiteBehavior [ RunTime:0.000009s ]
INFO: [ app_init ] --END-- [ RunTime:0.000300s ]
ERR: 无法加载模块:Public

[ 2017-12-19T06:10:49+08:00 ] 192.168.35.209 /shop2/Public/Home/pc/jsmin/base.js?1607171729.25
INFO: [ app_init ] --START--
INFO: Run Behavior\BuildLiteBehavior [ RunTime:0.000046s ]
INFO: [ app_init ] --END-- [ RunTime:0.000262s ]
ERR: 无法加载模块:Public

[ 2017-12-19T06:10:53+08:00 ] 192.168.35.209 /shop2/Public/Home/pic/_o/46/c2/7545d5f20d276e84af0f034b0287_92_94.cf.png
INFO: [ app_init ] --START--
INFO: Run Behavior\BuildLiteBehavior [ RunTime:0.000007s ]
INFO: [ app_init ] --END-- [ RunTime:0.000253s ]
ERR: 无法加载模块:Public

[ 2017-12-19T07:08:52+08:00 ] 192.168.35.197 /shop2/Public/css/jquery.mCustomScrollbar.css
INFO: [ app_init ] --START--
INFO: Run Behavior\BuildLiteBehavior [ RunTime:0.000028s ]
INFO: [ app_init ] --END-- [ RunTime:0.000746s ]
ERR: 无法加载模块:Public

[ 2017-12-19T07:08:52+08:00 ] 192.168.35.197 /shop2/Public/css/font/adminthemes-webfont.woff2
INFO: [ app_init ] --START--
INFO: Run Behavior\BuildLiteBehavior [ RunTime:0.000024s ]
INFO: [ app_init ] --END-- [ RunTime:0.000757s ]
ERR: 无法加载模块:Public

[ 2017-12-19T07:08:52+08:00 ] 192.168.35.197 /shop2/Public/css/font/adminthemes-webfont.woff
INFO: [ app_init ] --START--
INFO: Run Behavior\BuildLiteBehavior [ RunTime:0.000016s ]
INFO: [ app_init ] --END-- [ RunTime:0.000477s ]
ERR: 无法加载模块:Public

[ 2017-12-19T07:08:52+08:00 ] 192.168.35.197 /shop2/Public/css/font/adminthemes-webfont.ttf
INFO: [ app_init ] --START--
INFO: Run Behavior\BuildLiteBehavior [ RunTime:0.000007s ]
INFO: [ app_init ] --END-- [ RunTime:0.000201s ]
ERR: 无法加载模块:Public

[ 2017-12-19T07:09:17+08:00 ] 192.168.35.197 /shop2/Public/js/H-ui.admin.js
INFO: [ app_init ] --START--
INFO: Run Behavior\BuildLiteBehavior [ RunTime:0.000012s ]
INFO: [ app_init ] --END-- [ RunTime:0.000325s ]
ERR: 无法加载模块:Public

[ 2017-12-19T07:09:17+08:00 ] 192.168.35.197 /shop2/Public/js/H-ui.js
INFO: [ app_init ] --START--
INFO: Run Behavior\BuildLiteBehavior [ RunTime:0.000009s ]
INFO: [ app_init ] --END-- [ RunTime:0.000242s ]
ERR: 无法加载模块:Public

[ 2017-12-19T07:09:17+08:00 ] 192.168.35.197 /shop2/Public/js/H-ui.admin.js
INFO: [ app_init ] --START--
INFO: Run Behavior\BuildLiteBehavior [ RunTime:0.000009s ]
INFO: [ app_init ] --END-- [ RunTime:0.000239s ]
ERR: 无法加载模块:Public

[ 2017-12-19T07:09:23+08:00 ] 192.168.35.197 /shop2/Public/js/H-ui.js
INFO: [ app_init ] --START--
INFO: Run Behavior\BuildLiteBehavior [ RunTime:0.000007s ]
INFO: [ app_init ] --END-- [ RunTime:0.000250s ]
ERR: 无法加载模块:Public

[ 2017-12-19T07:09:23+08:00 ] 192.168.35.197 /shop2/Public/js/H-ui.admin.js
INFO: [ app_init ] --START--
INFO: Run Behavior\BuildLiteBehavior [ RunTime:0.000009s ]
INFO: [ app_init ] --END-- [ RunTime:0.000247s ]
ERR: 无法加载模块:Public

[ 2017-12-19T07:09:28+08:00 ] 192.168.35.197 /shop2/Public/js/H-ui.js
INFO: [ app_init ] --START--
INFO: Run Behavior\BuildLiteBehavior [ RunTime:0.000009s ]
INFO: [ app_init ] --END-- [ RunTime:0.000215s ]
ERR: 无法加载模块:Public

[ 2017-12-19T07:09:28+08:00 ] 192.168.35.197 /shop2/Public/js/H-ui.admin.js
INFO: [ app_init ] --START--
INFO: Run Behavior\BuildLiteBehavior [ RunTime:0.000009s ]
INFO: [ app_init ] --END-- [ RunTime:0.000225s ]
ERR: 无法加载模块:Public

[ 2017-12-19T07:09:28+08:00 ] 192.168.35.197 /shop2/Public/js/H-ui.js
INFO: [ app_init ] --START--
INFO: Run Behavior\BuildLiteBehavior [ RunTime:0.000007s ]
INFO: [ app_init ] --END-- [ RunTime:0.000203s ]
ERR: 无法加载模块:Public

[ 2017-12-19T07:09:30+08:00 ] 192.168.35.197 /shop2/Public/js/H-ui.admin.js
INFO: [ app_init ] --START--
INFO: Run Behavior\BuildLiteBehavior [ RunTime:0.000013s ]
INFO: [ app_init ] --END-- [ RunTime:0.000412s ]
ERR: 无法加载模块:Public

[ 2017-12-19T07:09:30+08:00 ] 192.168.35.197 /shop2/Public/js/H-ui.js
INFO: [ app_init ] --START--
INFO: Run Behavior\BuildLiteBehavior [ RunTime:0.000015s ]
INFO: [ app_init ] --END-- [ RunTime:0.000807s ]
ERR: 无法加载模块:Public

[ 2017-12-19T07:09:30+08:00 ] 192.168.35.197 /shop2/Public/js/H-ui.admin.js
INFO: [ app_init ] --START--
INFO: Run Behavior\BuildLiteBehavior [ RunTime:0.000009s ]
INFO: [ app_init ] --END-- [ RunTime:0.000234s ]
ERR: 无法加载模块:Public

[ 2017-12-19T07:54:30+08:00 ] 192.168.35.87 /shop2/Public/Home/pic/_o/46/c2/7545d5f20d276e84af0f034b0287_92_94.cf.png
INFO: [ app_init ] --START--
INFO: Run Behavior\BuildLiteBehavior [ RunTime:0.000014s ]
INFO: [ app_init ] --END-- [ RunTime:0.000455s ]
ERR: 无法加载模块:Public

[ 2017-12-19T07:54:53+08:00 ] 192.168.35.87 /shop2/Public/Home/pc/jsmin/page/pcenter/common/navbar.js?1607171729.25
INFO: [ app_init ] --START--
INFO: Run Behavior\BuildLiteBehavior [ RunTime:0.000010s ]
INFO: [ app_init ] --END-- [ RunTime:0.005270s ]
ERR: 无法加载模块:Public

[ 2017-12-19T07:54:53+08:00 ] 192.168.35.87 /shop2/Public/Home/pc/jsmin/page/account/common/job.js?1607171729.25
INFO: [ app_init ] --START--
INFO: Run Behavior\BuildLiteBehavior [ RunTime:0.000009s ]
INFO: [ app_init ] --END-- [ RunTime:0.000218s ]
ERR: 无法加载模块:Public

[ 2017-12-19T07:54:53+08:00 ] 192.168.35.87 /shop2/Public/Home/pc/jsmin/base.js?1607171729.25
INFO: [ app_init ] --START--
INFO: Run Behavior\BuildLiteBehavior [ RunTime:0.000008s ]
INFO: [ app_init ] --END-- [ RunTime:0.000239s ]
ERR: 无法加载模块:Public

[ 2017-12-19T07:54:53+08:00 ] 192.168.35.87 /shop2/Public/Home/pc/jsmin/page/account/common/area.js?1607171729.25
INFO: [ app_init ] --START--
INFO: Run Behavior\BuildLiteBehavior [ RunTime:0.000016s ]
INFO: [ app_init ] --END-- [ RunTime:0.004066s ]
ERR: 无法加载模块:Public

[ 2017-12-19T07:54:53+08:00 ] 192.168.35.87 /shop2/Public/Home/pc/jsmin/page/account/setPersonal/setPersonal.js?1607171729.25
INFO: [ app_init ] --START--
INFO: Run Behavior\BuildLiteBehavior [ RunTime:0.000012s ]
INFO: [ app_init ] --END-- [ RunTime:0.000362s ]
ERR: 无法加载模块:Public

[ 2017-12-19T07:55:23+08:00 ] 192.168.35.209 /shop2/Public/Home/pc/~page/pcenter/common/navbar+page/account/common/calender+page/account/setPersonal/setPersonal+page/account/common/area+page/account/common/job+base?1607171729.25
INFO: [ app_init ] --START--
INFO: Run Behavior\BuildLiteBehavior [ RunTime:0.000011s ]
INFO: [ app_init ] --END-- [ RunTime:0.000355s ]
ERR: 无法加载模块:Public

[ 2017-12-19T07:55:23+08:00 ] 192.168.35.209 /shop2/Public/Home/pc/~page/pcenter/common/navbar+page/account/common/calender+page/account/setPersonal/setPersonal+page/account/common/area+page/account/common/job+base?1607171729.25
INFO: [ app_init ] --START--
INFO: Run Behavior\BuildLiteBehavior [ RunTime:0.000013s ]
INFO: [ app_init ] --END-- [ RunTime:0.000384s ]
ERR: 无法加载模块:Public

[ 2017-12-19T07:55:23+08:00 ] 192.168.35.209 /shop2/Public/Home/pc/~page/pcenter/common/navbar+page/account/common/calender+page/account/setPersonal/setPersonal+page/account/common/area+page/account/common/job+base?1607171729.25
INFO: [ app_init ] --START--
INFO: Run Behavior\BuildLiteBehavior [ RunTime:0.000009s ]
INFO: [ app_init ] --END-- [ RunTime:0.000232s ]
ERR: 无法加载模块:Public

[ 2017-12-19T07:55:23+08:00 ] 192.168.35.209 /shop2/Public/Home/pc/jsmin//shop2/Public/Home/page/account/common/calender.js?1607171729.25
INFO: [ app_init ] --START--
INFO: Run Behavior\BuildLiteBehavior [ RunTime:0.000022s ]
INFO: [ app_init ] --END-- [ RunTime:0.000535s ]
ERR: 无法加载模块:Public

[ 2017-12-19T07:55:23+08:00 ] 192.168.35.209 /shop2/Public/Home/pc/jsmin//shop2/Public/Home/page/account/common/area.js?1607171729.25
INFO: [ app_init ] --START--
INFO: Run Behavior\BuildLiteBehavior [ RunTime:0.000008s ]
INFO: [ app_init ] --END-- [ RunTime:0.000218s ]
ERR: 无法加载模块:Public

[ 2017-12-19T07:55:23+08:00 ] 192.168.35.209 /shop2/Public/Home/pc/jsmin//shop2/Public/Home/page/pcenter/common/navbar.js?1607171729.25
INFO: [ app_init ] --START--
INFO: Run Behavior\BuildLiteBehavior [ RunTime:0.000012s ]
INFO: [ app_init ] --END-- [ RunTime:0.000293s ]
ERR: 无法加载模块:Public

[ 2017-12-19T07:55:23+08:00 ] 192.168.35.209 /shop2/Public/Home/pc/jsmin//shop2/Public/Home/page/account/setPersonal/setPersonal.js?1607171729.25
INFO: [ app_init ] --START--
INFO: Run Behavior\BuildLiteBehavior [ RunTime:0.000011s ]
INFO: [ app_init ] --END-- [ RunTime:0.000312s ]
ERR: 无法加载模块:Public

[ 2017-12-19T07:55:23+08:00 ] 192.168.35.209 /shop2/Public/Home/pc/jsmin//shop2/Public/Home/page/account/common/job.js?1607171729.25
INFO: [ app_init ] --START--
INFO: Run Behavior\BuildLiteBehavior [ RunTime:0.000008s ]
INFO: [ app_init ] --END-- [ RunTime:0.003315s ]
ERR: 无法加载模块:Public

[ 2017-12-19T07:55:23+08:00 ] 192.168.35.209 /shop2/Public/Home/pc/jsmin/base.js?1607171729.25
INFO: [ app_init ] --START--
INFO: Run Behavior\BuildLiteBehavior [ RunTime:0.000008s ]
INFO: [ app_init ] --END-- [ RunTime:0.000204s ]
ERR: 无法加载模块:Public

[ 2017-12-19T07:55:39+08:00 ] 192.168.35.209 /shop2/Public/Home/pc/jsmin//shop2/Public/Home/page/pcenter/common/navbar.js?1607171729.25
INFO: [ app_init ] --START--
INFO: Run Behavior\BuildLiteBehavior [ RunTime:0.000018s ]
INFO: [ app_init ] --END-- [ RunTime:0.000326s ]
ERR: 无法加载模块:Public

[ 2017-12-19T07:55:39+08:00 ] 192.168.35.209 /shop2/Public/Home/pc/jsmin//shop2/Public/Home/page/account/common/calender.js?1607171729.25
INFO: [ app_init ] --START--
INFO: Run Behavior\BuildLiteBehavior [ RunTime:0.000014s ]
INFO: [ app_init ] --END-- [ RunTime:0.000346s ]
ERR: 无法加载模块:Public

[ 2017-12-19T07:55:39+08:00 ] 192.168.35.209 /shop2/Public/Home/pc/jsmin//shop2/Public/Home/page/account/setPersonal/setPersonal.js?1607171729.25
INFO: [ app_init ] --START--
INFO: Run Behavior\BuildLiteBehavior [ RunTime:0.000038s ]
INFO: [ app_init ] --END-- [ RunTime:0.000407s ]
ERR: 无法加载模块:Public

[ 2017-12-19T07:55:39+08:00 ] 192.168.35.209 /shop2/Public/Home/pc/jsmin//shop2/Public/Home/page/account/common/job.js?1607171729.25
INFO: [ app_init ] --START--
INFO: Run Behavior\BuildLiteBehavior [ RunTime:0.000010s ]
INFO: [ app_init ] --END-- [ RunTime:0.000243s ]
ERR: 无法加载模块:Public

[ 2017-12-19T07:55:39+08:00 ] 192.168.35.209 /shop2/Public/Home/pc/jsmin/base.js?1607171729.25
INFO: [ app_init ] --START--
INFO: Run Behavior\BuildLiteBehavior [ RunTime:0.000017s ]
INFO: [ app_init ] --END-- [ RunTime:0.000621s ]
ERR: 无法加载模块:Public

[ 2017-12-19T07:55:58+08:00 ] 192.168.35.209 /shop2/Public/Home/pc/jsmin//shop2/Public/Home/page/account/setPassword/setPassword.js?1607171729.25
INFO: [ app_init ] --START--
INFO: Run Behavior\BuildLiteBehavior [ RunTime:0.000008s ]
INFO: [ app_init ] --END-- [ RunTime:0.000216s ]
ERR: 无法加载模块:Public

[ 2017-12-19T07:55:58+08:00 ] 192.168.35.209 /shop2/Public/Home/pc/jsmin//shop2/Public/Home/page/pcenter/common/navbar.js?1607171729.25
INFO: [ app_init ] --START--
INFO: Run Behavior\BuildLiteBehavior [ RunTime:0.000013s ]
INFO: [ app_init ] --END-- [ RunTime:0.000572s ]
ERR: 无法加载模块:Public

[ 2017-12-19T07:57:50+08:00 ] 192.168.35.209 /shop2/Public/Home/pc/jsmin//shop2/Public/Home/page/account/setPassword/setPassword.js?1607171729.25
INFO: [ app_init ] --START--
INFO: Run Behavior\BuildLiteBehavior [ RunTime:0.000036s ]
INFO: [ app_init ] --END-- [ RunTime:0.000748s ]
ERR: 无法加载模块:Public

[ 2017-12-19T07:57:50+08:00 ] 192.168.35.209 /shop2/Public/Home/pc/jsmin//shop2/Public/Home/page/pcenter/common/navbar.js?1607171729.25
INFO: [ app_init ] --START--
INFO: Run Behavior\BuildLiteBehavior [ RunTime:0.000011s ]
INFO: [ app_init ] --END-- [ RunTime:0.000299s ]
ERR: 无法加载模块:Public

[ 2017-12-19T07:58:12+08:00 ] 192.168.35.209 /shop2/Public/Home/pc/jsmin//shop2/Public/Home/page/account/setPassword/setPassword.js?1607171729.25
INFO: [ app_init ] --START--
INFO: Run Behavior\BuildLiteBehavior [ RunTime:0.000009s ]
INFO: [ app_init ] --END-- [ RunTime:0.000206s ]
ERR: 无法加载模块:Public

[ 2017-12-19T07:58:12+08:00 ] 192.168.35.209 /shop2/Public/Home/pc/jsmin//shop2/Public/Home/page/pcenter/common/navbar.js?1607171729.25
INFO: [ app_init ] --START--
INFO: Run Behavior\BuildLiteBehavior [ RunTime:0.000015s ]
INFO: [ app_init ] --END-- [ RunTime:0.002440s ]
ERR: 无法加载模块:Public

[ 2017-12-19T09:15:59+08:00 ] 192.168.35.229 /shop2/Public/Home/pc/jsmin//shop2/Public/Home/page/pcenter/common/navbar.js?1607171729.25
INFO: [ app_init ] --START--
INFO: Run Behavior\BuildLiteBehavior [ RunTime:0.000013s ]
INFO: [ app_init ] --END-- [ RunTime:0.000424s ]
ERR: 无法加载模块:Public

[ 2017-12-19T09:15:59+08:00 ] 192.168.35.229 /shop2/Public/Home/pc/jsmin//shop2/Public/Home/page/account/setPassword/setPassword.js?1607171729.25
INFO: [ app_init ] --START--
INFO: Run Behavior\BuildLiteBehavior [ RunTime:0.000011s ]
INFO: [ app_init ] --END-- [ RunTime:0.000340s ]
ERR: 无法加载模块:Public

[ 2017-12-19T09:28:31+08:00 ] 192.168.35.229 /shop2/Public/Home/pc/jsmin/page/account/setPersonal/setPersonal.js?1607171729.25
INFO: [ app_init ] --START--
INFO: Run Behavior\BuildLiteBehavior [ RunTime:0.000011s ]
INFO: [ app_init ] --END-- [ RunTime:0.000322s ]
ERR: 无法加载模块:Public

[ 2017-12-19T09:28:31+08:00 ] 192.168.35.229 /shop2/Public/Home/pc/jsmin/page/account/common/area.js?1607171729.25
INFO: [ app_init ] --START--
INFO: Run Behavior\BuildLiteBehavior [ RunTime:0.000008s ]
INFO: [ app_init ] --END-- [ RunTime:0.000258s ]
ERR: 无法加载模块:Public

[ 2017-12-19T09:28:31+08:00 ] 192.168.35.229 /shop2/Public/Home/pc/jsmin/page/pcenter/common/navbar.js?1607171729.25
INFO: [ app_init ] --START--
INFO: Run Behavior\BuildLiteBehavior [ RunTime:0.000009s ]
INFO: [ app_init ] --END-- [ RunTime:0.000219s ]
ERR: 无法加载模块:Public

[ 2017-12-19T09:28:31+08:00 ] 192.168.35.229 /shop2/Public/Home/pc/jsmin/page/account/common/job.js?1607171729.25
INFO: [ app_init ] --START--
INFO: Run Behavior\BuildLiteBehavior [ RunTime:0.000009s ]
INFO: [ app_init ] --END-- [ RunTime:0.000229s ]
ERR: 无法加载模块:Public

[ 2017-12-19T09:28:31+08:00 ] 192.168.35.229 /shop2/Public/Home/pc/jsmin/base.js?1607171729.25
INFO: [ app_init ] --START--
INFO: Run Behavior\BuildLiteBehavior [ RunTime:0.000008s ]
INFO: [ app_init ] --END-- [ RunTime:0.002902s ]
ERR: 无法加载模块:Public

[ 2017-12-19T09:39:51+08:00 ] 192.168.35.209 /shop2/Public/Home/pc/jsmin/page/account/setPersonal/setPersonal.js?1607171729.25
INFO: [ app_init ] --START--
INFO: Run Behavior\BuildLiteBehavior [ RunTime:0.000010s ]
INFO: [ app_init ] --END-- [ RunTime:0.000284s ]
ERR: 无法加载模块:Public

[ 2017-12-19T09:39:51+08:00 ] 192.168.35.209 /shop2/Public/Home/pc/jsmin/page/account/common/area.js?1607171729.25
INFO: [ app_init ] --START--
INFO: Run Behavior\BuildLiteBehavior [ RunTime:0.000018s ]
INFO: [ app_init ] --END-- [ RunTime:0.000491s ]
ERR: 无法加载模块:Public

[ 2017-12-19T09:39:51+08:00 ] 192.168.35.209 /shop2/Public/Home/pc/jsmin/page/account/common/job.js?1607171729.25
INFO: [ app_init ] --START--
INFO: Run Behavior\BuildLiteBehavior [ RunTime:0.000009s ]
INFO: [ app_init ] --END-- [ RunTime:0.000243s ]
ERR: 无法加载模块:Public

[ 2017-12-19T09:39:51+08:00 ] 192.168.35.209 /shop2/Public/Home/pc/jsmin/page/pcenter/common/navbar.js?1607171729.25
INFO: [ app_init ] --START--
INFO: Run Behavior\BuildLiteBehavior [ RunTime:0.000011s ]
INFO: [ app_init ] --END-- [ RunTime:0.000283s ]
ERR: 无法加载模块:Public

[ 2017-12-19T09:39:51+08:00 ] 192.168.35.209 /shop2/Public/Home/pc/jsmin/base.js?1607171729.25
INFO: [ app_init ] --START--
INFO: Run Behavior\BuildLiteBehavior [ RunTime:0.000009s ]
INFO: [ app_init ] --END-- [ RunTime:0.000237s ]
ERR: 无法加载模块:Public

[ 2017-12-19T10:37:56+08:00 ] 192.168.35.229 /shop2/Public/Home/pc/jsmin/page/account/common/job.js?1607171729.25
INFO: [ app_init ] --START--
INFO: Run Behavior\BuildLiteBehavior [ RunTime:0.000008s ]
INFO: [ app_init ] --END-- [ RunTime:0.000212s ]
ERR: 无法加载模块:Public

[ 2017-12-19T10:37:56+08:00 ] 192.168.35.229 /shop2/Public/Home/pc/jsmin/page/pcenter/common/navbar.js?1607171729.25
INFO: [ app_init ] --START--
INFO: Run Behavior\BuildLiteBehavior [ RunTime:0.000008s ]
INFO: [ app_init ] --END-- [ RunTime:0.000209s ]
ERR: 无法加载模块:Public

[ 2017-12-19T10:37:56+08:00 ] 192.168.35.229 /shop2/Public/Home/pc/jsmin/page/account/setPersonal/setPersonal.js?1607171729.25
INFO: [ app_init ] --START--
INFO: Run Behavior\BuildLiteBehavior [ RunTime:0.000009s ]
INFO: [ app_init ] --END-- [ RunTime:0.000236s ]
ERR: 无法加载模块:Public

[ 2017-12-19T10:37:56+08:00 ] 192.168.35.229 /shop2/Public/Home/pc/jsmin/base.js?1607171729.25
INFO: [ app_init ] --START--
INFO: Run Behavior\BuildLiteBehavior [ RunTime:0.000007s ]
INFO: [ app_init ] --END-- [ RunTime:0.000200s ]
ERR: 无法加载模块:Public

[ 2017-12-19T10:37:56+08:00 ] 192.168.35.229 /shop2/Public/Home/pc/jsmin/page/account/common/area.js?1607171729.25
INFO: [ app_init ] --START--
INFO: Run Behavior\BuildLiteBehavior [ RunTime:0.000008s ]
INFO: [ app_init ] --END-- [ RunTime:0.000211s ]
ERR: 无法加载模块:Public

[ 2017-12-19T10:44:41+08:00 ] 192.168.35.87 /shop2/Public/Home/pc/jsmin/page/pcenter/common/navbar.js?1607171729.25
INFO: [ app_init ] --START--
INFO: Run Behavior\BuildLiteBehavior [ RunTime:0.000014s ]
INFO: [ app_init ] --END-- [ RunTime:0.000364s ]
ERR: 无法加载模块:Public

[ 2017-12-19T10:44:41+08:00 ] 192.168.35.87 /shop2/Public/Home/pc/jsmin/page/account/common/job.js?1607171729.25
INFO: [ app_init ] --START--
INFO: Run Behavior\BuildLiteBehavior [ RunTime:0.000016s ]
INFO: [ app_init ] --END-- [ RunTime:0.000392s ]
ERR: 无法加载模块:Public

[ 2017-12-19T10:44:41+08:00 ] 192.168.35.87 /shop2/Public/Home/pc/jsmin/page/account/common/area.js?1607171729.25
INFO: [ app_init ] --START--
INFO: Run Behavior\BuildLiteBehavior [ RunTime:0.000011s ]
INFO: [ app_init ] --END-- [ RunTime:0.000364s ]
ERR: 无法加载模块:Public

[ 2017-12-19T10:44:41+08:00 ] 192.168.35.87 /shop2/Public/Home/pc/jsmin/base.js?1607171729.25
INFO: [ app_init ] --START--
INFO: Run Behavior\BuildLiteBehavior [ RunTime:0.000011s ]
INFO: [ app_init ] --END-- [ RunTime:0.003273s ]
ERR: 无法加载模块:Public

[ 2017-12-19T10:44:41+08:00 ] 192.168.35.87 /shop2/Public/Home/pc/jsmin/page/account/setPersonal/setPersonal.js?1607171729.25
INFO: [ app_init ] --START--
INFO: Run Behavior\BuildLiteBehavior [ RunTime:0.000009s ]
INFO: [ app_init ] --END-- [ RunTime:0.000228s ]
ERR: 无法加载模块:Public

[ 2017-12-19T10:45:56+08:00 ] 192.168.35.209 /shop2/Public/Home/pc/css/base.css?1607170150.25
INFO: [ app_init ] --START--
INFO: Run Behavior\BuildLiteBehavior [ RunTime:0.000010s ]
INFO: [ app_init ] --END-- [ RunTime:0.000243s ]
ERR: 无法加载模块:Public

[ 2017-12-19T12:39:17+08:00 ] 192.168.35.87 /shop2/Public/Home/pc/jsmin/page/account/common/area.js?1607171729.25
INFO: [ app_init ] --START--
INFO: Run Behavior\BuildLiteBehavior [ RunTime:0.000008s ]
INFO: [ app_init ] --END-- [ RunTime:0.000210s ]
ERR: 无法加载模块:Public

[ 2017-12-19T12:39:17+08:00 ] 192.168.35.87 /shop2/Public/Home/pc/jsmin/page/account/common/job.js?1607171729.25
INFO: [ app_init ] --START--
INFO: Run Behavior\BuildLiteBehavior [ RunTime:0.000008s ]
INFO: [ app_init ] --END-- [ RunTime:0.000247s ]
ERR: 无法加载模块:Public

[ 2017-12-19T12:39:17+08:00 ] 192.168.35.87 /shop2/Public/Home/pc/jsmin/page/account/setPersonal/setPersonal.js?1607171729.25
INFO: [ app_init ] --START--
INFO: Run Behavior\BuildLiteBehavior [ RunTime:0.000012s ]
INFO: [ app_init ] --END-- [ RunTime:0.002883s ]
ERR: 无法加载模块:Public

[ 2017-12-19T12:39:18+08:00 ] 192.168.35.87 /shop2/Public/Home/pc/jsmin/base.js?1607171729.25
INFO: [ app_init ] --START--
INFO: Run Behavior\BuildLiteBehavior [ RunTime:0.000014s ]
INFO: [ app_init ] --END-- [ RunTime:0.000923s ]
ERR: 无法加载模块:Public

[ 2017-12-19T12:39:18+08:00 ] 192.168.35.87 /shop2/Public/Home/pc/jsmin/page/pcenter/common/navbar.js?1607171729.25
INFO: [ app_init ] --START--
INFO: Run Behavior\BuildLiteBehavior [ RunTime:0.000054s ]
INFO: [ app_init ] --END-- [ RunTime:0.003990s ]
ERR: 无法加载模块:Public

[ 2017-12-19T14:09:05+08:00 ] 192.168.35.87 /shop2/Public/Home/pc/jsmin/base.js?1607171729.25
INFO: [ app_init ] --START--
INFO: Run Behavior\BuildLiteBehavior [ RunTime:0.000009s ]
INFO: [ app_init ] --END-- [ RunTime:0.000276s ]
ERR: 无法加载模块:Public

[ 2017-12-19T14:09:05+08:00 ] 192.168.35.87 /shop2/Public/Home/pc/jsmin/page/account/common/job.js?1607171729.25
INFO: [ app_init ] --START--
INFO: Run Behavior\BuildLiteBehavior [ RunTime:0.000009s ]
INFO: [ app_init ] --END-- [ RunTime:0.000216s ]
ERR: 无法加载模块:Public

[ 2017-12-19T14:09:05+08:00 ] 192.168.35.87 /shop2/Public/Home/pc/jsmin/page/account/setPersonal/setPersonal.js?1607171729.25
INFO: [ app_init ] --START--
INFO: Run Behavior\BuildLiteBehavior [ RunTime:0.000008s ]
INFO: [ app_init ] --END-- [ RunTime:0.000222s ]
ERR: 无法加载模块:Public

[ 2017-12-19T14:09:05+08:00 ] 192.168.35.87 /shop2/Public/Home/pc/jsmin/page/pcenter/common/navbar.js?1607171729.25
INFO: [ app_init ] --START--
INFO: Run Behavior\BuildLiteBehavior [ RunTime:0.000009s ]
INFO: [ app_init ] --END-- [ RunTime:0.000221s ]
ERR: 无法加载模块:Public

[ 2017-12-19T14:09:05+08:00 ] 192.168.35.87 /shop2/Public/Home/pc/jsmin/page/account/common/area.js?1607171729.25
INFO: [ app_init ] --START--
INFO: Run Behavior\BuildLiteBehavior [ RunTime:0.000007s ]
INFO: [ app_init ] --END-- [ RunTime:0.000228s ]
ERR: 无法加载模块:Public

[ 2017-12-19T14:10:04+08:00 ] 192.168.35.87 /shop2/Public/Home/pc/jsmin/page/pcenter/common/navbar.js?1607171729.25
INFO: [ app_init ] --START--
INFO: Run Behavior\BuildLiteBehavior [ RunTime:0.000014s ]
INFO: [ app_init ] --END-- [ RunTime:0.000358s ]
ERR: 无法加载模块:Public

[ 2017-12-19T14:10:04+08:00 ] 192.168.35.87 /shop2/Public/Home/pc/jsmin/base.js?1607171729.25
INFO: [ app_init ] --START--
INFO: Run Behavior\BuildLiteBehavior [ RunTime:0.000013s ]
INFO: [ app_init ] --END-- [ RunTime:0.000358s ]
ERR: 无法加载模块:Public

[ 2017-12-19T14:10:04+08:00 ] 192.168.35.87 /shop2/Public/Home/pc/jsmin/page/account/common/job.js?1607171729.25
INFO: [ app_init ] --START--
INFO: Run Behavior\BuildLiteBehavior [ RunTime:0.000013s ]
INFO: [ app_init ] --END-- [ RunTime:0.003406s ]
ERR: 无法加载模块:Public

[ 2017-12-19T14:10:04+08:00 ] 192.168.35.87 /shop2/Public/Home/pc/jsmin/page/account/common/area.js?1607171729.25
INFO: [ app_init ] --START--
INFO: Run Behavior\BuildLiteBehavior [ RunTime:0.000013s ]
INFO: [ app_init ] --END-- [ RunTime:0.000358s ]
ERR: 无法加载模块:Public

[ 2017-12-19T14:10:04+08:00 ] 192.168.35.87 /shop2/Public/Home/pc/jsmin/page/account/setPersonal/setPersonal.js?1607171729.25
INFO: [ app_init ] --START--
INFO: Run Behavior\BuildLiteBehavior [ RunTime:0.000013s ]
INFO: [ app_init ] --END-- [ RunTime:0.000374s ]
ERR: 无法加载模块:Public

[ 2017-12-19T14:14:22+08:00 ] 192.168.35.87 /shop2/Public/Home/pc/jsmin/page/account/common/area.js?1607171729.25
INFO: [ app_init ] --START--
INFO: Run Behavior\BuildLiteBehavior [ RunTime:0.000011s ]
INFO: [ app_init ] --END-- [ RunTime:0.000290s ]
ERR: 无法加载模块:Public

[ 2017-12-19T14:14:22+08:00 ] 192.168.35.87 /shop2/Public/Home/pc/jsmin/page/pcenter/common/navbar.js?1607171729.25
INFO: [ app_init ] --START--
INFO: Run Behavior\BuildLiteBehavior [ RunTime:0.000009s ]
INFO: [ app_init ] --END-- [ RunTime:0.000253s ]
ERR: 无法加载模块:Public

[ 2017-12-19T14:14:22+08:00 ] 192.168.35.87 /shop2/Public/Home/pc/jsmin/page/account/setPersonal/setPersonal.js?1607171729.25
INFO: [ app_init ] --START--
INFO: Run Behavior\BuildLiteBehavior [ RunTime:0.000011s ]
INFO: [ app_init ] --END-- [ RunTime:0.004438s ]
ERR: 无法加载模块:Public

[ 2017-12-19T14:14:22+08:00 ] 192.168.35.87 /shop2/Public/Home/pc/jsmin/base.js?1607171729.25
INFO: [ app_init ] --START--
INFO: Run Behavior\BuildLiteBehavior [ RunTime:0.000015s ]
INFO: [ app_init ] --END-- [ RunTime:0.012419s ]
ERR: 无法加载模块:Public

[ 2017-12-19T14:14:22+08:00 ] 192.168.35.87 /shop2/Public/Home/pc/jsmin/page/account/common/job.js?1607171729.25
INFO: [ app_init ] --START--
INFO: Run Behavior\BuildLiteBehavior [ RunTime:0.000011s ]
INFO: [ app_init ] --END-- [ RunTime:0.010689s ]
ERR: 无法加载模块:Public

[ 2017-12-19T14:16:33+08:00 ] 192.168.35.87 /shop2/Public/Home/pc/jsmin/page/account/common/area.js?1607171729.25
INFO: [ app_init ] --START--
INFO: Run Behavior\BuildLiteBehavior [ RunTime:0.000008s ]
INFO: [ app_init ] --END-- [ RunTime:0.000249s ]
ERR: 无法加载模块:Public

[ 2017-12-19T14:16:33+08:00 ] 192.168.35.87 /shop2/Public/Home/pc/jsmin/base.js?1607171729.25
INFO: [ app_init ] --START--
INFO: Run Behavior\BuildLiteBehavior [ RunTime:0.000020s ]
INFO: [ app_init ] --END-- [ RunTime:0.010586s ]
ERR: 无法加载模块:Public

[ 2017-12-19T14:16:33+08:00 ] 192.168.35.87 /shop2/Public/Home/pc/jsmin/page/account/common/job.js?1607171729.25
INFO: [ app_init ] --START--
INFO: Run Behavior\BuildLiteBehavior [ RunTime:0.000010s ]
INFO: [ app_init ] --END-- [ RunTime:0.000248s ]
ERR: 无法加载模块:Public

[ 2017-12-19T14:16:33+08:00 ] 192.168.35.87 /shop2/Public/Home/pc/jsmin/page/account/setPersonal/setPersonal.js?1607171729.25
INFO: [ app_init ] --START--
INFO: Run Behavior\BuildLiteBehavior [ RunTime:0.000025s ]
INFO: [ app_init ] --END-- [ RunTime:0.000306s ]
ERR: 无法加载模块:Public

[ 2017-12-19T14:16:33+08:00 ] 192.168.35.87 /shop2/Public/Home/pc/jsmin/page/pcenter/common/navbar.js?1607171729.25
INFO: [ app_init ] --START--
INFO: Run Behavior\BuildLiteBehavior [ RunTime:0.000007s ]
INFO: [ app_init ] --END-- [ RunTime:0.000209s ]
ERR: 无法加载模块:Public

[ 2017-12-19T15:08:32+08:00 ] 192.168.35.87 /shop2/index.php/person/test
INFO: [ app_init ] --START--
INFO: Run Behavior\BuildLiteBehavior [ RunTime:0.000015s ]
INFO: [ app_init ] --END-- [ RunTime:0.000445s ]
ERR: 无法加载模块:Person

[ 2017-12-19T15:10:19+08:00 ] 192.168.35.87 /shop2/Public/Home/AmazeUI-2.4.2/assets/css/amazeui.css
INFO: [ app_init ] --START--
INFO: Run Behavior\BuildLiteBehavior [ RunTime:0.000008s ]
INFO: [ app_init ] --END-- [ RunTime:0.000211s ]
ERR: 无法加载模块:Public

[ 2017-12-19T15:10:19+08:00 ] 192.168.35.87 /shop2/Public/Home/AmazeUI-2.4.2/assets/css/admin.css
INFO: [ app_init ] --START--
INFO: Run Behavior\BuildLiteBehavior [ RunTime:0.000013s ]
INFO: [ app_init ] --END-- [ RunTime:0.000280s ]
ERR: 无法加载模块:Public

[ 2017-12-19T15:10:20+08:00 ] 192.168.35.87 /shop2/Public/Home/images/comment.jpg_400x400.jpg
INFO: [ app_init ] --START--
INFO: Run Behavior\BuildLiteBehavior [ RunTime:0.000008s ]
INFO: [ app_init ] --END-- [ RunTime:0.000210s ]
ERR: 无法加载模块:Public

[ 2017-12-19T15:10:20+08:00 ] 192.168.35.87 /shop2/Public/Home/css/appstyle.css
INFO: [ app_init ] --START--
INFO: Run Behavior\BuildLiteBehavior [ RunTime:0.000007s ]
INFO: [ app_init ] --END-- [ RunTime:0.000200s ]
ERR: 无法加载模块:Public

[ 2017-12-19T15:10:20+08:00 ] 192.168.35.87 /shop2/Public/Home/images/image.jpg
INFO: [ app_init ] --START--
INFO: Run Behavior\BuildLiteBehavior [ RunTime:0.000009s ]
INFO: [ app_init ] --END-- [ RunTime:0.000224s ]
ERR: 无法加载模块:Public

[ 2017-12-19T15:10:56+08:00 ] 192.168.35.87 /shop2/Public/Home/css/appstyle.css
INFO: [ app_init ] --START--
INFO: Run Behavior\BuildLiteBehavior [ RunTime:0.000009s ]
INFO: [ app_init ] --END-- [ RunTime:0.004295s ]
ERR: 无法加载模块:Public

[ 2017-12-19T15:10:56+08:00 ] 192.168.35.87 /shop2/Public/Home/AmazeUI-2.4.2/assets/css/admin.css
INFO: [ app_init ] --START--
INFO: Run Behavior\BuildLiteBehavior [ RunTime:0.000008s ]
INFO: [ app_init ] --END-- [ RunTime:0.000204s ]
ERR: 无法加载模块:Public

[ 2017-12-19T15:10:56+08:00 ] 192.168.35.87 /shop2/Public/Home/AmazeUI-2.4.2/assets/css/amazeui.css
INFO: [ app_init ] --START--
INFO: Run Behavior\BuildLiteBehavior [ RunTime:0.000011s ]
INFO: [ app_init ] --END-- [ RunTime:0.000225s ]
ERR: 无法加载模块:Public

[ 2017-12-19T15:10:56+08:00 ] 192.168.35.87 /shop2/Public/Home/images/image.jpg
INFO: [ app_init ] --START--
INFO: Run Behavior\BuildLiteBehavior [ RunTime:0.000013s ]
INFO: [ app_init ] --END-- [ RunTime:0.000343s ]
ERR: 无法加载模块:Public

[ 2017-12-19T15:10:56+08:00 ] 192.168.35.87 /shop2/Public/Home/images/comment.jpg_400x400.jpg
INFO: [ app_init ] --START--
INFO: Run Behavior\BuildLiteBehavior [ RunTime:0.000012s ]
INFO: [ app_init ] --END-- [ RunTime:0.000337s ]
ERR: 无法加载模块:Public

[ 2017-12-19T15:11:03+08:00 ] 192.168.35.87 /shop2/Public/Home/AmazeUI-2.4.2/assets/css/admin.css
INFO: [ app_init ] --START--
INFO: Run Behavior\BuildLiteBehavior [ RunTime:0.000021s ]
INFO: [ app_init ] --END-- [ RunTime:0.000513s ]
ERR: 无法加载模块:Public

[ 2017-12-19T15:11:03+08:00 ] 192.168.35.87 /shop2/Public/Home/AmazeUI-2.4.2/assets/css/amazeui.css
INFO: [ app_init ] --START--
INFO: Run Behavior\BuildLiteBehavior [ RunTime:0.000019s ]
INFO: [ app_init ] --END-- [ RunTime:0.000537s ]
ERR: 无法加载模块:Public

[ 2017-12-19T15:11:03+08:00 ] 192.168.35.87 /shop2/Public/Home/images/comment.jpg_400x400.jpg
INFO: [ app_init ] --START--
INFO: Run Behavior\BuildLiteBehavior [ RunTime:0.000009s ]
INFO: [ app_init ] --END-- [ RunTime:0.000242s ]
ERR: 无法加载模块:Public

[ 2017-12-19T15:11:03+08:00 ] 192.168.35.87 /shop2/Public/Home/images/image.jpg
INFO: [ app_init ] --START--
INFO: Run Behavior\BuildLiteBehavior [ RunTime:0.000009s ]
INFO: [ app_init ] --END-- [ RunTime:0.000250s ]
ERR: 无法加载模块:Public

[ 2017-12-19T15:11:03+08:00 ] 192.168.35.87 /shop2/Public/Home/css/appstyle.css
INFO: [ app_init ] --START--
INFO: Run Behavior\BuildLiteBehavior [ RunTime:0.000013s ]
INFO: [ app_init ] --END-- [ RunTime:0.022026s ]
ERR: 无法加载模块:Public

[ 2017-12-19T15:11:03+08:00 ] 192.168.35.87 /shop2/Public/Home/images/image.jpg
INFO: [ app_init ] --START--
INFO: Run Behavior\BuildLiteBehavior [ RunTime:0.000016s ]
INFO: [ app_init ] --END-- [ RunTime:0.000469s ]
ERR: 无法加载模块:Public

[ 2017-12-19T15:11:03+08:00 ] 192.168.35.87 /shop2/Public/Home/images/comment.jpg_400x400.jpg
INFO: [ app_init ] --START--
INFO: Run Behavior\BuildLiteBehavior [ RunTime:0.000014s ]
INFO: [ app_init ] --END-- [ RunTime:0.000373s ]
ERR: 无法加载模块:Public

[ 2017-12-19T15:13:25+08:00 ] 192.168.35.87 /shop2/Public/Home/css/appstyle.css
INFO: [ app_init ] --START--
INFO: Run Behavior\BuildLiteBehavior [ RunTime:0.000011s ]
INFO: [ app_init ] --END-- [ RunTime:0.000267s ]
ERR: 无法加载模块:Public

[ 2017-12-19T15:13:25+08:00 ] 192.168.35.87 /shop2/Public/Home/AmazeUI-2.4.2/assets/css/amazeui.css
INFO: [ app_init ] --START--
INFO: Run Behavior\BuildLiteBehavior [ RunTime:0.000009s ]
INFO: [ app_init ] --END-- [ RunTime:0.000207s ]
ERR: 无法加载模块:Public

[ 2017-12-19T15:13:26+08:00 ] 192.168.35.87 /shop2/Public/Home/images/comment.jpg_400x400.jpg
INFO: [ app_init ] --START--
INFO: Run Behavior\BuildLiteBehavior [ RunTime:0.000007s ]
INFO: [ app_init ] --END-- [ RunTime:0.000198s ]
ERR: 无法加载模块:Public

[ 2017-12-19T15:13:26+08:00 ] 192.168.35.87 /shop2/Public/Home/images/image.jpg
INFO: [ app_init ] --START--
INFO: Run Behavior\BuildLiteBehavior [ RunTime:0.000007s ]
INFO: [ app_init ] --END-- [ RunTime:0.000204s ]
ERR: 无法加载模块:Public

[ 2017-12-19T15:13:26+08:00 ] 192.168.35.87 /shop2/Public/Home/AmazeUI-2.4.2/assets/css/admin.css
INFO: [ app_init ] --START--
INFO: Run Behavior\BuildLiteBehavior [ RunTime:0.000008s ]
INFO: [ app_init ] --END-- [ RunTime:0.000214s ]
ERR: 无法加载模块:Public

[ 2017-12-19T15:13:26+08:00 ] 192.168.35.87 /shop2/Public/Home/images/image.jpg
INFO: [ app_init ] --START--
INFO: Run Behavior\BuildLiteBehavior [ RunTime:0.000010s ]
INFO: [ app_init ] --END-- [ RunTime:0.000296s ]
ERR: 无法加载模块:Public

[ 2017-12-19T15:13:26+08:00 ] 192.168.35.87 /shop2/Public/Home/images/comment.jpg_400x400.jpg
INFO: [ app_init ] --START--
INFO: Run Behavior\BuildLiteBehavior [ RunTime:0.000009s ]
INFO: [ app_init ] --END-- [ RunTime:0.000232s ]
ERR: 无法加载模块:Public

[ 2017-12-19T15:13:32+08:00 ] 192.168.35.87 /shop2/Public/Home/AmazeUI-2.4.2/assets/css/admin.css
INFO: [ app_init ] --START--
INFO: Run Behavior\BuildLiteBehavior [ RunTime:0.000010s ]
INFO: [ app_init ] --END-- [ RunTime:0.000331s ]
ERR: 无法加载模块:Public

[ 2017-12-19T15:13:32+08:00 ] 192.168.35.87 /shop2/Public/Home/css/appstyle.css
INFO: [ app_init ] --START--
INFO: Run Behavior\BuildLiteBehavior [ RunTime:0.000010s ]
INFO: [ app_init ] --END-- [ RunTime:0.000248s ]
ERR: 无法加载模块:Public

[ 2017-12-19T15:13:32+08:00 ] 192.168.35.87 /shop2/Public/Home/AmazeUI-2.4.2/assets/css/amazeui.css
INFO: [ app_init ] --START--
INFO: Run Behavior\BuildLiteBehavior [ RunTime:0.000011s ]
INFO: [ app_init ] --END-- [ RunTime:0.000340s ]
ERR: 无法加载模块:Public

[ 2017-12-19T15:15:17+08:00 ] 192.168.35.87 /shop2/Public/myjs/js/index.js-417ef0a2.js
INFO: [ app_init ] --START--
INFO: Run Behavior\BuildLiteBehavior [ RunTime:0.000013s ]
INFO: [ app_init ] --END-- [ RunTime:0.000377s ]
ERR: 无法加载模块:Public

[ 2017-12-19T15:15:17+08:00 ] 192.168.35.87 /shop2/Public/myjs/js/index.js-800cd574.js
INFO: [ app_init ] --START--
INFO: Run Behavior\BuildLiteBehavior [ RunTime:0.000009s ]
INFO: [ app_init ] --END-- [ RunTime:0.000216s ]
ERR: 无法加载模块:Public

[ 2017-12-19T15:15:18+08:00 ] 192.168.35.87 /shop2/Public/myjs/js/index.js-417ef0a2.js
INFO: [ app_init ] --START--
INFO: Run Behavior\BuildLiteBehavior [ RunTime:0.000015s ]
INFO: [ app_init ] --END-- [ RunTime:0.000460s ]
ERR: 无法加载模块:Public

[ 2017-12-19T15:15:18+08:00 ] 192.168.35.87 /shop2/Public/myjs/js/index.js-800cd574.js
INFO: [ app_init ] --START--
INFO: Run Behavior\BuildLiteBehavior [ RunTime:0.000011s ]
INFO: [ app_init ] --END-- [ RunTime:0.000281s ]
ERR: 无法加载模块:Public

[ 2017-12-19T15:15:46+08:00 ] 192.168.35.87 /shop2/Public/myjs/js/index.js-417ef0a2.js
INFO: [ app_init ] --START--
INFO: Run Behavior\BuildLiteBehavior [ RunTime:0.000007s ]
INFO: [ app_init ] --END-- [ RunTime:0.000204s ]
ERR: 无法加载模块:Public

[ 2017-12-19T15:15:46+08:00 ] 192.168.35.87 /shop2/Public/myjs/js/index.js-800cd574.js
INFO: [ app_init ] --START--
INFO: Run Behavior\BuildLiteBehavior [ RunTime:0.000009s ]
INFO: [ app_init ] --END-- [ RunTime:0.000228s ]
ERR: 无法加载模块:Public

[ 2017-12-19T15:15:46+08:00 ] 192.168.35.87 /shop2/Public/myjs/js/index.js-417ef0a2.js
INFO: [ app_init ] --START--
INFO: Run Behavior\BuildLiteBehavior [ RunTime:0.000008s ]
INFO: [ app_init ] --END-- [ RunTime:0.000272s ]
ERR: 无法加载模块:Public

[ 2017-12-19T15:15:46+08:00 ] 192.168.35.87 /shop2/Public/myjs/js/index.js-800cd574.js
INFO: [ app_init ] --START--
INFO: Run Behavior\BuildLiteBehavior [ RunTime:0.000010s ]
INFO: [ app_init ] --END-- [ RunTime:0.000245s ]
ERR: 无法加载模块:Public

[ 2017-12-19T15:15:47+08:00 ] 192.168.35.87 /shop2/Public/myjs/js/index.js-417ef0a2.js
INFO: [ app_init ] --START--
INFO: Run Behavior\BuildLiteBehavior [ RunTime:0.000014s ]
INFO: [ app_init ] --END-- [ RunTime:0.000374s ]
ERR: 无法加载模块:Public

[ 2017-12-19T15:15:47+08:00 ] 192.168.35.87 /shop2/Public/myjs/js/index.js-800cd574.js
INFO: [ app_init ] --START--
INFO: Run Behavior\BuildLiteBehavior [ RunTime:0.000054s ]
INFO: [ app_init ] --END-- [ RunTime:0.000544s ]
ERR: 无法加载模块:Public

[ 2017-12-19T15:28:22+08:00 ] 192.168.35.87 /shop2/Public/Home/pc/jsmin/page/account/common/area.js?1607171729.25
INFO: [ app_init ] --START--
INFO: Run Behavior\BuildLiteBehavior [ RunTime:0.000013s ]
INFO: [ app_init ] --END-- [ RunTime:0.072275s ]
ERR: 无法加载模块:Public

[ 2017-12-19T15:28:22+08:00 ] 192.168.35.87 /shop2/Public/Home/pc/jsmin/base.js?1607171729.25
INFO: [ app_init ] --START--
INFO: Run Behavior\BuildLiteBehavior [ RunTime:0.000011s ]
INFO: [ app_init ] --END-- [ RunTime:0.000260s ]
ERR: 无法加载模块:Public

[ 2017-12-19T15:28:22+08:00 ] 192.168.35.87 /shop2/Public/Home/pc/jsmin/page/account/common/job.js?1607171729.25
INFO: [ app_init ] --START--
INFO: Run Behavior\BuildLiteBehavior [ RunTime:0.000013s ]
INFO: [ app_init ] --END-- [ RunTime:0.000467s ]
ERR: 无法加载模块:Public

[ 2017-12-19T15:28:22+08:00 ] 192.168.35.87 /shop2/Public/Home/pc/jsmin/page/pcenter/common/navbar.js?1607171729.25
INFO: [ app_init ] --START--
INFO: Run Behavior\BuildLiteBehavior [ RunTime:0.000012s ]
INFO: [ app_init ] --END-- [ RunTime:0.001300s ]
ERR: 无法加载模块:Public

[ 2017-12-19T15:28:23+08:00 ] 192.168.35.87 /shop2/Public/Home/pc/jsmin/page/account/setPersonal/setPersonal.js?1607171729.25
INFO: [ app_init ] --START--
INFO: Run Behavior\BuildLiteBehavior [ RunTime:0.000016s ]
INFO: [ app_init ] --END-- [ RunTime:0.068194s ]
ERR: 无法加载模块:Public

[ 2017-12-19T17:12:28+08:00 ] 192.168.35.209 /shop2/Public/css/jquery.mCustomScrollbar.css
INFO: [ app_init ] --START--
INFO: Run Behavior\BuildLiteBehavior [ RunTime:0.000017s ]
INFO: [ app_init ] --END-- [ RunTime:0.020484s ]
ERR: 无法加载模块:Public

[ 2017-12-19T17:12:29+08:00 ] 192.168.35.209 /shop2/Public/css/font/adminthemes-webfont.woff2
INFO: [ app_init ] --START--
INFO: Run Behavior\BuildLiteBehavior [ RunTime:0.000009s ]
INFO: [ app_init ] --END-- [ RunTime:0.000214s ]
ERR: 无法加载模块:Public

[ 2017-12-19T17:12:29+08:00 ] 192.168.35.209 /shop2/Public/css/font/adminthemes-webfont.woff
INFO: [ app_init ] --START--
INFO: Run Behavior\BuildLiteBehavior [ RunTime:0.000010s ]
INFO: [ app_init ] --END-- [ RunTime:0.000244s ]
ERR: 无法加载模块:Public

[ 2017-12-19T17:12:29+08:00 ] 192.168.35.209 /shop2/Public/css/font/adminthemes-webfont.ttf
INFO: [ app_init ] --START--
INFO: Run Behavior\BuildLiteBehavior [ RunTime:0.000010s ]
INFO: [ app_init ] --END-- [ RunTime:0.000253s ]
ERR: 无法加载模块:Public

[ 2017-12-19T18:53:09+08:00 ] 192.168.35.197 /shop2/Public/Home/pic/_o/46/c2/7545d5f20d276e84af0f034b0287_92_94.cf.png
INFO: [ app_init ] --START--
INFO: Run Behavior\BuildLiteBehavior [ RunTime:0.000013s ]
INFO: [ app_init ] --END-- [ RunTime:0.000332s ]
ERR: 无法加载模块:Public

[ 2017-12-19T19:52:20+08:00 ] 192.168.35.87 /shop2/Public/Home/pc/jsmin/page/pcenter/common/navbar.js?1607171729.25
INFO: [ app_init ] --START--
INFO: Run Behavior\BuildLiteBehavior [ RunTime:0.000010s ]
INFO: [ app_init ] --END-- [ RunTime:0.000229s ]
ERR: 无法加载模块:Public

[ 2017-12-19T19:52:20+08:00 ] 192.168.35.87 /shop2/Public/Home/pc/jsmin/page/account/common/area.js?1607171729.25
INFO: [ app_init ] --START--
INFO: Run Behavior\BuildLiteBehavior [ RunTime:0.000008s ]
INFO: [ app_init ] --END-- [ RunTime:0.000259s ]
ERR: 无法加载模块:Public

[ 2017-12-19T19:52:20+08:00 ] 192.168.35.87 /shop2/Public/Home/pc/jsmin/page/account/setPersonal/setPersonal.js?1607171729.25
INFO: [ app_init ] --START--
INFO: Run Behavior\BuildLiteBehavior [ RunTime:0.000008s ]
INFO: [ app_init ] --END-- [ RunTime:0.000250s ]
ERR: 无法加载模块:Public

[ 2017-12-19T19:52:20+08:00 ] 192.168.35.87 /shop2/Public/Home/pc/jsmin/page/account/common/job.js?1607171729.25
INFO: [ app_init ] --START--
INFO: Run Behavior\BuildLiteBehavior [ RunTime:0.000008s ]
INFO: [ app_init ] --END-- [ RunTime:0.000249s ]
ERR: 无法加载模块:Public

[ 2017-12-19T19:52:20+08:00 ] 192.168.35.87 /shop2/Public/Home/pc/jsmin/base.js?1607171729.25
INFO: [ app_init ] --START--
INFO: Run Behavior\BuildLiteBehavior [ RunTime:0.000019s ]
INFO: [ app_init ] --END-- [ RunTime:0.000282s ]
ERR: 无法加载模块:Public

[ 2017-12-19T20:05:25+08:00 ] 192.168.35.209 /shop2/Public/css/jquery.mCustomScrollbar.css
INFO: [ app_init ] --START--
INFO: Run Behavior\BuildLiteBehavior [ RunTime:0.000011s ]
INFO: [ app_init ] --END-- [ RunTime:0.003302s ]
ERR: 无法加载模块:Public

[ 2017-12-19T20:05:25+08:00 ] 192.168.35.209 /shop2/Public/css/font/adminthemes-webfont.woff2
INFO: [ app_init ] --START--
INFO: Run Behavior\BuildLiteBehavior [ RunTime:0.000009s ]
INFO: [ app_init ] --END-- [ RunTime:0.000267s ]
ERR: 无法加载模块:Public

[ 2017-12-19T20:05:25+08:00 ] 192.168.35.209 /shop2/Public/css/font/adminthemes-webfont.woff
INFO: [ app_init ] --START--
INFO: Run Behavior\BuildLiteBehavior [ RunTime:0.000011s ]
INFO: [ app_init ] --END-- [ RunTime:0.000270s ]
ERR: 无法加载模块:Public

[ 2017-12-19T20:05:25+08:00 ] 192.168.35.209 /shop2/Public/css/font/adminthemes-webfont.ttf
INFO: [ app_init ] --START--
INFO: Run Behavior\BuildLiteBehavior [ RunTime:0.000016s ]
INFO: [ app_init ] --END-- [ RunTime:0.000282s ]
ERR: 无法加载模块:Public

[ 2017-12-19T20:11:27+08:00 ] 192.168.35.229 /shop2/Public/Home/pc/jsmin/page/pcenter/common/navbar.js?1607171729.25
INFO: [ app_init ] --START--
INFO: Run Behavior\BuildLiteBehavior [ RunTime:0.000011s ]
INFO: [ app_init ] --END-- [ RunTime:0.000284s ]
ERR: 无法加载模块:Public

[ 2017-12-19T20:11:27+08:00 ] 192.168.35.229 /shop2/Public/Home/pc/jsmin/page/account/setPersonal/setPersonal.js?1607171729.25
INFO: [ app_init ] --START--
INFO: Run Behavior\BuildLiteBehavior [ RunTime:0.000007s ]
INFO: [ app_init ] --END-- [ RunTime:0.000209s ]
ERR: 无法加载模块:Public

[ 2017-12-19T20:11:27+08:00 ] 192.168.35.229 /shop2/Public/Home/pc/jsmin/page/account/common/job.js?1607171729.25
INFO: [ app_init ] --START--
INFO: Run Behavior\BuildLiteBehavior [ RunTime:0.000009s ]
INFO: [ app_init ] --END-- [ RunTime:0.000217s ]
ERR: 无法加载模块:Public

[ 2017-12-19T20:11:28+08:00 ] 192.168.35.229 /shop2/Public/Home/pc/jsmin/page/account/common/area.js?1607171729.25
INFO: [ app_init ] --START--
INFO: Run Behavior\BuildLiteBehavior [ RunTime:0.000025s ]
INFO: [ app_init ] --END-- [ RunTime:0.000874s ]
ERR: 无法加载模块:Public

[ 2017-12-19T20:11:30+08:00 ] 192.168.35.229 /shop2/Public/Home/pc/jsmin/base.js?1607171729.25
INFO: [ app_init ] --START--
INFO: Run Behavior\BuildLiteBehavior [ RunTime:0.000026s ]
INFO: [ app_init ] --END-- [ RunTime:0.000723s ]
ERR: 无法加载模块:Public

[ 2017-12-19T20:13:46+08:00 ] 192.168.35.229 /shop2/Public/Home/pc/jsmin/base.js?1607171729.25
INFO: [ app_init ] --START--
INFO: Run Behavior\BuildLiteBehavior [ RunTime:0.000008s ]
INFO: [ app_init ] --END-- [ RunTime:0.000203s ]
ERR: 无法加载模块:Public

[ 2017-12-19T20:13:46+08:00 ] 192.168.35.229 /shop2/Public/Home/pc/jsmin/page/account/common/job.js?1607171729.25
INFO: [ app_init ] --START--
INFO: Run Behavior\BuildLiteBehavior [ RunTime:0.000009s ]
INFO: [ app_init ] --END-- [ RunTime:0.000223s ]
ERR: 无法加载模块:Public

[ 2017-12-19T20:13:46+08:00 ] 192.168.35.229 /shop2/Public/Home/pc/jsmin/page/account/setPersonal/setPersonal.js?1607171729.25
INFO: [ app_init ] --START--
INFO: Run Behavior\BuildLiteBehavior [ RunTime:0.000013s ]
INFO: [ app_init ] --END-- [ RunTime:0.010087s ]
ERR: 无法加载模块:Public

[ 2017-12-19T20:13:48+08:00 ] 192.168.35.229 /shop2/Public/Home/pc/jsmin/page/pcenter/common/navbar.js?1607171729.25
INFO: [ app_init ] --START--
INFO: Run Behavior\BuildLiteBehavior [ RunTime:0.000023s ]
INFO: [ app_init ] --END-- [ RunTime:0.000778s ]
ERR: 无法加载模块:Public

[ 2017-12-19T20:13:48+08:00 ] 192.168.35.229 /shop2/Public/Home/pc/jsmin/page/account/common/area.js?1607171729.25
INFO: [ app_init ] --START--
INFO: Run Behavior\BuildLiteBehavior [ RunTime:0.000022s ]
INFO: [ app_init ] --END-- [ RunTime:0.000717s ]
ERR: 无法加载模块:Public

[ 2017-12-19T22:07:40+08:00 ] 192.168.35.209 /shop2/Runtime
INFO: [ app_init ] --START--
INFO: Run Behavior\BuildLiteBehavior [ RunTime:0.000073s ]
INFO: [ app_init ] --END-- [ RunTime:0.000408s ]
ERR: 无法加载模块:Runtime

