[ 2017-12-29T06:08:40+08:00 ] 192.168.35.209 /page/welcome.js?1
INFO: [ app_init ] --START--
INFO: Run Behavior\BuildLiteBehavior [ RunTime:0.000025s ]
INFO: [ app_init ] --END-- [ RunTime:0.012921s ]
ERR: 无法加载模块:Page

[ 2017-12-29T06:08:40+08:00 ] 192.168.35.209 /base.js?1
INFO: [ app_init ] --START--
INFO: Run Behavior\BuildLiteBehavior [ RunTime:0.000027s ]
INFO: [ app_init ] --END-- [ RunTime:0.030634s ]
ERR: 无法加载模块:Base

[ 2017-12-29T06:10:02+08:00 ] 192.168.35.209 /base.js?1
INFO: [ app_init ] --START--
INFO: Run Behavior\BuildLiteBehavior [ RunTime:0.000013s ]
INFO: [ app_init ] --END-- [ RunTime:0.000730s ]
ERR: 无法加载模块:Base

[ 2017-12-29T06:10:03+08:00 ] 192.168.35.209 /page/welcome.js?1
INFO: [ app_init ] --START--
INFO: Run Behavior\BuildLiteBehavior [ RunTime:0.000013s ]
INFO: [ app_init ] --END-- [ RunTime:0.000546s ]
ERR: 无法加载模块:Page

