[ 2017-12-29T03:42:29+08:00 ] 192.168.35.87 /shop2/index.php/Home/cart/showMyCartView
INFO: [ app_init ] --START--
INFO: Run Behavior\BuildLiteBehavior [ RunTime:0.000158s ]
INFO: [ app_init ] --END-- [ RunTime:0.067194s ]
INFO: [ app_begin ] --START--
INFO: Run Behavior\ReadHtmlCacheBehavior [ RunTime:0.051763s ]
INFO: [ app_begin ] --END-- [ RunTime:0.052016s ]
INFO: [ view_parse ] --START--
INFO: [ template_filter ] --START--
INFO: Run Behavior\ContentReplaceBehavior [ RunTime:0.000738s ]
INFO: [ template_filter ] --END-- [ RunTime:0.000839s ]
INFO: Run Behavior\ParseTemplateBehavior [ RunTime:1.507110s ]
INFO: [ view_parse ] --END-- [ RunTime:1.523163s ]
INFO: [ view_filter ] --START--
INFO: Run Behavior\WriteHtmlCacheBehavior [ RunTime:0.016463s ]
INFO: [ view_filter ] --END-- [ RunTime:0.016553s ]

[ 2017-12-29T06:08:22+08:00 ] 192.168.35.209 /
INFO: [ app_init ] --START--
INFO: Run Behavior\BuildLiteBehavior [ RunTime:0.000019s ]
INFO: [ app_init ] --END-- [ RunTime:0.004932s ]
INFO: [ app_begin ] --START--
INFO: Run Behavior\ReadHtmlCacheBehavior [ RunTime:0.020449s ]
INFO: [ app_begin ] --END-- [ RunTime:0.020675s ]
SQL: SHOW COLUMNS FROM `think_photos` [ RunTime:0.6421s ]
SQL: SELECT `pic`,`link` FROM `think_photos` WHERE `role` = 2 AND `status` = 1 LIMIT 1   [ RunTime:0.0389s ]
SQL: SELECT `pic`,`link` FROM `think_photos` WHERE `role` = 1 AND `status` = 1 LIMIT 4   [ RunTime:0.0081s ]
SQL: SHOW COLUMNS FROM `think_goods_types` [ RunTime:0.0359s ]
SQL: SELECT `id`,`name` FROM `think_goods_types` WHERE ( pid=0 )  [ RunTime:0.0256s ]
SQL: SELECT `pid`,`id`,`name` FROM `think_goods_types` WHERE `pid` IN (1,2,3)  [ RunTime:0.0608s ]
SQL: SHOW COLUMNS FROM `think_systems` [ RunTime:0.2615s ]
SQL: SELECT * FROM `think_systems` LIMIT 1   [ RunTime:0.0201s ]
SQL: SHOW COLUMNS FROM `think_goods` [ RunTime:0.0169s ]
SQL: SELECT `id`,`name`,`price`,`pic`,`saletime` FROM `think_goods` WHERE ( status= 4 )  [ RunTime:0.0824s ]
NOTIC: [8] Undefined variable: datai /usr/local/apache2/htdocs/shop2/Application/Home/Controller/IndexController.class.php 第 127 行.
NOTIC: [8] Undefined variable: datai /usr/local/apache2/htdocs/shop2/Application/Home/Controller/IndexController.class.php 第 128 行.
NOTIC: [8] Undefined variable: account /usr/local/apache2/htdocs/shop2/Application/Home/Controller/IndexController.class.php 第 129 行.
INFO: [ view_parse ] --START--
INFO: [ template_filter ] --START--
INFO: Run Behavior\ContentReplaceBehavior [ RunTime:0.000479s ]
INFO: [ template_filter ] --END-- [ RunTime:0.000553s ]
NOTIC: [8] Undefined variable: keyword /usr/local/apache2/htdocs/shop2/Application/Runtime/Cache/Home/2a94b8bda04ff446dcedd42276fc99ee.php 第 446 行.
SQL: SHOW COLUMNS FROM `think_link` [ RunTime:0.0103s ]
SQL: SELECT * FROM `think_link` WHERE ( status=1 ) LIMIT 3   [ RunTime:0.0156s ]
INFO: Run Behavior\ParseTemplateBehavior [ RunTime:2.968827s ]
INFO: [ view_parse ] --END-- [ RunTime:2.968883s ]
INFO: [ view_filter ] --START--
INFO: Run Behavior\WriteHtmlCacheBehavior [ RunTime:0.015329s ]
INFO: [ view_filter ] --END-- [ RunTime:0.015405s ]
INFO: [ app_end ] --START--
INFO: Run Behavior\ShowPageTraceBehavior [ RunTime:0.140719s ]
INFO: [ app_end ] --END-- [ RunTime:0.140818s ]

[ 2017-12-29T06:09:56+08:00 ] 192.168.35.209 /
INFO: [ app_init ] --START--
INFO: Run Behavior\BuildLiteBehavior [ RunTime:0.000014s ]
INFO: [ app_init ] --END-- [ RunTime:0.061036s ]
INFO: [ app_begin ] --START--
INFO: Run Behavior\ReadHtmlCacheBehavior [ RunTime:0.042773s ]
INFO: [ app_begin ] --END-- [ RunTime:0.042851s ]
SQL: SHOW COLUMNS FROM `think_photos` [ RunTime:0.0448s ]
SQL: SELECT `pic`,`link` FROM `think_photos` WHERE `role` = 2 AND `status` = 1 LIMIT 1   [ RunTime:0.0009s ]
SQL: SELECT `pic`,`link` FROM `think_photos` WHERE `role` = 1 AND `status` = 1 LIMIT 4   [ RunTime:0.0004s ]
SQL: SHOW COLUMNS FROM `think_goods_types` [ RunTime:0.0005s ]
SQL: SELECT `id`,`name` FROM `think_goods_types` WHERE ( pid=0 )  [ RunTime:0.0001s ]
SQL: SELECT `pid`,`id`,`name` FROM `think_goods_types` WHERE `pid` IN (1,2,3)  [ RunTime:0.0003s ]
SQL: SHOW COLUMNS FROM `think_systems` [ RunTime:0.0006s ]
SQL: SELECT * FROM `think_systems` LIMIT 1   [ RunTime:0.0002s ]
SQL: SHOW COLUMNS FROM `think_goods` [ RunTime:0.0004s ]
SQL: SELECT `id`,`name`,`price`,`pic`,`saletime` FROM `think_goods` WHERE ( status= 4 )  [ RunTime:0.0002s ]
NOTIC: [8] Undefined variable: datai /usr/local/apache2/htdocs/shop2/Application/Home/Controller/IndexController.class.php 第 127 行.
NOTIC: [8] Undefined variable: datai /usr/local/apache2/htdocs/shop2/Application/Home/Controller/IndexController.class.php 第 128 行.
NOTIC: [8] Undefined variable: account /usr/local/apache2/htdocs/shop2/Application/Home/Controller/IndexController.class.php 第 129 行.
INFO: [ view_parse ] --START--
INFO: [ template_filter ] --START--
INFO: Run Behavior\ContentReplaceBehavior [ RunTime:0.000201s ]
INFO: [ template_filter ] --END-- [ RunTime:0.000233s ]
NOTIC: [8] Undefined variable: keyword /usr/local/apache2/htdocs/shop2/Application/Runtime/Cache/Home/2a94b8bda04ff446dcedd42276fc99ee.php 第 446 行.
SQL: SHOW COLUMNS FROM `think_link` [ RunTime:0.0005s ]
SQL: SELECT * FROM `think_link` WHERE ( status=1 ) LIMIT 3   [ RunTime:0.0001s ]
INFO: Run Behavior\ParseTemplateBehavior [ RunTime:0.698638s ]
INFO: [ view_parse ] --END-- [ RunTime:0.698663s ]
INFO: [ view_filter ] --START--
INFO: Run Behavior\WriteHtmlCacheBehavior [ RunTime:0.000155s ]
INFO: [ view_filter ] --END-- [ RunTime:0.000183s ]
INFO: [ app_end ] --START--
INFO: Run Behavior\ShowPageTraceBehavior [ RunTime:0.000652s ]
INFO: [ app_end ] --END-- [ RunTime:0.000715s ]

[ 2017-12-29T06:10:09+08:00 ] 192.168.35.87 /shop2/index.php/Home/cart/showMyCartView
INFO: [ app_init ] --START--
INFO: Run Behavior\BuildLiteBehavior [ RunTime:0.000013s ]
INFO: [ app_init ] --END-- [ RunTime:0.000613s ]
INFO: [ app_begin ] --START--
INFO: Run Behavior\ReadHtmlCacheBehavior [ RunTime:0.003119s ]
INFO: [ app_begin ] --END-- [ RunTime:0.003323s ]
INFO: [ view_parse ] --START--
INFO: [ template_filter ] --START--
INFO: Run Behavior\ContentReplaceBehavior [ RunTime:0.000180s ]
INFO: [ template_filter ] --END-- [ RunTime:0.000288s ]
INFO: Run Behavior\ParseTemplateBehavior [ RunTime:1.098031s ]
INFO: [ view_parse ] --END-- [ RunTime:1.098116s ]
INFO: [ view_filter ] --START--
INFO: Run Behavior\WriteHtmlCacheBehavior [ RunTime:0.000132s ]
INFO: [ view_filter ] --END-- [ RunTime:0.000150s ]
INFO: [ app_end ] --START--
INFO: Run Behavior\ShowPageTraceBehavior [ RunTime:0.072487s ]
INFO: [ app_end ] --END-- [ RunTime:0.072561s ]

