[ 2017-12-28T02:06:00+08:00 ] 192.168.35.209 /shop2/
INFO: [ app_init ] --START--
INFO: Run Behavior\BuildLiteBehavior [ RunTime:0.000016s ]
INFO: [ app_init ] --END-- [ RunTime:0.009137s ]
INFO: [ app_begin ] --START--
INFO: Run Behavior\ReadHtmlCacheBehavior [ RunTime:0.000491s ]
INFO: [ app_begin ] --END-- [ RunTime:0.000541s ]
SQL: SHOW COLUMNS FROM `think_user_detail` [ RunTime:0.0964s ]
SQL: SELECT `pic`,`uid`,`name` FROM `think_user_detail` WHERE ( uid=2 ) LIMIT 1   [ RunTime:0.0003s ]
SQL: SHOW COLUMNS FROM `think_user` [ RunTime:0.0005s ]
SQL: SELECT `account` FROM `think_user` WHERE ( id=2 ) LIMIT 1   [ RunTime:0.0001s ]
SQL: SHOW COLUMNS FROM `think_photos` [ RunTime:0.0006s ]
SQL: SELECT `pic`,`link` FROM `think_photos` WHERE `role` = 2 AND `status` = 1 LIMIT 1   [ RunTime:0.0002s ]
SQL: SELECT `pic`,`link` FROM `think_photos` WHERE `role` = 1 AND `status` = 1 LIMIT 4   [ RunTime:0.0052s ]
SQL: SHOW COLUMNS FROM `think_goods_types` [ RunTime:0.0006s ]
SQL: SELECT `id`,`name` FROM `think_goods_types` WHERE ( pid=0 )  [ RunTime:0.0002s ]
SQL: SELECT `pid`,`id`,`name` FROM `think_goods_types` WHERE `pid` IN (1,2,3)  [ RunTime:0.0003s ]
SQL: SHOW COLUMNS FROM `think_systems` [ RunTime:0.0003s ]
SQL: SELECT * FROM `think_systems` LIMIT 1   [ RunTime:0.0001s ]
SQL: SHOW COLUMNS FROM `think_goods` [ RunTime:0.0004s ]
SQL: SELECT `id`,`name`,`price`,`pic`,`saletime` FROM `think_goods` WHERE ( status= 4 )  [ RunTime:0.0002s ]
INFO: [ view_parse ] --START--
INFO: [ template_filter ] --START--
INFO: Run Behavior\ContentReplaceBehavior [ RunTime:0.000237s ]
INFO: [ template_filter ] --END-- [ RunTime:0.000279s ]
NOTIC: [8] Undefined variable: logout /usr/local/apache2/htdocs/shop2/Application/Runtime/Cache/Home/2a94b8bda04ff446dcedd42276fc99ee.php 第 341 行.
NOTIC: [8] Undefined variable: logout /usr/local/apache2/htdocs/shop2/Application/Runtime/Cache/Home/2a94b8bda04ff446dcedd42276fc99ee.php 第 356 行.
NOTIC: [8] Undefined variable: logout /usr/local/apache2/htdocs/shop2/Application/Runtime/Cache/Home/2a94b8bda04ff446dcedd42276fc99ee.php 第 364 行.
NOTIC: [8] Undefined variable: keyword /usr/local/apache2/htdocs/shop2/Application/Runtime/Cache/Home/2a94b8bda04ff446dcedd42276fc99ee.php 第 446 行.
SQL: SHOW COLUMNS FROM `think_link` [ RunTime:0.0009s ]
SQL: SELECT * FROM `think_link` WHERE ( status=1 ) LIMIT 3   [ RunTime:0.0005s ]
INFO: Run Behavior\ParseTemplateBehavior [ RunTime:0.397900s ]
INFO: [ view_parse ] --END-- [ RunTime:0.397953s ]
INFO: [ view_filter ] --START--
INFO: Run Behavior\WriteHtmlCacheBehavior [ RunTime:0.000696s ]
INFO: [ view_filter ] --END-- [ RunTime:0.000853s ]
INFO: [ app_end ] --START--
INFO: Run Behavior\ShowPageTraceBehavior [ RunTime:0.000671s ]
INFO: [ app_end ] --END-- [ RunTime:0.000741s ]

